#
# There is insufficient memory for the Java Runtime Environment to continue.
# Native memory allocation (malloc) failed to allocate 810896 bytes for Chunk::new
# Possible reasons:
#   The system is out of physical RAM or swap space
#   In 32 bit mode, the process size limit was hit
# Possible solutions:
#   Reduce memory load on the system
#   Increase physical memory or swap space
#   Check if swap backing store is full
#   Use 64 bit Java on a 64 bit OS
#   Decrease Java heap size (-Xmx/-Xms)
#   Decrease number of Java threads
#   Decrease Java thread stack sizes (-Xss)
#   Set larger code cache with -XX:ReservedCodeCacheSize=
# This output file may be truncated or incomplete.
#
#  Out of Memory Error (allocation.cpp:390), pid=4764, tid=7056
#
# JRE version: Java(TM) SE Runtime Environment (8.0_65-b17) (build 1.8.0_65-b17)
# Java VM: Java HotSpot(TM) 64-Bit Server VM (25.65-b01 mixed mode windows-amd64 compressed oops)
# Failed to write core dump. Minidumps are not enabled by default on client versions of Windows
#

---------------  T H R E A D  ---------------

Current thread (0x00000000085ed800):  JavaThread "C2 CompilerThread1" daemon [_thread_in_native, id=7056, stack(0x0000000008cc0000,0x0000000008dc0000)]

Stack: [0x0000000008cc0000,0x0000000008dc0000]
[error occurred during error reporting (printing stack bounds), id 0xc0000005]

Native frames: (J=compiled Java code, j=interpreted, Vv=VM code, C=native code)


Current CompileTask:
C2:   1540 1242       4       com.android.dx.ssa.SCCP::simulateStmt (481 bytes)


---------------  P R O C E S S  ---------------

Java Threads: ( => current thread )
  0x00000000088eb000 JavaThread "pool-1-thread-4" [_thread_blocked, id=7376, stack(0x0000000009dc0000,0x0000000009ec0000)]
  0x00000000088ea800 JavaThread "pool-1-thread-3" [_thread_blocked, id=13440, stack(0x0000000009cc0000,0x0000000009dc0000)]
  0x00000000088e6000 JavaThread "pool-1-thread-2" [_thread_blocked, id=14028, stack(0x0000000009bc0000,0x0000000009cc0000)]
  0x000000000895e800 JavaThread "pool-2-thread-1" [_thread_blocked, id=4424, stack(0x0000000009ac0000,0x0000000009bc0000)]
  0x000000000895d800 JavaThread "pool-1-thread-1" [_thread_in_Java, id=4408, stack(0x00000000099c0000,0x0000000009ac0000)]
  0x0000000008656800 JavaThread "Service Thread" daemon [_thread_blocked, id=11040, stack(0x0000000008fc0000,0x00000000090c0000)]
  0x000000000862f000 JavaThread "C1 CompilerThread3" daemon [_thread_blocked, id=4236, stack(0x0000000008ec0000,0x0000000008fc0000)]
  0x00000000085f4000 JavaThread "C2 CompilerThread2" daemon [_thread_in_native, id=12140, stack(0x0000000008dc0000,0x0000000008ec0000)]
=>0x00000000085ed800 JavaThread "C2 CompilerThread1" daemon [_thread_in_native, id=7056, stack(0x0000000008cc0000,0x0000000008dc0000)]
  0x00000000085ea800 JavaThread "C2 CompilerThread0" daemon [_thread_blocked, id=10020, stack(0x0000000008bc0000,0x0000000008cc0000)]
  0x00000000085e7800 JavaThread "Attach Listener" daemon [_thread_blocked, id=8144, stack(0x0000000008ac0000,0x0000000008bc0000)]
  0x00000000085e6800 JavaThread "Signal Dispatcher" daemon [_thread_blocked, id=2128, stack(0x00000000089c0000,0x0000000008ac0000)]
  0x00000000029d9000 JavaThread "Finalizer" daemon [_thread_blocked, id=13728, stack(0x00000000083d0000,0x00000000084d0000)]
  0x00000000064fd000 JavaThread "Reference Handler" daemon [_thread_blocked, id=8588, stack(0x00000000082d0000,0x00000000083d0000)]
  0x00000000027dd800 JavaThread "main" [_thread_in_Java, id=13984, stack(0x00000000027e0000,0x00000000028e0000)]

Other Threads:
  0x00000000064f8800 VMThread [stack: 0x00000000081d0000,0x00000000082d0000] [id=6360]
  0x00000000086ad000 WatcherThread [stack: 0x00000000090c0000,0x00000000091c0000] [id=11848]

VM state:not at safepoint (normal execution)

VM Mutex/Monitor currently owned by a thread: None

Heap:
 PSYoungGen      total 38400K, used 8236K [0x00000000eab00000, 0x00000000ef600000, 0x0000000100000000)
  eden space 33280K, 9% used [0x00000000eab00000,0x00000000eae13130,0x00000000ecb80000)
  from space 5120K, 99% used [0x00000000ecb80000,0x00000000ed0781d8,0x00000000ed080000)
  to   space 5120K, 0% used [0x00000000ef100000,0x00000000ef100000,0x00000000ef600000)
 ParOldGen       total 87552K, used 1341K [0x00000000c0000000, 0x00000000c5580000, 0x00000000eab00000)
  object space 87552K, 1% used [0x00000000c0000000,0x00000000c014f608,0x00000000c5580000)
 Metaspace       used 6008K, capacity 6896K, committed 7040K, reserved 1056768K
  class space    used 599K, capacity 616K, committed 640K, reserved 1048576K

Card table byte_map: [0x0000000002da0000,0x0000000002fb0000] byte_map_base: 0x00000000027a0000

Marking Bits: (ParMarkBitMap*) 0x00000000686ca5b0
 Begin Bits: [0x0000000003910000, 0x0000000004910000)
 End Bits:   [0x0000000004910000, 0x0000000005910000)

Polling page: 0x0000000000fa0000

CodeCache: size=245760Kb used=4912Kb max_used=4912Kb free=240847Kb
 bounds [0x000000000f010000, 0x000000000f4e0000, 0x000000001e010000]
 total_blobs=1509 nmethods=1240 adapters=182
 compilation: enabled

Compilation events (10 events):
Event: 1.470 Thread 0x000000000862f000 nmethod 1253 0x000000000f4d1ad0 code [0x000000000f4d1c80, 0x000000000f4d2298]
Event: 1.470 Thread 0x000000000862f000 1254       3       com.android.dx.dex.file.AnnotationItem::addContents (27 bytes)
Event: 1.471 Thread 0x000000000862f000 nmethod 1254 0x000000000f4d7cd0 code [0x000000000f4d7e40, 0x000000000f4d81f8]
Event: 1.471 Thread 0x000000000862f000 1255       3       com.android.dx.rop.annotation.Annotation::getNameValuePairs (11 bytes)
Event: 1.471 Thread 0x000000000862f000 nmethod 1255 0x000000000f4d8310 code [0x000000000f4d84c0, 0x000000000f4d8b08]
Event: 1.472 Thread 0x000000000862f000 1256       3       com.android.dx.dex.file.AnnotationUtils::makeSignature (251 bytes)
Event: 1.475 Thread 0x000000000862f000 nmethod 1256 0x000000000f4d8e50 code [0x000000000f4d92a0, 0x000000000f4dbd08]
Event: 1.476 Thread 0x00000000085f4000 1257       4       com.android.dx.ssa.SCCP::simulateBranch (666 bytes)
Event: 1.511 Thread 0x000000000862f000 1258       3       com.android.dx.rop.code.DexTranslationAdvice::hasConstantOperation (163 bytes)
Event: 1.512 Thread 0x000000000862f000 nmethod 1258 0x000000000f4ddbd0 code [0x000000000f4dde20, 0x000000000f4df6b8]

GC Heap History (2 events):
Event: 1.219 GC heap before
{Heap before GC invocations=1 (full 0):
 PSYoungGen      total 38400K, used 33280K [0x00000000eab00000, 0x00000000ed580000, 0x0000000100000000)
  eden space 33280K, 100% used [0x00000000eab00000,0x00000000ecb80000,0x00000000ecb80000)
  from space 5120K, 0% used [0x00000000ed080000,0x00000000ed080000,0x00000000ed580000)
  to   space 5120K, 0% used [0x00000000ecb80000,0x00000000ecb80000,0x00000000ed080000)
 ParOldGen       total 87552K, used 0K [0x00000000c0000000, 0x00000000c5580000, 0x00000000eab00000)
  object space 87552K, 0% used [0x00000000c0000000,0x00000000c0000000,0x00000000c5580000)
 Metaspace       used 5972K, capacity 6896K, committed 7040K, reserved 1056768K
  class space    used 598K, capacity 616K, committed 640K, reserved 1048576K
Event: 1.388 GC heap after
Heap after GC invocations=1 (full 0):
 PSYoungGen      total 38400K, used 5088K [0x00000000eab00000, 0x00000000ef600000, 0x0000000100000000)
  eden space 33280K, 0% used [0x00000000eab00000,0x00000000eab00000,0x00000000ecb80000)
  from space 5120K, 99% used [0x00000000ecb80000,0x00000000ed0781d8,0x00000000ed080000)
  to   space 5120K, 0% used [0x00000000ef100000,0x00000000ef100000,0x00000000ef600000)
 ParOldGen       total 87552K, used 1341K [0x00000000c0000000, 0x00000000c5580000, 0x00000000eab00000)
  object space 87552K, 1% used [0x00000000c0000000,0x00000000c014f608,0x00000000c5580000)
 Metaspace       used 5972K, capacity 6896K, committed 7040K, reserved 1056768K
  class space    used 598K, capacity 616K, committed 640K, reserved 1048576K
}

Deoptimization events (6 events):
Event: 0.564 Thread 0x00000000027dd800 Uncommon trap: reason=unstable_if action=reinterpret pc=0x000000000f26d570 method=java.util.BitSet.nextSetBit(I)I @ 87
Event: 0.577 Thread 0x00000000088eb000 Uncommon trap: reason=unstable_if action=reinterpret pc=0x000000000f231540 method=java.util.HashMap.getNode(ILjava/lang/Object;)Ljava/util/HashMap$Node; @ 62
Event: 0.578 Thread 0x00000000088eb000 Uncommon trap: reason=unstable_if action=reinterpret pc=0x000000000f2718f4 method=java.util.BitSet.ensureCapacity(I)V @ 6
Event: 0.582 Thread 0x00000000088ea800 Uncommon trap: reason=unstable_if action=reinterpret pc=0x000000000f27159c method=com.android.dx.rop.cst.Constant.compareTo(Lcom/android/dx/rop/cst/Constant;)I @ 12
Event: 0.979 Thread 0x00000000027dd800 Uncommon trap: reason=null_check action=make_not_entrant pc=0x000000000f379910 method=com.android.dx.ssa.SsaRenamer.getLocalForNewReg(I)Lcom/android/dx/rop/code/LocalItem; @ 19
Event: 0.979 Thread 0x00000000027dd800 Uncommon trap: reason=null_check action=make_not_entrant pc=0x000000000f2de2f0 method=com.android.dx.ssa.SsaRenamer.getLocalForNewReg(I)Lcom/android/dx/rop/code/LocalItem; @ 19

Internal exceptions (4 events):
Event: 0.049 Thread 0x00000000027dd800 Exception <a 'java/lang/NoSuchMethodError': Method sun.misc.Unsafe.defineClass(Ljava/lang/String;[BII)Ljava/lang/Class; name or signature does not match> (0x00000000eab12e90) thrown at [C:\workspace\8-2-build-windows-amd64-cygwin\jdk8u65\4987\hotspot\src\s#¡eg\©?
Event: 0.049 Thread 0x00000000027dd800 Exception <a 'java/lang/NoSuchMethodError': Method sun.misc.Unsafe.prefetchRead(Ljava/lang/Object;J)V name or signature does not match> (0x00000000eab13178) thrown at [C:\workspace\8-2-build-windows-amd64-cygwin\jdk8u65\4987\hotspot\src\share\vm\prims\jni.LNó›6Vï?
Event: 0.979 Thread 0x00000000027dd800 Implicit null exception at 0x000000000f377b75 to 0x000000000f3798d5
Event: 0.979 Thread 0x00000000027dd800 Implicit null exception at 0x000000000f2dc30a to 0x000000000f2de2d1

Events (10 events):
Event: 0.979 Thread 0x00000000027dd800 Uncommon trap: trap_request=0xfffffff4 fr.pc=0x000000000f379910
Event: 0.979 Thread 0x00000000027dd800 DEOPT PACKING pc=0x000000000f379910 sp=0x00000000028de4a0
Event: 0.979 Thread 0x00000000027dd800 DEOPT UNPACKING pc=0x000000000f05582a sp=0x00000000028de308 mode 2
Event: 0.979 Thread 0x00000000027dd800 Uncommon trap: trap_request=0xfffffff4 fr.pc=0x000000000f2de2f0
Event: 0.979 Thread 0x00000000027dd800 DEOPT PACKING pc=0x000000000f2de2f0 sp=0x00000000028de440
Event: 0.979 Thread 0x00000000027dd800 DEOPT UNPACKING pc=0x000000000f05582a sp=0x00000000028de2f8 mode 2
Event: 1.175 Executing VM operation: ParallelGCFailedAllocation
Event: 1.388 Executing VM operation: ParallelGCFailedAllocation done
Event: 1.448 loading class java/util/DualPivotQuicksort
Event: 1.448 loading class java/util/DualPivotQuicksort done


Dynamic libraries:
0x00007ff6f00c0000 - 0x00007ff6f00f7000 	D:\Program Files\Java\jdk1.8.0_65\bin\java.exe
0x00007ffa66390000 - 0x00007ffa66551000 	C:\WINDOWS\SYSTEM32\ntdll.dll
0x00007ffa63aa0000 - 0x00007ffa63b4d000 	C:\WINDOWS\system32\KERNEL32.DLL
0x00007ffa63860000 - 0x00007ffa63a3d000 	C:\WINDOWS\system32\KERNELBASE.dll
0x00007ffa662e0000 - 0x00007ffa66386000 	C:\WINDOWS\system32\ADVAPI32.dll
0x00007ffa64030000 - 0x00007ffa640cd000 	C:\WINDOWS\system32\msvcrt.dll
0x00007ffa640d0000 - 0x00007ffa6412b000 	C:\WINDOWS\system32\sechost.dll
0x00007ffa65ac0000 - 0x00007ffa65be6000 	C:\WINDOWS\system32\RPCRT4.dll
0x00007ffa64420000 - 0x00007ffa6456e000 	C:\WINDOWS\system32\USER32.dll
0x00007ffa63d20000 - 0x00007ffa63ea6000 	C:\WINDOWS\system32\GDI32.dll
0x00007ffa5d740000 - 0x00007ffa5d9b4000 	C:\WINDOWS\WinSxS\amd64_microsoft.windows.common-controls_6595b64144ccf1df_6.0.10240.16384_none_f41f7b285750ef43\COMCTL32.dll
0x00007ffa662a0000 - 0x00007ffa662d6000 	C:\WINDOWS\system32\IMM32.DLL
0x00007ffa63ed0000 - 0x00007ffa6402c000 	C:\WINDOWS\system32\MSCTF.dll
0x00007ffa627e0000 - 0x00007ffa62811000 	C:\Windows\system32\nvinitx.dll
0x00007ffa62380000 - 0x00007ffa6238a000 	C:\WINDOWS\SYSTEM32\VERSION.dll
0x000000000f000000 - 0x000000000f006000 	C:\Program Files\NVIDIA Corporation\CoProcManager\_etoured.dll
0x00007ffa61490000 - 0x00007ffa614c2000 	C:\Program Files\NVIDIA Corporation\CoProcManager\nvd3d9wrapx.dll
0x00007ffa63b50000 - 0x00007ffa63d15000 	C:\WINDOWS\system32\SETUPAPI.dll
0x00007ffa630c0000 - 0x00007ffa63104000 	C:\WINDOWS\system32\CFGMGR32.dll
0x00007ffa60ca0000 - 0x00007ffa60cc2000 	C:\Program Files\NVIDIA Corporation\CoProcManager\nvdxgiwrapx.dll
0x0000000068750000 - 0x0000000068822000 	D:\Program Files\Java\jdk1.8.0_65\jre\bin\msvcr100.dll
0x0000000067ec0000 - 0x0000000068749000 	D:\Program Files\Java\jdk1.8.0_65\jre\bin\server\jvm.dll
0x00007ffa65ab0000 - 0x00007ffa65ab8000 	C:\WINDOWS\system32\PSAPI.DLL
0x00007ffa57850000 - 0x00007ffa57859000 	C:\WINDOWS\SYSTEM32\WSOCK32.dll
0x00007ffa643b0000 - 0x00007ffa64419000 	C:\WINDOWS\system32\WS2_32.dll
0x00007ffa64570000 - 0x00007ffa64578000 	C:\WINDOWS\system32\NSI.dll
0x00007ffa60a00000 - 0x00007ffa60a23000 	C:\WINDOWS\SYSTEM32\WINMM.dll
0x00007ffa60880000 - 0x00007ffa608ac000 	C:\WINDOWS\SYSTEM32\WINMMBASE.dll
0x00007ffa61620000 - 0x00007ffa61647000 	C:\WINDOWS\SYSTEM32\DEVOBJ.dll
0x00000000695a0000 - 0x00000000695af000 	D:\Program Files\Java\jdk1.8.0_65\jre\bin\verify.dll
0x0000000067e90000 - 0x0000000067eb9000 	D:\Program Files\Java\jdk1.8.0_65\jre\bin\java.dll
0x0000000067e70000 - 0x0000000067e86000 	D:\Program Files\Java\jdk1.8.0_65\jre\bin\zip.dll
0x00007ffa64580000 - 0x00007ffa65aa2000 	C:\WINDOWS\system32\SHELL32.dll
0x00007ffa63110000 - 0x00007ffa63738000 	C:\WINDOWS\system32\windows.storage.dll
0x00007ffa66020000 - 0x00007ffa6629c000 	C:\WINDOWS\system32\combase.dll
0x00007ffa641a0000 - 0x00007ffa641f1000 	C:\WINDOWS\system32\shlwapi.dll
0x00007ffa62de0000 - 0x00007ffa62def000 	C:\WINDOWS\system32\kernel.appcore.dll
0x00007ffa63740000 - 0x00007ffa637f3000 	C:\WINDOWS\system32\shcore.dll
0x00007ffa62df0000 - 0x00007ffa62e3a000 	C:\WINDOWS\system32\powrprof.dll
0x00007ffa62da0000 - 0x00007ffa62db3000 	C:\WINDOWS\system32\profapi.dll

VM Arguments:
jvm_args: -Xmx1024M -Dfile.encoding=windows-1251 -Duser.country=RU -Duser.language=ru -Duser.variant 
java_command: com.android.dx.command.Main --dex --num-threads=4 --output D:\AndroidStudioProjects\WeatherApp\app\build\intermediates\pre-dexed\debug\glide-3.6.1-21d55a60c2fa8cd616969234beb092a52259524e.jar C:\Users\user\.gradle\caches\modules-2\files-2.1\com.github.bumptech.glide\glide\3.6.1\86b122e640af09b0723e1fa44083c354ba6d9089\glide-3.6.1.jar
java_class_path (initial): D:\Android\sdk\build-tools\23.0.2\lib\dx.jar
Launcher Type: SUN_STANDARD

Environment Variables:
JAVA_HOME=D:\Program Files\Java\jdk1.8.0_66
PATH=D:\watcom-1.3\binnt;D:\watcom-1.3\binw;C:\ProgramData\Oracle\Java\javapath;C:\Program Files (x86)\HP SimplePass\;C:\Program Files (x86)\Intel\iCLS Client\;C:\Program Files\Intel\iCLS Client\;C:\Windows\system32;C:\Windows;C:\Windows\System32\Wbem;C:\Windows\System32\WindowsPowerShell\v1.0\;C:\Program Files\Intel\Intel(R) Management Engine Components\DAL;C:\Program Files\Intel\Intel(R) Management Engine Components\IPT;C:\Program Files (x86)\Intel\Intel(R) Management Engine Components\DAL;C:\Program Files (x86)\Intel\Intel(R) Management Engine Components\IPT;C:\Program Files (x86)\Intel\OpenCL SDK\2.0\bin\x86;C:\Program Files (x86)\Intel\OpenCL SDK\2.0\bin\x64;C:\Program Files\Intel\WiFi\bin\;C:\Program Files\Common Files\Intel\WirelessCommon\;C:\Program Files (x86)\Microsoft SQL Server\100\Tools\Binn\;C:\Program Files\Microsoft SQL Server\100\Tools\Binn\;C:\Program Files\Microsoft SQL Server\100\DTS\Binn\;D:\Program Files (x86)\MiKTeX 2.9\miktex\bin\;D:\Program Files\MATLAB\R2008b\bin;D:\Program Files\MATLAB\R2008b\bin\win64;C:\Program Files (x86)\Common Files\Ulead Systems\MPEG;C:\WINDOWS\system32;C:\WINDOWS;C:\WINDOWS\System32\Wbem;C:\WINDOWS\System32\WindowsPowerShell\v1.0\;C:\Program Files (x86)\Skype\Phone\;C:\Program Files (x86)\Windows Live\Shared;C:\Program Files\Intel\WiFi\bin\;C:\Program Files\Common Files\Intel\WirelessCommon\;D:\Android\sdk\platform-tools;D:\Android\sdk\tools
USERNAME=user
OS=Windows_NT
PROCESSOR_IDENTIFIER=Intel64 Family 6 Model 58 Stepping 9, GenuineIntel



---------------  S Y S T E M  ---------------

OS: Windows 10.0 , 64 bit Build 10240 (10.0.10240.16384)

CPU:total 8 (4 cores per cpu, 2 threads per core) family 6 model 58 stepping 9, cmov, cx8, fxsr, mmx, sse, sse2, sse3, ssse3, sse4.1, sse4.2, popcnt, avx, aes, clmul, erms, ht, tsc, tscinvbit, tscinv

Memory: 4k page, physical 8281400k(2235376k free), swap 12475704k(5820k free)

vm_info: Java HotSpot(TM) 64-Bit Server VM (25.65-b01) for windows-amd64 JRE (1.8.0_65-b17), built on Oct  6 2015 16:39:20 by "java_re" with MS VC++ 10.0 (VS2010)

time: Wed Nov 18 22:46:22 2015
elapsed time: 1 seconds (0d 0h 0m 1s)

