#
# There is insufficient memory for the Java Runtime Environment to continue.
# Native memory allocation (malloc) failed to allocate 166336 bytes for Chunk::new
# Possible reasons:
#   The system is out of physical RAM or swap space
#   In 32 bit mode, the process size limit was hit
# Possible solutions:
#   Reduce memory load on the system
#   Increase physical memory or swap space
#   Check if swap backing store is full
#   Use 64 bit Java on a 64 bit OS
#   Decrease Java heap size (-Xmx/-Xms)
#   Decrease number of Java threads
#   Decrease Java thread stack sizes (-Xss)
#   Set larger code cache with -XX:ReservedCodeCacheSize=
# This output file may be truncated or incomplete.
#
#  Out of Memory Error (allocation.cpp:390), pid=4636, tid=13208
#
# JRE version: Java(TM) SE Runtime Environment (8.0_65-b17) (build 1.8.0_65-b17)
# Java VM: Java HotSpot(TM) 64-Bit Server VM (25.65-b01 mixed mode windows-amd64 compressed oops)
# Failed to write core dump. Minidumps are not enabled by default on client versions of Windows
#

---------------  T H R E A D  ---------------

Current thread (0x0000000007bda800):  JavaThread "C2 CompilerThread0" daemon [_thread_in_native, id=13208, stack(0x00000000081b0000,0x00000000082b0000)]

Stack: [0x00000000081b0000,0x00000000082b0000]
[error occurred during error reporting (printing stack bounds), id 0xc0000005]

Native frames: (J=compiled Java code, j=interpreted, Vv=VM code, C=native code)


Current CompileTask:
C2:   8241 1839       4       com.android.dx.ssa.back.FirstFitLocalCombiningAllocator::addMapping (76 bytes)


---------------  P R O C E S S  ---------------

Java Threads: ( => current thread )
  0x0000000007f9b000 JavaThread "pool-1-thread-4" [_thread_blocked, id=11888, stack(0x00000000093b0000,0x00000000094b0000)]
  0x0000000007e83800 JavaThread "pool-1-thread-3" [_thread_blocked, id=5108, stack(0x00000000092b0000,0x00000000093b0000)]
  0x0000000007e83000 JavaThread "pool-1-thread-2" [_thread_blocked, id=11200, stack(0x00000000091b0000,0x00000000092b0000)]
  0x0000000007e8b000 JavaThread "pool-2-thread-1" [_thread_blocked, id=2516, stack(0x00000000090b0000,0x00000000091b0000)]
  0x0000000007e8a800 JavaThread "pool-1-thread-1" [_thread_blocked, id=9364, stack(0x0000000008fb0000,0x00000000090b0000)]
  0x0000000007c4f000 JavaThread "Service Thread" daemon [_thread_blocked, id=8108, stack(0x00000000085b0000,0x00000000086b0000)]
  0x0000000007be7000 JavaThread "C1 CompilerThread3" daemon [_thread_blocked, id=4532, stack(0x00000000084b0000,0x00000000085b0000)]
  0x0000000007be3800 JavaThread "C2 CompilerThread2" daemon [_thread_in_native, id=10876, stack(0x00000000083b0000,0x00000000084b0000)]
  0x0000000007be1800 JavaThread "C2 CompilerThread1" daemon [_thread_in_native, id=5244, stack(0x00000000082b0000,0x00000000083b0000)]
=>0x0000000007bda800 JavaThread "C2 CompilerThread0" daemon [_thread_in_native, id=13208, stack(0x00000000081b0000,0x00000000082b0000)]
  0x0000000007bd7800 JavaThread "Attach Listener" daemon [_thread_blocked, id=1840, stack(0x00000000080b0000,0x00000000081b0000)]
  0x0000000005aee800 JavaThread "Signal Dispatcher" daemon [_thread_blocked, id=11448, stack(0x0000000007fb0000,0x00000000080b0000)]
  0x0000000001f5a000 JavaThread "Finalizer" daemon [_thread_blocked, id=9840, stack(0x00000000079c0000,0x0000000007ac0000)]
  0x0000000005add800 JavaThread "Reference Handler" daemon [_thread_blocked, id=3544, stack(0x00000000078c0000,0x00000000079c0000)]
  0x0000000001fbd800 JavaThread "main" [_thread_blocked, id=14112, stack(0x0000000001d30000,0x0000000001e30000)]

Other Threads:
  0x0000000005ad9000 VMThread [stack: 0x00000000077c0000,0x00000000078c0000] [id=11120]
  0x0000000007c8d000 WatcherThread [stack: 0x00000000086b0000,0x00000000087b0000] [id=3340]

VM state:not at safepoint (normal execution)

VM Mutex/Monitor currently owned by a thread: None

Heap:
 PSYoungGen      total 71680K, used 23125K [0x00000000eab00000, 0x00000000ef600000, 0x0000000100000000)
  eden space 66560K, 27% used [0x00000000eab00000,0x00000000ebc9d7b8,0x00000000eec00000)
  from space 5120K, 99% used [0x00000000ef100000,0x00000000ef5f8028,0x00000000ef600000)
  to   space 5120K, 0% used [0x00000000eec00000,0x00000000eec00000,0x00000000ef100000)
 ParOldGen       total 87552K, used 4390K [0x00000000c0000000, 0x00000000c5580000, 0x00000000eab00000)
  object space 87552K, 5% used [0x00000000c0000000,0x00000000c04499a8,0x00000000c5580000)
 Metaspace       used 6283K, capacity 7152K, committed 7296K, reserved 1056768K
  class space    used 601K, capacity 616K, committed 640K, reserved 1048576K

Card table byte_map: [0x0000000002380000,0x0000000002590000] byte_map_base: 0x0000000001d80000

Marking Bits: (ParMarkBitMap*) 0x00000000686ca5b0
 Begin Bits: [0x0000000002ef0000, 0x0000000003ef0000)
 End Bits:   [0x0000000003ef0000, 0x0000000004ef0000)

Polling page: 0x0000000001e40000

CodeCache: size=245760Kb used=7854Kb max_used=7866Kb free=237905Kb
 bounds [0x000000000f010000, 0x000000000f7d0000, 0x000000001e010000]
 total_blobs=2104 nmethods=1834 adapters=182
 compilation: enabled

Compilation events (10 events):
Event: 8.183 Thread 0x0000000007be7000 1851       3       com.android.dx.rop.code.Rops::pickIf (154 bytes)
Event: 8.184 Thread 0x0000000007be7000 nmethod 1851 0x000000000f7b2010 code [0x000000000f7b22a0, 0x000000000f7b3418]
Event: 8.201 Thread 0x0000000007be7000 1852       3       com.android.dx.rop.type.Type::asUninitialized (140 bytes)
Event: 8.202 Thread 0x0000000007be7000 nmethod 1852 0x000000000f7b6150 code [0x000000000f7b64a0, 0x000000000f7b80d8]
Event: 8.204 Thread 0x0000000007be7000 1853       1       com.android.dx.rop.cst.CstKnownNull::getType (4 bytes)
Event: 8.204 Thread 0x0000000007be7000 nmethod 1853 0x000000000f7b1d50 code [0x000000000f7b1ea0, 0x000000000f7b1fb0]
Event: 8.205 Thread 0x0000000007be7000 1854       3       com.android.dx.rop.code.Rops::opIfEq (17 bytes)
Event: 8.205 Thread 0x0000000007be7000 nmethod 1854 0x000000000f7b19d0 code [0x000000000f7b1b40, 0x000000000f7b1cc8]
Event: 8.206 Thread 0x0000000007be7000 1855       3       java.util.concurrent.ThreadPoolExecutor::execute (132 bytes)
Event: 8.207 Thread 0x0000000007be7000 nmethod 1855 0x000000000f7b0350 code [0x000000000f7b05a0, 0x000000000f7b1508]

GC Heap History (4 events):
Event: 1.248 GC heap before
{Heap before GC invocations=1 (full 0):
 PSYoungGen      total 38400K, used 33280K [0x00000000eab00000, 0x00000000ed580000, 0x0000000100000000)
  eden space 33280K, 100% used [0x00000000eab00000,0x00000000ecb80000,0x00000000ecb80000)
  from space 5120K, 0% used [0x00000000ed080000,0x00000000ed080000,0x00000000ed580000)
  to   space 5120K, 0% used [0x00000000ecb80000,0x00000000ecb80000,0x00000000ed080000)
 ParOldGen       total 87552K, used 0K [0x00000000c0000000, 0x00000000c5580000, 0x00000000eab00000)
  object space 87552K, 0% used [0x00000000c0000000,0x00000000c0000000,0x00000000c5580000)
 Metaspace       used 5842K, capacity 6768K, committed 7040K, reserved 1056768K
  class space    used 595K, capacity 616K, committed 640K, reserved 1048576K
Event: 1.808 GC heap after
Heap after GC invocations=1 (full 0):
 PSYoungGen      total 38400K, used 5102K [0x00000000eab00000, 0x00000000ef600000, 0x0000000100000000)
  eden space 33280K, 0% used [0x00000000eab00000,0x00000000eab00000,0x00000000ecb80000)
  from space 5120K, 99% used [0x00000000ecb80000,0x00000000ed07b9d8,0x00000000ed080000)
  to   space 5120K, 0% used [0x00000000ef100000,0x00000000ef100000,0x00000000ef600000)
 ParOldGen       total 87552K, used 710K [0x00000000c0000000, 0x00000000c5580000, 0x00000000eab00000)
  object space 87552K, 0% used [0x00000000c0000000,0x00000000c00b1b00,0x00000000c5580000)
 Metaspace       used 5842K, capacity 6768K, committed 7040K, reserved 1056768K
  class space    used 595K, capacity 616K, committed 640K, reserved 1048576K
}
Event: 6.411 GC heap before
{Heap before GC invocations=2 (full 0):
 PSYoungGen      total 38400K, used 38382K [0x00000000eab00000, 0x00000000ef600000, 0x0000000100000000)
  eden space 33280K, 100% used [0x00000000eab00000,0x00000000ecb80000,0x00000000ecb80000)
  from space 5120K, 99% used [0x00000000ecb80000,0x00000000ed07b9d8,0x00000000ed080000)
  to   space 5120K, 0% used [0x00000000ef100000,0x00000000ef100000,0x00000000ef600000)
 ParOldGen       total 87552K, used 710K [0x00000000c0000000, 0x00000000c5580000, 0x00000000eab00000)
  object space 87552K, 0% used [0x00000000c0000000,0x00000000c00b1b00,0x00000000c5580000)
 Metaspace       used 6247K, capacity 7088K, committed 7296K, reserved 1056768K
  class space    used 600K, capacity 616K, committed 640K, reserved 1048576K
Event: 6.704 GC heap after
Heap after GC invocations=2 (full 0):
 PSYoungGen      total 71680K, used 5088K [0x00000000eab00000, 0x00000000ef600000, 0x0000000100000000)
  eden space 66560K, 0% used [0x00000000eab00000,0x00000000eab00000,0x00000000eec00000)
  from space 5120K, 99% used [0x00000000ef100000,0x00000000ef5f8028,0x00000000ef600000)
  to   space 5120K, 0% used [0x00000000eec00000,0x00000000eec00000,0x00000000ef100000)
 ParOldGen       total 87552K, used 4390K [0x00000000c0000000, 0x00000000c5580000, 0x00000000eab00000)
  object space 87552K, 5% used [0x00000000c0000000,0x00000000c04499a8,0x00000000c5580000)
 Metaspace       used 6247K, capacity 7088K, committed 7296K, reserved 1056768K
  class space    used 600K, capacity 616K, committed 640K, reserved 1048576K
}

Deoptimization events (10 events):
Event: 6.709 Thread 0x0000000007e8a800 Uncommon trap: reason=null_assert action=make_not_entrant pc=0x000000000f6d1c28 method=com.android.dx.cf.code.RopperMachine.run(Lcom/android/dx/cf/code/Frame;II)V @ 1112
Event: 6.852 Thread 0x0000000001fbd800 Uncommon trap: reason=unstable_if action=reinterpret pc=0x000000000f52c2f8 method=com.android.dx.rop.cst.StdConstantPool.set(ILcom/android/dx/rop/cst/Constant;)V @ 12
Event: 7.224 Thread 0x0000000007f9b000 Uncommon trap: reason=bimorphic action=maybe_recompile pc=0x000000000f53432c method=com.android.dx.rop.code.RegisterSpec.withSimpleType()Lcom/android/dx/rop/code/RegisterSpec; @ 21
Event: 7.977 Thread 0x0000000007f9b000 Uncommon trap: reason=unstable_if action=reinterpret pc=0x000000000f7512a4 method=java.util.ArrayList.<init>(I)V @ 5
Event: 7.977 Thread 0x0000000007f9b000 Uncommon trap: reason=unstable_if action=reinterpret pc=0x000000000f6624b0 method=com.android.dx.rop.code.RegisterSpecSet.<init>(I)V @ 2
Event: 7.977 Thread 0x0000000007f9b000 Uncommon trap: reason=unstable_if action=reinterpret pc=0x000000000f30cce0 method=com.android.dx.rop.code.RegisterSpecSet.<init>(I)V @ 2
Event: 8.116 Thread 0x0000000007f9b000 Uncommon trap: reason=bimorphic action=maybe_recompile pc=0x000000000f76034c method=com.android.dx.cf.code.RopperMachine.run(Lcom/android/dx/cf/code/Frame;II)V @ 988
Event: 8.119 Thread 0x0000000007f9b000 Uncommon trap: reason=unstable_if action=reinterpret pc=0x000000000f5262a8 method=com.android.dx.ssa.SCCP.simulateBranch(Lcom/android/dx/ssa/SsaInsn;)V @ 64
Event: 8.124 Thread 0x0000000007f9b000 Uncommon trap: reason=unloaded action=reinterpret pc=0x000000000f5f88bc method=com.android.dx.ssa.LiteralOpUpgrader$1.visitNonMoveInsn(Lcom/android/dx/ssa/NormalSsaInsn;)V @ 72
Event: 8.125 Thread 0x0000000007f9b000 Uncommon trap: reason=unstable_if action=reinterpret pc=0x000000000f3bd41c method=com.android.dx.ssa.SsaMethod.updateOneDefinition(Lcom/android/dx/ssa/SsaInsn;Lcom/android/dx/rop/code/RegisterSpec;)V @ 4

Internal exceptions (2 events):
Event: 0.041 Thread 0x0000000001fbd800 Exception <a 'java/lang/NoSuchMethodError': Method sun.misc.Unsafe.defineClass(Ljava/lang/String;[BII)Ljava/lang/Class; name or signature does not match> (0x00000000eab13030) thrown at [C:\workspace\8-2-build-windows-amd64-cygwin\jdk8u65\4987\hotspot\src\s?û¤+:¥?
Event: 0.041 Thread 0x0000000001fbd800 Exception <a 'java/lang/NoSuchMethodError': Method sun.misc.Unsafe.prefetchRead(Ljava/lang/Object;J)V name or signature does not match> (0x00000000eab13318) thrown at [C:\workspace\8-2-build-windows-amd64-cygwin\jdk8u65\4987\hotspot\src\share\vm\prims\jni.

Events (10 events):
Event: 8.119 Thread 0x0000000007f9b000 DEOPT PACKING pc=0x000000000f5262a8 sp=0x00000000094aeb90
Event: 8.119 Thread 0x0000000007f9b000 DEOPT UNPACKING pc=0x000000000f05582a sp=0x00000000094aeb60 mode 2
Event: 8.124 Thread 0x0000000007f9b000 Uncommon trap: trap_request=0x0000004e fr.pc=0x000000000f5f88bc
Event: 8.124 loading class com/android/dx/rop/code/RegOps
Event: 8.124 loading class com/android/dx/rop/code/RegOps done
Event: 8.124 Thread 0x0000000007f9b000 DEOPT PACKING pc=0x000000000f5f88bc sp=0x00000000094aeda0
Event: 8.124 Thread 0x0000000007f9b000 DEOPT UNPACKING pc=0x000000000f05582a sp=0x00000000094aed38 mode 2
Event: 8.125 Thread 0x0000000007f9b000 Uncommon trap: trap_request=0xffffff65 fr.pc=0x000000000f3bd41c
Event: 8.125 Thread 0x0000000007f9b000 DEOPT PACKING pc=0x000000000f3bd41c sp=0x00000000094aebb0
Event: 8.125 Thread 0x0000000007f9b000 DEOPT UNPACKING pc=0x000000000f05582a sp=0x00000000094aeb58 mode 2


Dynamic libraries:
0x00007ff6f00c0000 - 0x00007ff6f00f7000 	D:\Program Files\Java\jdk1.8.0_65\bin\java.exe
0x00007ffa66390000 - 0x00007ffa66551000 	C:\WINDOWS\SYSTEM32\ntdll.dll
0x00007ffa63aa0000 - 0x00007ffa63b4d000 	C:\WINDOWS\system32\KERNEL32.DLL
0x00007ffa63860000 - 0x00007ffa63a3d000 	C:\WINDOWS\system32\KERNELBASE.dll
0x00007ffa662e0000 - 0x00007ffa66386000 	C:\WINDOWS\system32\ADVAPI32.dll
0x00007ffa64030000 - 0x00007ffa640cd000 	C:\WINDOWS\system32\msvcrt.dll
0x00007ffa640d0000 - 0x00007ffa6412b000 	C:\WINDOWS\system32\sechost.dll
0x00007ffa65ac0000 - 0x00007ffa65be6000 	C:\WINDOWS\system32\RPCRT4.dll
0x00007ffa64420000 - 0x00007ffa6456e000 	C:\WINDOWS\system32\USER32.dll
0x00007ffa63d20000 - 0x00007ffa63ea6000 	C:\WINDOWS\system32\GDI32.dll
0x00007ffa5d740000 - 0x00007ffa5d9b4000 	C:\WINDOWS\WinSxS\amd64_microsoft.windows.common-controls_6595b64144ccf1df_6.0.10240.16384_none_f41f7b285750ef43\COMCTL32.dll
0x00007ffa662a0000 - 0x00007ffa662d6000 	C:\WINDOWS\system32\IMM32.DLL
0x00007ffa63ed0000 - 0x00007ffa6402c000 	C:\WINDOWS\system32\MSCTF.dll
0x00007ffa627e0000 - 0x00007ffa62811000 	C:\Windows\system32\nvinitx.dll
0x00007ffa62380000 - 0x00007ffa6238a000 	C:\WINDOWS\SYSTEM32\VERSION.dll
0x000000000f000000 - 0x000000000f006000 	C:\Program Files\NVIDIA Corporation\CoProcManager\_etoured.dll
0x00007ffa61490000 - 0x00007ffa614c2000 	C:\Program Files\NVIDIA Corporation\CoProcManager\nvd3d9wrapx.dll
0x00007ffa63b50000 - 0x00007ffa63d15000 	C:\WINDOWS\system32\SETUPAPI.dll
0x00007ffa630c0000 - 0x00007ffa63104000 	C:\WINDOWS\system32\CFGMGR32.dll
0x00007ffa60ca0000 - 0x00007ffa60cc2000 	C:\Program Files\NVIDIA Corporation\CoProcManager\nvdxgiwrapx.dll
0x0000000068750000 - 0x0000000068822000 	D:\Program Files\Java\jdk1.8.0_65\jre\bin\msvcr100.dll
0x0000000067ec0000 - 0x0000000068749000 	D:\Program Files\Java\jdk1.8.0_65\jre\bin\server\jvm.dll
0x00007ffa65ab0000 - 0x00007ffa65ab8000 	C:\WINDOWS\system32\PSAPI.DLL
0x00007ffa57850000 - 0x00007ffa57859000 	C:\WINDOWS\SYSTEM32\WSOCK32.dll
0x00007ffa643b0000 - 0x00007ffa64419000 	C:\WINDOWS\system32\WS2_32.dll
0x00007ffa64570000 - 0x00007ffa64578000 	C:\WINDOWS\system32\NSI.dll
0x00007ffa60a00000 - 0x00007ffa60a23000 	C:\WINDOWS\SYSTEM32\WINMM.dll
0x00007ffa60880000 - 0x00007ffa608ac000 	C:\WINDOWS\SYSTEM32\WINMMBASE.dll
0x00007ffa61620000 - 0x00007ffa61647000 	C:\WINDOWS\SYSTEM32\DEVOBJ.dll
0x00000000695a0000 - 0x00000000695af000 	D:\Program Files\Java\jdk1.8.0_65\jre\bin\verify.dll
0x0000000067e90000 - 0x0000000067eb9000 	D:\Program Files\Java\jdk1.8.0_65\jre\bin\java.dll
0x0000000067e70000 - 0x0000000067e86000 	D:\Program Files\Java\jdk1.8.0_65\jre\bin\zip.dll
0x00007ffa64580000 - 0x00007ffa65aa2000 	C:\WINDOWS\system32\SHELL32.dll
0x00007ffa63110000 - 0x00007ffa63738000 	C:\WINDOWS\system32\windows.storage.dll
0x00007ffa66020000 - 0x00007ffa6629c000 	C:\WINDOWS\system32\combase.dll
0x00007ffa641a0000 - 0x00007ffa641f1000 	C:\WINDOWS\system32\shlwapi.dll
0x00007ffa62de0000 - 0x00007ffa62def000 	C:\WINDOWS\system32\kernel.appcore.dll
0x00007ffa63740000 - 0x00007ffa637f3000 	C:\WINDOWS\system32\shcore.dll
0x00007ffa62df0000 - 0x00007ffa62e3a000 	C:\WINDOWS\system32\powrprof.dll
0x00007ffa62da0000 - 0x00007ffa62db3000 	C:\WINDOWS\system32\profapi.dll

VM Arguments:
jvm_args: -Xmx1024M -Dfile.encoding=windows-1251 -Duser.country=RU -Duser.language=ru -Duser.variant 
java_command: com.android.dx.command.Main --dex --num-threads=4 --output D:\AndroidStudioProjects\WeatherApp\app\build\intermediates\pre-dexed\debug\internal_impl-23.1.0-0ee84fe39bf1881cf848ba017b25d576d4b0f7e3.jar D:\AndroidStudioProjects\WeatherApp\app\build\intermediates\exploded-aar\com.android.support\support-v4\23.1.0\jars\libs\internal_impl-23.1.0.jar
java_class_path (initial): D:\Android\sdk\build-tools\23.0.2\lib\dx.jar
Launcher Type: SUN_STANDARD

Environment Variables:
JAVA_HOME=D:\Program Files\Java\jdk1.8.0_66
PATH=D:\watcom-1.3\binnt;D:\watcom-1.3\binw;C:\ProgramData\Oracle\Java\javapath;C:\Program Files (x86)\HP SimplePass\;C:\Program Files (x86)\Intel\iCLS Client\;C:\Program Files\Intel\iCLS Client\;C:\Windows\system32;C:\Windows;C:\Windows\System32\Wbem;C:\Windows\System32\WindowsPowerShell\v1.0\;C:\Program Files\Intel\Intel(R) Management Engine Components\DAL;C:\Program Files\Intel\Intel(R) Management Engine Components\IPT;C:\Program Files (x86)\Intel\Intel(R) Management Engine Components\DAL;C:\Program Files (x86)\Intel\Intel(R) Management Engine Components\IPT;C:\Program Files (x86)\Intel\OpenCL SDK\2.0\bin\x86;C:\Program Files (x86)\Intel\OpenCL SDK\2.0\bin\x64;C:\Program Files\Intel\WiFi\bin\;C:\Program Files\Common Files\Intel\WirelessCommon\;C:\Program Files (x86)\Microsoft SQL Server\100\Tools\Binn\;C:\Program Files\Microsoft SQL Server\100\Tools\Binn\;C:\Program Files\Microsoft SQL Server\100\DTS\Binn\;D:\Program Files (x86)\MiKTeX 2.9\miktex\bin\;D:\Program Files\MATLAB\R2008b\bin;D:\Program Files\MATLAB\R2008b\bin\win64;C:\Program Files (x86)\Common Files\Ulead Systems\MPEG;C:\WINDOWS\system32;C:\WINDOWS;C:\WINDOWS\System32\Wbem;C:\WINDOWS\System32\WindowsPowerShell\v1.0\;C:\Program Files (x86)\Skype\Phone\;C:\Program Files (x86)\Windows Live\Shared;C:\Program Files\Intel\WiFi\bin\;C:\Program Files\Common Files\Intel\WirelessCommon\;D:\Android\sdk\platform-tools;D:\Android\sdk\tools
USERNAME=user
OS=Windows_NT
PROCESSOR_IDENTIFIER=Intel64 Family 6 Model 58 Stepping 9, GenuineIntel



---------------  S Y S T E M  ---------------

OS: Windows 10.0 , 64 bit Build 10240 (10.0.10240.16384)

CPU:total 8 (4 cores per cpu, 2 threads per core) family 6 model 58 stepping 9, cmov, cx8, fxsr, mmx, sse, sse2, sse3, ssse3, sse4.1, sse4.2, popcnt, avx, aes, clmul, erms, ht, tsc, tscinvbit, tscinv

Memory: 4k page, physical 8281400k(1894988k free), swap 12475704k(5932k free)

vm_info: Java HotSpot(TM) 64-Bit Server VM (25.65-b01) for windows-amd64 JRE (1.8.0_65-b17), built on Oct  6 2015 16:39:20 by "java_re" with MS VC++ 10.0 (VS2010)

time: Wed Nov 18 21:40:16 2015
elapsed time: 8 seconds (0d 0h 0m 8s)

