#
# There is insufficient memory for the Java Runtime Environment to continue.
# Native memory allocation (malloc) failed to allocate 1063696 bytes for Chunk::new
# Possible reasons:
#   The system is out of physical RAM or swap space
#   In 32 bit mode, the process size limit was hit
# Possible solutions:
#   Reduce memory load on the system
#   Increase physical memory or swap space
#   Check if swap backing store is full
#   Use 64 bit Java on a 64 bit OS
#   Decrease Java heap size (-Xmx/-Xms)
#   Decrease number of Java threads
#   Decrease Java thread stack sizes (-Xss)
#   Set larger code cache with -XX:ReservedCodeCacheSize=
# This output file may be truncated or incomplete.
#
#  Out of Memory Error (allocation.cpp:390), pid=4948, tid=13672
#
# JRE version: Java(TM) SE Runtime Environment (8.0_65-b17) (build 1.8.0_65-b17)
# Java VM: Java HotSpot(TM) 64-Bit Server VM (25.65-b01 mixed mode windows-amd64 compressed oops)
# Failed to write core dump. Minidumps are not enabled by default on client versions of Windows
#

---------------  T H R E A D  ---------------

Current thread (0x00000000082cf800):  JavaThread "C2 CompilerThread2" daemon [_thread_in_native, id=13672, stack(0x0000000008aa0000,0x0000000008ba0000)]

Stack: [0x0000000008aa0000,0x0000000008ba0000]
[error occurred during error reporting (printing stack bounds), id 0xc0000005]

Native frames: (J=compiled Java code, j=interpreted, Vv=VM code, C=native code)


Current CompileTask:
C2:   1556 1238       4       com.android.dx.ssa.SCCP::simulateStmt (481 bytes)


---------------  P R O C E S S  ---------------

Java Threads: ( => current thread )
  0x0000000008686000 JavaThread "pool-1-thread-4" [_thread_in_Java, id=7540, stack(0x0000000009aa0000,0x0000000009ba0000)]
  0x0000000008edb000 JavaThread "pool-1-thread-3" [_thread_in_Java, id=12236, stack(0x00000000099a0000,0x0000000009aa0000)]
  0x0000000008eda800 JavaThread "pool-1-thread-2" [_thread_in_vm, id=13552, stack(0x00000000098a0000,0x00000000099a0000)]
  0x00000000085f8800 JavaThread "pool-2-thread-1" [_thread_blocked, id=14060, stack(0x00000000097a0000,0x00000000098a0000)]
  0x000000000869c000 JavaThread "pool-1-thread-1" [_thread_in_Java, id=14088, stack(0x00000000096a0000,0x00000000097a0000)]
  0x0000000008333800 JavaThread "Service Thread" daemon [_thread_blocked, id=9396, stack(0x0000000008ca0000,0x0000000008da0000)]
  0x00000000082d5000 JavaThread "C1 CompilerThread3" daemon [_thread_blocked, id=4808, stack(0x0000000008ba0000,0x0000000008ca0000)]
=>0x00000000082cf800 JavaThread "C2 CompilerThread2" daemon [_thread_in_native, id=13672, stack(0x0000000008aa0000,0x0000000008ba0000)]
  0x00000000082cd800 JavaThread "C2 CompilerThread1" daemon [_thread_in_native, id=9844, stack(0x00000000089a0000,0x0000000008aa0000)]
  0x00000000082ca800 JavaThread "C2 CompilerThread0" daemon [_thread_in_native, id=12996, stack(0x00000000088a0000,0x00000000089a0000)]
  0x00000000082c7800 JavaThread "Attach Listener" daemon [_thread_blocked, id=1648, stack(0x00000000087a0000,0x00000000088a0000)]
  0x00000000082c6800 JavaThread "Signal Dispatcher" daemon [_thread_blocked, id=12064, stack(0x00000000086a0000,0x00000000087a0000)]
  0x00000000026a9000 JavaThread "Finalizer" daemon [_thread_blocked, id=11856, stack(0x00000000080b0000,0x00000000081b0000)]
  0x00000000061cd000 JavaThread "Reference Handler" daemon [_thread_blocked, id=12876, stack(0x0000000007fb0000,0x00000000080b0000)]
  0x000000000254d800 JavaThread "main" [_thread_in_vm, id=3008, stack(0x0000000002440000,0x0000000002540000)]

Other Threads:
  0x00000000061c8800 VMThread [stack: 0x0000000007eb0000,0x0000000007fb0000] [id=6352]
  0x000000000838d000 WatcherThread [stack: 0x0000000008da0000,0x0000000008ea0000] [id=10332]

VM state:not at safepoint (normal execution)

VM Mutex/Monitor currently owned by a thread: None

Heap:
 PSYoungGen      total 38400K, used 34263K [0x00000000eab00000, 0x00000000ef600000, 0x0000000100000000)
  eden space 33280K, 87% used [0x00000000eab00000,0x00000000ec776018,0x00000000ecb80000)
  from space 5120K, 99% used [0x00000000ecb80000,0x00000000ed07fd50,0x00000000ed080000)
  to   space 5120K, 0% used [0x00000000ef100000,0x00000000ef100000,0x00000000ef600000)
 ParOldGen       total 87552K, used 236K [0x00000000c0000000, 0x00000000c5580000, 0x00000000eab00000)
  object space 87552K, 0% used [0x00000000c0000000,0x00000000c003b1e8,0x00000000c5580000)
 Metaspace       used 6113K, capacity 7024K, committed 7296K, reserved 1056768K
  class space    used 603K, capacity 616K, committed 640K, reserved 1048576K

Card table byte_map: [0x0000000002a70000,0x0000000002c80000] byte_map_base: 0x0000000002470000

Marking Bits: (ParMarkBitMap*) 0x00000000686ca5b0
 Begin Bits: [0x00000000035e0000, 0x00000000045e0000)
 End Bits:   [0x00000000045e0000, 0x00000000055e0000)

Polling page: 0x0000000000bb0000

CodeCache: size=245760Kb used=5402Kb max_used=5402Kb free=240357Kb
 bounds [0x000000000f010000, 0x000000000f560000, 0x000000001e010000]
 total_blobs=1620 nmethods=1351 adapters=182
 compilation: enabled

Compilation events (10 events):
Event: 1.550 Thread 0x00000000082d5000 nmethod 1358 0x000000000f550a10 code [0x000000000f550bc0, 0x000000000f550ff8]
Event: 1.550 Thread 0x00000000082d5000 1359       3       com.android.dx.ssa.back.FirstFitLocalCombiningAllocator$Multiset::add (68 bytes)
Event: 1.551 Thread 0x00000000082d5000 nmethod 1359 0x000000000f5511d0 code [0x000000000f551360, 0x000000000f551650]
Event: 1.551 Thread 0x00000000082d5000 1360       3       com.android.dx.cf.code.BasicBlocker::visitBranch (98 bytes)
Event: 1.552 Thread 0x00000000082d5000 nmethod 1360 0x000000000f5518d0 code [0x000000000f551bc0, 0x000000000f553158]
Event: 1.552 Thread 0x00000000082d5000 1364       3       com.android.dx.cf.code.Ropper::getRopMethod (64 bytes)
Event: 1.553 Thread 0x00000000082d5000 nmethod 1364 0x000000000f554610 code [0x000000000f554860, 0x000000000f5555d8]
Event: 1.553 Thread 0x00000000082d5000 1365       3       com.android.dx.ssa.back.FirstFitLocalCombiningAllocator::handleUnassociatedParameters (60 bytes)
Event: 1.554 Thread 0x00000000082d5000 nmethod 1365 0x000000000f555ed0 code [0x000000000f556080, 0x000000000f556718]
Event: 1.554 Thread 0x00000000082d5000 1366       3       com.android.dx.ssa.back.FirstFitLocalCombiningAllocator::tryMapReg (41 bytes)

GC Heap History (2 events):
Event: 1.114 GC heap before
{Heap before GC invocations=1 (full 0):
 PSYoungGen      total 38400K, used 33280K [0x00000000eab00000, 0x00000000ed580000, 0x0000000100000000)
  eden space 33280K, 100% used [0x00000000eab00000,0x00000000ecb80000,0x00000000ecb80000)
  from space 5120K, 0% used [0x00000000ed080000,0x00000000ed080000,0x00000000ed580000)
  to   space 5120K, 0% used [0x00000000ecb80000,0x00000000ecb80000,0x00000000ed080000)
 ParOldGen       total 87552K, used 0K [0x00000000c0000000, 0x00000000c5580000, 0x00000000eab00000)
  object space 87552K, 0% used [0x00000000c0000000,0x00000000c0000000,0x00000000c5580000)
 Metaspace       used 5915K, capacity 6832K, committed 7040K, reserved 1056768K
  class space    used 601K, capacity 616K, committed 640K, reserved 1048576K
Event: 1.228 GC heap after
Heap after GC invocations=1 (full 0):
 PSYoungGen      total 38400K, used 5119K [0x00000000eab00000, 0x00000000ef600000, 0x0000000100000000)
  eden space 33280K, 0% used [0x00000000eab00000,0x00000000eab00000,0x00000000ecb80000)
  from space 5120K, 99% used [0x00000000ecb80000,0x00000000ed07fd50,0x00000000ed080000)
  to   space 5120K, 0% used [0x00000000ef100000,0x00000000ef100000,0x00000000ef600000)
 ParOldGen       total 87552K, used 236K [0x00000000c0000000, 0x00000000c5580000, 0x00000000eab00000)
  object space 87552K, 0% used [0x00000000c0000000,0x00000000c003b1e8,0x00000000c5580000)
 Metaspace       used 5915K, capacity 6832K, committed 7040K, reserved 1056768K
  class space    used 601K, capacity 616K, committed 640K, reserved 1048576K
}

Deoptimization events (7 events):
Event: 0.603 Thread 0x0000000008eda800 Uncommon trap: reason=unstable_if action=reinterpret pc=0x000000000f22f1fc method=java.util.HashMap.getNode(ILjava/lang/Object;)Ljava/util/HashMap$Node; @ 62
Event: 0.720 Thread 0x0000000008686000 Uncommon trap: reason=unstable_if action=reinterpret pc=0x000000000f263ca8 method=java.util.HashMap.getNode(ILjava/lang/Object;)Ljava/util/HashMap$Node; @ 62
Event: 0.857 Thread 0x0000000008edb000 Uncommon trap: reason=class_check action=maybe_recompile pc=0x000000000f36f0e0 method=com.android.dx.rop.type.Type.equals(Ljava/lang/Object;)Z @ 8
Event: 0.859 Thread 0x0000000008edb000 Uncommon trap: reason=null_check action=make_not_entrant pc=0x000000000f36f0f0 method=com.android.dx.rop.type.Type.equals(Ljava/lang/Object;)Z @ 8
Event: 0.860 Thread 0x0000000008edb000 Uncommon trap: reason=unstable_if action=reinterpret pc=0x000000000f245630 method=java.util.BitSet.nextSetBit(I)I @ 87
Event: 1.441 Thread 0x000000000254d800 Uncommon trap: reason=unloaded action=reinterpret pc=0x000000000f429f58 method=com.android.dx.cf.cst.ConstantPoolParser.parse0(ILjava/util/BitSet;)Lcom/android/dx/rop/cst/Constant; @ 198
Event: 1.528 Thread 0x0000000008686000 Uncommon trap: reason=unstable_if action=reinterpret pc=0x000000000f3d4e1c method=com.android.dx.rop.cst.Constant.compareTo(Lcom/android/dx/rop/cst/Constant;)I @ 12

Internal exceptions (3 events):
Event: 0.046 Thread 0x000000000254d800 Exception <a 'java/lang/NoSuchMethodError': Method sun.misc.Unsafe.defineClass(Ljava/lang/String;[BII)Ljava/lang/Class; name or signature does not match> (0x00000000eab12e90) thrown at [C:\workspace\8-2-build-windows-amd64-cygwin\jdk8u65\4987\hotspot\src\seS˜ü”–§?
Event: 0.046 Thread 0x000000000254d800 Exception <a 'java/lang/NoSuchMethodError': Method sun.misc.Unsafe.prefetchRead(Ljava/lang/Object;J)V name or signature does not match> (0x00000000eab13178) thrown at [C:\workspace\8-2-build-windows-amd64-cygwin\jdk8u65\4987\hotspot\src\share\vm\prims\jni.œòOš"{ë?
Event: 0.859 Thread 0x0000000008edb000 Implicit null exception at 0x000000000f36efe2 to 0x000000000f36f0e1

Events (10 events):
Event: 1.273 loading class java/util/HashMap$Values
Event: 1.273 loading class java/util/HashMap$Values done
Event: 1.273 loading class java/util/HashMap$ValueIterator
Event: 1.273 loading class java/util/HashMap$ValueIterator done
Event: 1.441 Thread 0x000000000254d800 Uncommon trap: trap_request=0x000000d0 fr.pc=0x000000000f429f58
Event: 1.441 Thread 0x000000000254d800 DEOPT PACKING pc=0x000000000f429f58 sp=0x000000000253edc0
Event: 1.441 Thread 0x000000000254d800 DEOPT UNPACKING pc=0x000000000f05582a sp=0x000000000253ed88 mode 2
Event: 1.528 Thread 0x0000000008686000 Uncommon trap: trap_request=0xffffff65 fr.pc=0x000000000f3d4e1c
Event: 1.528 Thread 0x0000000008686000 DEOPT PACKING pc=0x000000000f3d4e1c sp=0x0000000009b9e490
Event: 1.528 Thread 0x0000000008686000 DEOPT UNPACKING pc=0x000000000f05582a sp=0x0000000009b9e430 mode 2


Dynamic libraries:
0x00007ff6f00c0000 - 0x00007ff6f00f7000 	D:\Program Files\Java\jdk1.8.0_65\bin\java.exe
0x00007ffa66390000 - 0x00007ffa66551000 	C:\WINDOWS\SYSTEM32\ntdll.dll
0x00007ffa63aa0000 - 0x00007ffa63b4d000 	C:\WINDOWS\system32\KERNEL32.DLL
0x00007ffa63860000 - 0x00007ffa63a3d000 	C:\WINDOWS\system32\KERNELBASE.dll
0x00007ffa662e0000 - 0x00007ffa66386000 	C:\WINDOWS\system32\ADVAPI32.dll
0x00007ffa64030000 - 0x00007ffa640cd000 	C:\WINDOWS\system32\msvcrt.dll
0x00007ffa640d0000 - 0x00007ffa6412b000 	C:\WINDOWS\system32\sechost.dll
0x00007ffa65ac0000 - 0x00007ffa65be6000 	C:\WINDOWS\system32\RPCRT4.dll
0x00007ffa64420000 - 0x00007ffa6456e000 	C:\WINDOWS\system32\USER32.dll
0x00007ffa63d20000 - 0x00007ffa63ea6000 	C:\WINDOWS\system32\GDI32.dll
0x00007ffa5d740000 - 0x00007ffa5d9b4000 	C:\WINDOWS\WinSxS\amd64_microsoft.windows.common-controls_6595b64144ccf1df_6.0.10240.16384_none_f41f7b285750ef43\COMCTL32.dll
0x00007ffa662a0000 - 0x00007ffa662d6000 	C:\WINDOWS\system32\IMM32.DLL
0x00007ffa63ed0000 - 0x00007ffa6402c000 	C:\WINDOWS\system32\MSCTF.dll
0x00007ffa627e0000 - 0x00007ffa62811000 	C:\Windows\system32\nvinitx.dll
0x00007ffa62380000 - 0x00007ffa6238a000 	C:\WINDOWS\SYSTEM32\VERSION.dll
0x000000000f000000 - 0x000000000f006000 	C:\Program Files\NVIDIA Corporation\CoProcManager\_etoured.dll
0x00007ffa61490000 - 0x00007ffa614c2000 	C:\Program Files\NVIDIA Corporation\CoProcManager\nvd3d9wrapx.dll
0x00007ffa63b50000 - 0x00007ffa63d15000 	C:\WINDOWS\system32\SETUPAPI.dll
0x00007ffa630c0000 - 0x00007ffa63104000 	C:\WINDOWS\system32\CFGMGR32.dll
0x00007ffa60ca0000 - 0x00007ffa60cc2000 	C:\Program Files\NVIDIA Corporation\CoProcManager\nvdxgiwrapx.dll
0x0000000068750000 - 0x0000000068822000 	D:\Program Files\Java\jdk1.8.0_65\jre\bin\msvcr100.dll
0x0000000067ec0000 - 0x0000000068749000 	D:\Program Files\Java\jdk1.8.0_65\jre\bin\server\jvm.dll
0x00007ffa65ab0000 - 0x00007ffa65ab8000 	C:\WINDOWS\system32\PSAPI.DLL
0x00007ffa57850000 - 0x00007ffa57859000 	C:\WINDOWS\SYSTEM32\WSOCK32.dll
0x00007ffa643b0000 - 0x00007ffa64419000 	C:\WINDOWS\system32\WS2_32.dll
0x00007ffa64570000 - 0x00007ffa64578000 	C:\WINDOWS\system32\NSI.dll
0x00007ffa60a00000 - 0x00007ffa60a23000 	C:\WINDOWS\SYSTEM32\WINMM.dll
0x00007ffa60880000 - 0x00007ffa608ac000 	C:\WINDOWS\SYSTEM32\WINMMBASE.dll
0x00007ffa61620000 - 0x00007ffa61647000 	C:\WINDOWS\SYSTEM32\DEVOBJ.dll
0x00000000695a0000 - 0x00000000695af000 	D:\Program Files\Java\jdk1.8.0_65\jre\bin\verify.dll
0x0000000067e90000 - 0x0000000067eb9000 	D:\Program Files\Java\jdk1.8.0_65\jre\bin\java.dll
0x0000000067e70000 - 0x0000000067e86000 	D:\Program Files\Java\jdk1.8.0_65\jre\bin\zip.dll
0x00007ffa64580000 - 0x00007ffa65aa2000 	C:\WINDOWS\system32\SHELL32.dll
0x00007ffa63110000 - 0x00007ffa63738000 	C:\WINDOWS\system32\windows.storage.dll
0x00007ffa66020000 - 0x00007ffa6629c000 	C:\WINDOWS\system32\combase.dll
0x00007ffa641a0000 - 0x00007ffa641f1000 	C:\WINDOWS\system32\shlwapi.dll
0x00007ffa62de0000 - 0x00007ffa62def000 	C:\WINDOWS\system32\kernel.appcore.dll
0x00007ffa63740000 - 0x00007ffa637f3000 	C:\WINDOWS\system32\shcore.dll
0x00007ffa62df0000 - 0x00007ffa62e3a000 	C:\WINDOWS\system32\powrprof.dll
0x00007ffa62da0000 - 0x00007ffa62db3000 	C:\WINDOWS\system32\profapi.dll

VM Arguments:
jvm_args: -Xmx1024M -Dfile.encoding=windows-1251 -Duser.country=RU -Duser.language=ru -Duser.variant 
java_command: com.android.dx.command.Main --dex --num-threads=4 --output D:\AndroidStudioProjects\WeatherApp\app\build\intermediates\pre-dexed\debug\classes-450fe8ad663b7d85f9e7c2f2b6a43f3b289bd7c3.jar D:\AndroidStudioProjects\WeatherApp\app\build\intermediates\exploded-aar\com.android.support\support-v4\23.1.0\jars\classes.jar
java_class_path (initial): D:\Android\sdk\build-tools\23.0.2\lib\dx.jar
Launcher Type: SUN_STANDARD

Environment Variables:
JAVA_HOME=D:\Program Files\Java\jdk1.8.0_66
PATH=D:\watcom-1.3\binnt;D:\watcom-1.3\binw;C:\ProgramData\Oracle\Java\javapath;C:\Program Files (x86)\HP SimplePass\;C:\Program Files (x86)\Intel\iCLS Client\;C:\Program Files\Intel\iCLS Client\;C:\Windows\system32;C:\Windows;C:\Windows\System32\Wbem;C:\Windows\System32\WindowsPowerShell\v1.0\;C:\Program Files\Intel\Intel(R) Management Engine Components\DAL;C:\Program Files\Intel\Intel(R) Management Engine Components\IPT;C:\Program Files (x86)\Intel\Intel(R) Management Engine Components\DAL;C:\Program Files (x86)\Intel\Intel(R) Management Engine Components\IPT;C:\Program Files (x86)\Intel\OpenCL SDK\2.0\bin\x86;C:\Program Files (x86)\Intel\OpenCL SDK\2.0\bin\x64;C:\Program Files\Intel\WiFi\bin\;C:\Program Files\Common Files\Intel\WirelessCommon\;C:\Program Files (x86)\Microsoft SQL Server\100\Tools\Binn\;C:\Program Files\Microsoft SQL Server\100\Tools\Binn\;C:\Program Files\Microsoft SQL Server\100\DTS\Binn\;D:\Program Files (x86)\MiKTeX 2.9\miktex\bin\;D:\Program Files\MATLAB\R2008b\bin;D:\Program Files\MATLAB\R2008b\bin\win64;C:\Program Files (x86)\Common Files\Ulead Systems\MPEG;C:\WINDOWS\system32;C:\WINDOWS;C:\WINDOWS\System32\Wbem;C:\WINDOWS\System32\WindowsPowerShell\v1.0\;C:\Program Files (x86)\Skype\Phone\;C:\Program Files (x86)\Windows Live\Shared;C:\Program Files\Intel\WiFi\bin\;C:\Program Files\Common Files\Intel\WirelessCommon\;D:\Android\sdk\platform-tools;D:\Android\sdk\tools
USERNAME=user
OS=Windows_NT
PROCESSOR_IDENTIFIER=Intel64 Family 6 Model 58 Stepping 9, GenuineIntel



---------------  S Y S T E M  ---------------

OS: Windows 10.0 , 64 bit Build 10240 (10.0.10240.16384)

CPU:total 8 (4 cores per cpu, 2 threads per core) family 6 model 58 stepping 9, cmov, cx8, fxsr, mmx, sse, sse2, sse3, ssse3, sse4.1, sse4.2, popcnt, avx, aes, clmul, erms, ht, tsc, tscinvbit, tscinv

Memory: 4k page, physical 8281400k(2233128k free), swap 12475704k(5140k free)

vm_info: Java HotSpot(TM) 64-Bit Server VM (25.65-b01) for windows-amd64 JRE (1.8.0_65-b17), built on Oct  6 2015 16:39:20 by "java_re" with MS VC++ 10.0 (VS2010)

time: Wed Nov 18 22:46:22 2015
elapsed time: 1 seconds (0d 0h 0m 1s)

