#
# There is insufficient memory for the Java Runtime Environment to continue.
# Native memory allocation (malloc) failed to allocate 300256 bytes for Chunk::new
# Possible reasons:
#   The system is out of physical RAM or swap space
#   In 32 bit mode, the process size limit was hit
# Possible solutions:
#   Reduce memory load on the system
#   Increase physical memory or swap space
#   Check if swap backing store is full
#   Use 64 bit Java on a 64 bit OS
#   Decrease Java heap size (-Xmx/-Xms)
#   Decrease number of Java threads
#   Decrease Java thread stack sizes (-Xss)
#   Set larger code cache with -XX:ReservedCodeCacheSize=
# This output file may be truncated or incomplete.
#
#  Out of Memory Error (allocation.cpp:390), pid=12628, tid=13420
#
# JRE version: Java(TM) SE Runtime Environment (8.0_65-b17) (build 1.8.0_65-b17)
# Java VM: Java HotSpot(TM) 64-Bit Server VM (25.65-b01 mixed mode windows-amd64 compressed oops)
# Failed to write core dump. Minidumps are not enabled by default on client versions of Windows
#

---------------  T H R E A D  ---------------

Current thread (0x000000000879b000):  JavaThread "C2 CompilerThread0" daemon [_thread_in_native, id=13420, stack(0x0000000008d70000,0x0000000008e70000)]

Stack: [0x0000000008d70000,0x0000000008e70000]
[error occurred during error reporting (printing stack bounds), id 0xc0000005]

Native frames: (J=compiled Java code, j=interpreted, Vv=VM code, C=native code)


Current CompileTask:
C2:   8242 2058       4       com.android.dx.dex.file.AnnotationUtils::makeSignature (251 bytes)


---------------  P R O C E S S  ---------------

Java Threads: ( => current thread )
  0x0000000008ad1000 JavaThread "pool-1-thread-4" [_thread_blocked, id=12644, stack(0x0000000009f70000,0x000000000a070000)]
  0x0000000008ad0000 JavaThread "pool-1-thread-3" [_thread_blocked, id=13952, stack(0x0000000009e70000,0x0000000009f70000)]
  0x0000000009426800 JavaThread "pool-1-thread-2" [_thread_blocked, id=3196, stack(0x0000000009d70000,0x0000000009e70000)]
  0x0000000008a50000 JavaThread "pool-2-thread-1" [_thread_blocked, id=2148, stack(0x0000000009c70000,0x0000000009d70000)]
  0x0000000008a4f000 JavaThread "pool-1-thread-1" [_thread_blocked, id=13480, stack(0x0000000009b70000,0x0000000009c70000)]
  0x000000000880f800 JavaThread "Service Thread" daemon [_thread_blocked, id=13204, stack(0x0000000009170000,0x0000000009270000)]
  0x00000000087a8000 JavaThread "C1 CompilerThread3" daemon [_thread_blocked, id=8588, stack(0x0000000009070000,0x0000000009170000)]
  0x00000000087a2800 JavaThread "C2 CompilerThread2" daemon [_thread_blocked, id=3296, stack(0x0000000008f70000,0x0000000009070000)]
  0x000000000879e800 JavaThread "C2 CompilerThread1" daemon [_thread_blocked, id=7856, stack(0x0000000008e70000,0x0000000008f70000)]
=>0x000000000879b000 JavaThread "C2 CompilerThread0" daemon [_thread_in_native, id=13420, stack(0x0000000008d70000,0x0000000008e70000)]
  0x0000000008798800 JavaThread "Attach Listener" daemon [_thread_blocked, id=9132, stack(0x0000000008c70000,0x0000000008d70000)]
  0x0000000008797000 JavaThread "Signal Dispatcher" daemon [_thread_blocked, id=13016, stack(0x0000000008b70000,0x0000000008c70000)]
  0x0000000002b79000 JavaThread "Finalizer" daemon [_thread_blocked, id=7316, stack(0x0000000008580000,0x0000000008680000)]
  0x000000000669d000 JavaThread "Reference Handler" daemon [_thread_blocked, id=4092, stack(0x0000000008480000,0x0000000008580000)]
  0x0000000002a7d800 JavaThread "main" [_thread_blocked, id=11528, stack(0x0000000002940000,0x0000000002a40000)]

Other Threads:
  0x0000000006698800 VMThread [stack: 0x0000000008380000,0x0000000008480000] [id=9084]
  0x0000000008824000 WatcherThread [stack: 0x0000000009270000,0x0000000009370000] [id=13720]

VM state:not at safepoint (normal execution)

VM Mutex/Monitor currently owned by a thread: None

Heap:
 PSYoungGen      total 71680K, used 33121K [0x00000000eab00000, 0x00000000f3700000, 0x0000000100000000)
  eden space 66560K, 42% used [0x00000000eab00000,0x00000000ec65f838,0x00000000eec00000)
  from space 5120K, 99% used [0x00000000eec00000,0x00000000ef0f8d08,0x00000000ef100000)
  to   space 5120K, 0% used [0x00000000f3200000,0x00000000f3200000,0x00000000f3700000)
 ParOldGen       total 87552K, used 16213K [0x00000000c0000000, 0x00000000c5580000, 0x00000000eab00000)
  object space 87552K, 18% used [0x00000000c0000000,0x00000000c0fd54d0,0x00000000c5580000)
 Metaspace       used 6450K, capacity 7192K, committed 7424K, reserved 1056768K
  class space    used 620K, capacity 656K, committed 768K, reserved 1048576K

Card table byte_map: [0x0000000002f40000,0x0000000003150000] byte_map_base: 0x0000000002940000

Marking Bits: (ParMarkBitMap*) 0x00000000686ca5b0
 Begin Bits: [0x0000000003ab0000, 0x0000000004ab0000)
 End Bits:   [0x0000000004ab0000, 0x0000000005ab0000)

Polling page: 0x00000000010c0000

CodeCache: size=245760Kb used=9632Kb max_used=9641Kb free=236127Kb
 bounds [0x000000000f010000, 0x000000000f990000, 0x000000001e010000]
 total_blobs=2300 nmethods=2030 adapters=182
 compilation: enabled

Compilation events (10 events):
Event: 8.165 Thread 0x000000000879e800 2056       4       java.util.TreeMap::get (19 bytes)
Event: 8.165 Thread 0x00000000087a8000 nmethod 2054 0x000000000f974690 code [0x000000000f974800, 0x000000000f974a08]
Event: 8.165 Thread 0x00000000087a8000 2055       3       java.util.concurrent.locks.ReentrantLock$Sync::nonfairTryAcquire (67 bytes)
Event: 8.166 Thread 0x00000000087a8000 nmethod 2055 0x000000000f978710 code [0x000000000f9788a0, 0x000000000f978fc8]
Event: 8.167 Thread 0x000000000879e800 nmethod 2056 0x000000000f9782d0 code [0x000000000f978420, 0x000000000f978578]
Event: 8.190 Thread 0x00000000087a8000 2057       1       java.util.concurrent.locks.AbstractQueuedSynchronizer::compareAndSetWaitStatus (13 bytes)
Event: 8.190 Thread 0x00000000087a8000 nmethod 2057 0x000000000f978010 code [0x000000000f978160, 0x000000000f978270]
Event: 8.191 Thread 0x000000000879b000 2058       4       com.android.dx.dex.file.AnnotationUtils::makeSignature (251 bytes)
Event: 8.215 Thread 0x00000000087a8000 2059       3       com.android.dx.rop.code.Rop::<init> (15 bytes)
Event: 8.215 Thread 0x00000000087a8000 nmethod 2059 0x000000000f977c50 code [0x000000000f977dc0, 0x000000000f977f68]

GC Heap History (6 events):
Event: 1.152 GC heap before
{Heap before GC invocations=1 (full 0):
 PSYoungGen      total 38400K, used 33280K [0x00000000eab00000, 0x00000000ed580000, 0x0000000100000000)
  eden space 33280K, 100% used [0x00000000eab00000,0x00000000ecb80000,0x00000000ecb80000)
  from space 5120K, 0% used [0x00000000ed080000,0x00000000ed080000,0x00000000ed580000)
  to   space 5120K, 0% used [0x00000000ecb80000,0x00000000ecb80000,0x00000000ed080000)
 ParOldGen       total 87552K, used 0K [0x00000000c0000000, 0x00000000c5580000, 0x00000000eab00000)
  object space 87552K, 0% used [0x00000000c0000000,0x00000000c0000000,0x00000000c5580000)
 Metaspace       used 5976K, capacity 6896K, committed 7040K, reserved 1056768K
  class space    used 599K, capacity 616K, committed 640K, reserved 1048576K
Event: 1.399 GC heap after
Heap after GC invocations=1 (full 0):
 PSYoungGen      total 38400K, used 5104K [0x00000000eab00000, 0x00000000ef600000, 0x0000000100000000)
  eden space 33280K, 0% used [0x00000000eab00000,0x00000000eab00000,0x00000000ecb80000)
  from space 5120K, 99% used [0x00000000ecb80000,0x00000000ed07c120,0x00000000ed080000)
  to   space 5120K, 0% used [0x00000000ef100000,0x00000000ef100000,0x00000000ef600000)
 ParOldGen       total 87552K, used 1347K [0x00000000c0000000, 0x00000000c5580000, 0x00000000eab00000)
  object space 87552K, 1% used [0x00000000c0000000,0x00000000c0150ca8,0x00000000c5580000)
 Metaspace       used 5976K, capacity 6896K, committed 7040K, reserved 1056768K
  class space    used 599K, capacity 616K, committed 640K, reserved 1048576K
}
Event: 2.617 GC heap before
{Heap before GC invocations=2 (full 0):
 PSYoungGen      total 38400K, used 38384K [0x00000000eab00000, 0x00000000ef600000, 0x0000000100000000)
  eden space 33280K, 100% used [0x00000000eab00000,0x00000000ecb80000,0x00000000ecb80000)
  from space 5120K, 99% used [0x00000000ecb80000,0x00000000ed07c120,0x00000000ed080000)
  to   space 5120K, 0% used [0x00000000ef100000,0x00000000ef100000,0x00000000ef600000)
 ParOldGen       total 87552K, used 1347K [0x00000000c0000000, 0x00000000c5580000, 0x00000000eab00000)
  object space 87552K, 1% used [0x00000000c0000000,0x00000000c0150ca8,0x00000000c5580000)
 Metaspace       used 6161K, capacity 7088K, committed 7296K, reserved 1056768K
  class space    used 599K, capacity 616K, committed 640K, reserved 1048576K
Event: 2.879 GC heap after
Heap after GC invocations=2 (full 0):
 PSYoungGen      total 71680K, used 5111K [0x00000000eab00000, 0x00000000ef600000, 0x0000000100000000)
  eden space 66560K, 0% used [0x00000000eab00000,0x00000000eab00000,0x00000000eec00000)
  from space 5120K, 99% used [0x00000000ef100000,0x00000000ef5fddb8,0x00000000ef600000)
  to   space 5120K, 0% used [0x00000000eec00000,0x00000000eec00000,0x00000000ef100000)
 ParOldGen       total 87552K, used 6040K [0x00000000c0000000, 0x00000000c5580000, 0x00000000eab00000)
  object space 87552K, 6% used [0x00000000c0000000,0x00000000c05e61c8,0x00000000c5580000)
 Metaspace       used 6161K, capacity 7088K, committed 7296K, reserved 1056768K
  class space    used 599K, capacity 616K, committed 640K, reserved 1048576K
}
Event: 6.388 GC heap before
{Heap before GC invocations=3 (full 0):
 PSYoungGen      total 71680K, used 71671K [0x00000000eab00000, 0x00000000ef600000, 0x0000000100000000)
  eden space 66560K, 100% used [0x00000000eab00000,0x00000000eec00000,0x00000000eec00000)
  from space 5120K, 99% used [0x00000000ef100000,0x00000000ef5fddb8,0x00000000ef600000)
  to   space 5120K, 0% used [0x00000000eec00000,0x00000000eec00000,0x00000000ef100000)
 ParOldGen       total 87552K, used 6040K [0x00000000c0000000, 0x00000000c5580000, 0x00000000eab00000)
  object space 87552K, 6% used [0x00000000c0000000,0x00000000c05e61c8,0x00000000c5580000)
 Metaspace       used 6365K, capacity 7128K, committed 7424K, reserved 1056768K
  class space    used 620K, capacity 656K, committed 768K, reserved 1048576K
Event: 6.581 GC heap after
Heap after GC invocations=3 (full 0):
 PSYoungGen      total 71680K, used 5091K [0x00000000eab00000, 0x00000000f3700000, 0x0000000100000000)
  eden space 66560K, 0% used [0x00000000eab00000,0x00000000eab00000,0x00000000eec00000)
  from space 5120K, 99% used [0x00000000eec00000,0x00000000ef0f8d08,0x00000000ef100000)
  to   space 5120K, 0% used [0x00000000f3200000,0x00000000f3200000,0x00000000f3700000)
 ParOldGen       total 87552K, used 16213K [0x00000000c0000000, 0x00000000c5580000, 0x00000000eab00000)
  object space 87552K, 18% used [0x00000000c0000000,0x00000000c0fd54d0,0x00000000c5580000)
 Metaspace       used 6365K, capacity 7128K, committed 7424K, reserved 1056768K
  class space    used 620K, capacity 656K, committed 768K, reserved 1048576K
}

Deoptimization events (10 events):
Event: 3.220 Thread 0x0000000002a7d800 Uncommon trap: reason=unstable_if action=reinterpret pc=0x000000000f531d30 method=com.android.dx.ssa.SCCP.simulateBranch(Lcom/android/dx/ssa/SsaInsn;)V @ 64
Event: 3.432 Thread 0x0000000009426800 Uncommon trap: reason=unstable_if action=reinterpret pc=0x000000000f4f32f0 method=java.util.HashMap.putVal(ILjava/lang/Object;Ljava/lang/Object;ZZ)Ljava/lang/Object; @ 162
Event: 3.437 Thread 0x0000000009426800 Uncommon trap: reason=unstable_if action=reinterpret pc=0x000000000f474fb4 method=java.util.HashMap.getNode(ILjava/lang/Object;)Ljava/util/HashMap$Node; @ 84
Event: 3.442 Thread 0x0000000009426800 Uncommon trap: reason=unstable_if action=reinterpret pc=0x000000000f46d660 method=java.util.HashMap.getNode(ILjava/lang/Object;)Ljava/util/HashMap$Node; @ 84
Event: 4.187 Thread 0x0000000008ad1000 Uncommon trap: reason=unstable_if action=reinterpret pc=0x000000000f3d69b4 method=java.util.HashMap.getNode(ILjava/lang/Object;)Ljava/util/HashMap$Node; @ 84
Event: 6.972 Thread 0x0000000008ad1000 Uncommon trap: reason=bimorphic action=maybe_recompile pc=0x000000000f784214 method=com.android.dx.cf.code.BytecodeArray.parseInstruction(ILcom/android/dx/cf/code/BytecodeArray$Visitor;)I @ 1597
Event: 6.972 Thread 0x0000000008ad1000 Uncommon trap: reason=bimorphic action=maybe_recompile pc=0x000000000f784214 method=com.android.dx.cf.code.BytecodeArray.parseInstruction(ILcom/android/dx/cf/code/BytecodeArray$Visitor;)I @ 1597
Event: 7.582 Thread 0x0000000009426800 Uncommon trap: reason=unstable_if action=reinterpret pc=0x000000000f4fe404 method=java.util.HashMap.putVal(ILjava/lang/Object;Ljava/lang/Object;ZZ)Ljava/lang/Object; @ 162
Event: 7.583 Thread 0x0000000009426800 Uncommon trap: reason=unstable_if action=reinterpret pc=0x000000000f4da3a8 method=java.util.HashMap.putVal(ILjava/lang/Object;Ljava/lang/Object;ZZ)Ljava/lang/Object; @ 162
Event: 7.797 Thread 0x0000000009426800 Uncommon trap: reason=bimorphic action=maybe_recompile pc=0x000000000f7d8da4 method=com.android.dx.rop.code.RegisterSpec.withSimpleType()Lcom/android/dx/rop/code/RegisterSpec; @ 21

Internal exceptions (7 events):
Event: 0.039 Thread 0x0000000002a7d800 Exception <a 'java/lang/NoSuchMethodError': Method sun.misc.Unsafe.defineClass(Ljava/lang/String;[BII)Ljava/lang/Class; name or signature does not match> (0x00000000eab13030) thrown at [C:\workspace\8-2-build-windows-amd64-cygwin\jdk8u65\4987\hotspot\src\sRŒ>H0§?
Event: 0.039 Thread 0x0000000002a7d800 Exception <a 'java/lang/NoSuchMethodError': Method sun.misc.Unsafe.prefetchRead(Ljava/lang/Object;J)V name or signature does not match> (0x00000000eab13318) thrown at [C:\workspace\8-2-build-windows-amd64-cygwin\jdk8u65\4987\hotspot\src\share\vm\prims\jni.=v¢C^‡Ï?
Event: 0.902 Thread 0x0000000002a7d800 Implicit null exception at 0x000000000f331265 to 0x000000000f33333d
Event: 0.902 Thread 0x0000000002a7d800 Implicit null exception at 0x000000000f31a0b0 to 0x000000000f31bf31
Event: 3.435 Thread 0x0000000009426800 Exception <a 'java/lang/ArrayIndexOutOfBoundsException': 18> (0x00000000ec3a3300) thrown at [C:\workspace\8-2-build-windows-amd64-cygwin\jdk8u65\4987\hotspot\src\share\vm\interpreter\interpreterRuntime.cpp, line 366]
Event: 3.436 Thread 0x0000000009426800 Exception <a 'java/lang/ArrayIndexOutOfBoundsException': 145> (0x00000000ec3a4e80) thrown at [C:\workspace\8-2-build-windows-amd64-cygwin\jdk8u65\4987\hotspot\src\share\vm\interpreter\interpreterRuntime.cpp, line 366]
Event: 3.436 Thread 0x0000000009426800 Exception <a 'java/lang/ArrayIndexOutOfBoundsException'> (0x00000000ec3a6168) thrown at [C:\workspace\8-2-build-windows-amd64-cygwin\jdk8u65\4987\hotspot\src\share\vm\runtime\sharedRuntime.cpp, line 605]

Events (10 events):
Event: 7.582 Thread 0x0000000009426800 DEOPT PACKING pc=0x000000000f4fe404 sp=0x0000000009e6e430
Event: 7.582 Thread 0x0000000009426800 DEOPT UNPACKING pc=0x000000000f05582a sp=0x0000000009e6e340 mode 2
Event: 7.583 Thread 0x0000000009426800 Uncommon trap: trap_request=0xffffff65 fr.pc=0x000000000f4da3a8
Event: 7.583 Thread 0x0000000009426800 DEOPT PACKING pc=0x000000000f4da3a8 sp=0x0000000009e6e580
Event: 7.583 Thread 0x0000000009426800 DEOPT UNPACKING pc=0x000000000f05582a sp=0x0000000009e6e538 mode 2
Event: 7.797 Thread 0x0000000009426800 Uncommon trap: trap_request=0xffffffc6 fr.pc=0x000000000f7d8da4
Event: 7.797 Thread 0x0000000009426800 DEOPT PACKING pc=0x000000000f7d8da4 sp=0x0000000009e6e8c0
Event: 7.797 Thread 0x0000000009426800 DEOPT UNPACKING pc=0x000000000f05582a sp=0x0000000009e6e808 mode 2
Event: 8.191 Thread 0x0000000008ad1000 DEOPT PACKING pc=0x000000000f432657 sp=0x000000000a06ea20
Event: 8.191 Thread 0x0000000008ad1000 DEOPT UNPACKING pc=0x000000000f05787f sp=0x000000000a06e850 mode 0


Dynamic libraries:
0x00007ff6f00c0000 - 0x00007ff6f00f7000 	D:\Program Files\Java\jdk1.8.0_65\bin\java.exe
0x00007ffa66390000 - 0x00007ffa66551000 	C:\WINDOWS\SYSTEM32\ntdll.dll
0x00007ffa63aa0000 - 0x00007ffa63b4d000 	C:\WINDOWS\system32\KERNEL32.DLL
0x00007ffa63860000 - 0x00007ffa63a3d000 	C:\WINDOWS\system32\KERNELBASE.dll
0x00007ffa662e0000 - 0x00007ffa66386000 	C:\WINDOWS\system32\ADVAPI32.dll
0x00007ffa64030000 - 0x00007ffa640cd000 	C:\WINDOWS\system32\msvcrt.dll
0x00007ffa640d0000 - 0x00007ffa6412b000 	C:\WINDOWS\system32\sechost.dll
0x00007ffa65ac0000 - 0x00007ffa65be6000 	C:\WINDOWS\system32\RPCRT4.dll
0x00007ffa64420000 - 0x00007ffa6456e000 	C:\WINDOWS\system32\USER32.dll
0x00007ffa63d20000 - 0x00007ffa63ea6000 	C:\WINDOWS\system32\GDI32.dll
0x00007ffa5d740000 - 0x00007ffa5d9b4000 	C:\WINDOWS\WinSxS\amd64_microsoft.windows.common-controls_6595b64144ccf1df_6.0.10240.16384_none_f41f7b285750ef43\COMCTL32.dll
0x00007ffa662a0000 - 0x00007ffa662d6000 	C:\WINDOWS\system32\IMM32.DLL
0x00007ffa63ed0000 - 0x00007ffa6402c000 	C:\WINDOWS\system32\MSCTF.dll
0x00007ffa627e0000 - 0x00007ffa62811000 	C:\Windows\system32\nvinitx.dll
0x00007ffa62380000 - 0x00007ffa6238a000 	C:\WINDOWS\SYSTEM32\VERSION.dll
0x000000000f000000 - 0x000000000f006000 	C:\Program Files\NVIDIA Corporation\CoProcManager\_etoured.dll
0x00007ffa61490000 - 0x00007ffa614c2000 	C:\Program Files\NVIDIA Corporation\CoProcManager\nvd3d9wrapx.dll
0x00007ffa63b50000 - 0x00007ffa63d15000 	C:\WINDOWS\system32\SETUPAPI.dll
0x00007ffa630c0000 - 0x00007ffa63104000 	C:\WINDOWS\system32\CFGMGR32.dll
0x00007ffa60ca0000 - 0x00007ffa60cc2000 	C:\Program Files\NVIDIA Corporation\CoProcManager\nvdxgiwrapx.dll
0x0000000068750000 - 0x0000000068822000 	D:\Program Files\Java\jdk1.8.0_65\jre\bin\msvcr100.dll
0x0000000067ec0000 - 0x0000000068749000 	D:\Program Files\Java\jdk1.8.0_65\jre\bin\server\jvm.dll
0x00007ffa65ab0000 - 0x00007ffa65ab8000 	C:\WINDOWS\system32\PSAPI.DLL
0x00007ffa57850000 - 0x00007ffa57859000 	C:\WINDOWS\SYSTEM32\WSOCK32.dll
0x00007ffa643b0000 - 0x00007ffa64419000 	C:\WINDOWS\system32\WS2_32.dll
0x00007ffa64570000 - 0x00007ffa64578000 	C:\WINDOWS\system32\NSI.dll
0x00007ffa60a00000 - 0x00007ffa60a23000 	C:\WINDOWS\SYSTEM32\WINMM.dll
0x00007ffa60880000 - 0x00007ffa608ac000 	C:\WINDOWS\SYSTEM32\WINMMBASE.dll
0x00007ffa61620000 - 0x00007ffa61647000 	C:\WINDOWS\SYSTEM32\DEVOBJ.dll
0x00000000695a0000 - 0x00000000695af000 	D:\Program Files\Java\jdk1.8.0_65\jre\bin\verify.dll
0x0000000067e90000 - 0x0000000067eb9000 	D:\Program Files\Java\jdk1.8.0_65\jre\bin\java.dll
0x0000000067e70000 - 0x0000000067e86000 	D:\Program Files\Java\jdk1.8.0_65\jre\bin\zip.dll
0x00007ffa64580000 - 0x00007ffa65aa2000 	C:\WINDOWS\system32\SHELL32.dll
0x00007ffa63110000 - 0x00007ffa63738000 	C:\WINDOWS\system32\windows.storage.dll
0x00007ffa66020000 - 0x00007ffa6629c000 	C:\WINDOWS\system32\combase.dll
0x00007ffa641a0000 - 0x00007ffa641f1000 	C:\WINDOWS\system32\shlwapi.dll
0x00007ffa62de0000 - 0x00007ffa62def000 	C:\WINDOWS\system32\kernel.appcore.dll
0x00007ffa63740000 - 0x00007ffa637f3000 	C:\WINDOWS\system32\shcore.dll
0x00007ffa62df0000 - 0x00007ffa62e3a000 	C:\WINDOWS\system32\powrprof.dll
0x00007ffa62da0000 - 0x00007ffa62db3000 	C:\WINDOWS\system32\profapi.dll

VM Arguments:
jvm_args: -Xmx1024M -Dfile.encoding=windows-1251 -Duser.country=RU -Duser.language=ru -Duser.variant 
java_command: com.android.dx.command.Main --dex --num-threads=4 --output D:\AndroidStudioProjects\WeatherApp\app\build\intermediates\pre-dexed\debug\glide-3.6.1-21d55a60c2fa8cd616969234beb092a52259524e.jar C:\Users\user\.gradle\caches\modules-2\files-2.1\com.github.bumptech.glide\glide\3.6.1\86b122e640af09b0723e1fa44083c354ba6d9089\glide-3.6.1.jar
java_class_path (initial): D:\Android\sdk\build-tools\23.0.2\lib\dx.jar
Launcher Type: SUN_STANDARD

Environment Variables:
JAVA_HOME=D:\Program Files\Java\jdk1.8.0_66
PATH=D:\watcom-1.3\binnt;D:\watcom-1.3\binw;C:\ProgramData\Oracle\Java\javapath;C:\Program Files (x86)\HP SimplePass\;C:\Program Files (x86)\Intel\iCLS Client\;C:\Program Files\Intel\iCLS Client\;C:\Windows\system32;C:\Windows;C:\Windows\System32\Wbem;C:\Windows\System32\WindowsPowerShell\v1.0\;C:\Program Files\Intel\Intel(R) Management Engine Components\DAL;C:\Program Files\Intel\Intel(R) Management Engine Components\IPT;C:\Program Files (x86)\Intel\Intel(R) Management Engine Components\DAL;C:\Program Files (x86)\Intel\Intel(R) Management Engine Components\IPT;C:\Program Files (x86)\Intel\OpenCL SDK\2.0\bin\x86;C:\Program Files (x86)\Intel\OpenCL SDK\2.0\bin\x64;C:\Program Files\Intel\WiFi\bin\;C:\Program Files\Common Files\Intel\WirelessCommon\;C:\Program Files (x86)\Microsoft SQL Server\100\Tools\Binn\;C:\Program Files\Microsoft SQL Server\100\Tools\Binn\;C:\Program Files\Microsoft SQL Server\100\DTS\Binn\;D:\Program Files (x86)\MiKTeX 2.9\miktex\bin\;D:\Program Files\MATLAB\R2008b\bin;D:\Program Files\MATLAB\R2008b\bin\win64;C:\Program Files (x86)\Common Files\Ulead Systems\MPEG;C:\WINDOWS\system32;C:\WINDOWS;C:\WINDOWS\System32\Wbem;C:\WINDOWS\System32\WindowsPowerShell\v1.0\;C:\Program Files (x86)\Skype\Phone\;C:\Program Files (x86)\Windows Live\Shared;C:\Program Files\Intel\WiFi\bin\;C:\Program Files\Common Files\Intel\WirelessCommon\;D:\Android\sdk\platform-tools;D:\Android\sdk\tools
USERNAME=user
OS=Windows_NT
PROCESSOR_IDENTIFIER=Intel64 Family 6 Model 58 Stepping 9, GenuineIntel



---------------  S Y S T E M  ---------------

OS: Windows 10.0 , 64 bit Build 10240 (10.0.10240.16384)

CPU:total 8 (4 cores per cpu, 2 threads per core) family 6 model 58 stepping 9, cmov, cx8, fxsr, mmx, sse, sse2, sse3, ssse3, sse4.1, sse4.2, popcnt, avx, aes, clmul, erms, ht, tsc, tscinvbit, tscinv

Memory: 4k page, physical 8281400k(1894988k free), swap 12475704k(5932k free)

vm_info: Java HotSpot(TM) 64-Bit Server VM (25.65-b01) for windows-amd64 JRE (1.8.0_65-b17), built on Oct  6 2015 16:39:20 by "java_re" with MS VC++ 10.0 (VS2010)

time: Wed Nov 18 21:40:16 2015
elapsed time: 8 seconds (0d 0h 0m 8s)

