#
# There is insufficient memory for the Java Runtime Environment to continue.
# Native memory allocation (malloc) failed to allocate 1125456 bytes for Chunk::new
# Possible reasons:
#   The system is out of physical RAM or swap space
#   In 32 bit mode, the process size limit was hit
# Possible solutions:
#   Reduce memory load on the system
#   Increase physical memory or swap space
#   Check if swap backing store is full
#   Use 64 bit Java on a 64 bit OS
#   Decrease Java heap size (-Xmx/-Xms)
#   Decrease number of Java threads
#   Decrease Java thread stack sizes (-Xss)
#   Set larger code cache with -XX:ReservedCodeCacheSize=
# This output file may be truncated or incomplete.
#
#  Out of Memory Error (allocation.cpp:390), pid=14224, tid=4424
#
# JRE version: Java(TM) SE Runtime Environment (8.0_65-b17) (build 1.8.0_65-b17)
# Java VM: Java HotSpot(TM) 64-Bit Server VM (25.65-b01 mixed mode windows-amd64 compressed oops)
# Failed to write core dump. Minidumps are not enabled by default on client versions of Windows
#

---------------  T H R E A D  ---------------

Current thread (0x000000000862a800):  JavaThread "C2 CompilerThread0" daemon [_thread_in_native, id=4424, stack(0x0000000008c00000,0x0000000008d00000)]

Stack: [0x0000000008c00000,0x0000000008d00000]
[error occurred during error reporting (printing stack bounds), id 0xc0000005]

Native frames: (J=compiled Java code, j=interpreted, Vv=VM code, C=native code)


Current CompileTask:
C2:   4492 1624   !   4       com.android.dx.cf.code.BytecodeArray::parseInstruction (2764 bytes)


---------------  P R O C E S S  ---------------

Java Threads: ( => current thread )
  0x00000000089b2000 JavaThread "pool-1-thread-4" [_thread_blocked, id=4232, stack(0x0000000009e00000,0x0000000009f00000)]
  0x00000000089b1800 JavaThread "pool-1-thread-3" [_thread_in_Java, id=13420, stack(0x0000000009d00000,0x0000000009e00000)]
  0x00000000089b1000 JavaThread "pool-1-thread-2" [_thread_blocked, id=456, stack(0x0000000009c00000,0x0000000009d00000)]
  0x00000000089fd800 JavaThread "pool-2-thread-1" [_thread_blocked, id=7540, stack(0x0000000009b00000,0x0000000009c00000)]
  0x00000000088fc800 JavaThread "pool-1-thread-1" [_thread_in_Java, id=14088, stack(0x0000000009a00000,0x0000000009b00000)]
  0x000000000869e800 JavaThread "Service Thread" daemon [_thread_blocked, id=2004, stack(0x0000000009000000,0x0000000009100000)]
  0x0000000008635000 JavaThread "C1 CompilerThread3" daemon [_thread_blocked, id=12308, stack(0x0000000008f00000,0x0000000009000000)]
  0x0000000008631800 JavaThread "C2 CompilerThread2" daemon [_thread_in_native, id=3684, stack(0x0000000008e00000,0x0000000008f00000)]
  0x000000000862d800 JavaThread "C2 CompilerThread1" daemon [_thread_in_native, id=13600, stack(0x0000000008d00000,0x0000000008e00000)]
=>0x000000000862a800 JavaThread "C2 CompilerThread0" daemon [_thread_in_native, id=4424, stack(0x0000000008c00000,0x0000000008d00000)]
  0x0000000008627800 JavaThread "Attach Listener" daemon [_thread_blocked, id=9924, stack(0x0000000008b00000,0x0000000008c00000)]
  0x0000000008626000 JavaThread "Signal Dispatcher" daemon [_thread_blocked, id=7388, stack(0x0000000008a00000,0x0000000008b00000)]
  0x00000000029f9800 JavaThread "Finalizer" daemon [_thread_blocked, id=7524, stack(0x0000000008410000,0x0000000008510000)]
  0x000000000651d800 JavaThread "Reference Handler" daemon [_thread_blocked, id=5288, stack(0x0000000008310000,0x0000000008410000)]
  0x00000000028fd800 JavaThread "main" [_thread_in_Java, id=12792, stack(0x0000000002730000,0x0000000002830000)]

Other Threads:
  0x0000000006519000 VMThread [stack: 0x0000000008210000,0x0000000008310000] [id=12024]
  0x00000000086c4000 WatcherThread [stack: 0x0000000009100000,0x0000000009200000] [id=3624]

VM state:not at safepoint (normal execution)

VM Mutex/Monitor currently owned by a thread: None

Heap:
 PSYoungGen      total 71680K, used 21448K [0x00000000eab00000, 0x00000000ef600000, 0x0000000100000000)
  eden space 66560K, 24% used [0x00000000eab00000,0x00000000ebaf9478,0x00000000eec00000)
  from space 5120K, 99% used [0x00000000ef100000,0x00000000ef5f8d50,0x00000000ef600000)
  to   space 5120K, 0% used [0x00000000eec00000,0x00000000eec00000,0x00000000ef100000)
 ParOldGen       total 87552K, used 6180K [0x00000000c0000000, 0x00000000c5580000, 0x00000000eab00000)
  object space 87552K, 7% used [0x00000000c0000000,0x00000000c0609170,0x00000000c5580000)
 Metaspace       used 6285K, capacity 7128K, committed 7424K, reserved 1056768K
  class space    used 620K, capacity 656K, committed 768K, reserved 1048576K

Card table byte_map: [0x0000000002dc0000,0x0000000002fd0000] byte_map_base: 0x00000000027c0000

Marking Bits: (ParMarkBitMap*) 0x00000000686ca5b0
 Begin Bits: [0x0000000003930000, 0x0000000004930000)
 End Bits:   [0x0000000004930000, 0x0000000005930000)

Polling page: 0x0000000002660000

CodeCache: size=245760Kb used=7102Kb max_used=7112Kb free=238657Kb
 bounds [0x000000000f010000, 0x000000000f710000, 0x000000001e010000]
 total_blobs=1921 nmethods=1651 adapters=182
 compilation: enabled

Compilation events (10 events):
Event: 4.336 Thread 0x0000000008631800 1654       4       com.android.dx.ssa.back.FirstFitLocalCombiningAllocator::addMapping (76 bytes)
Event: 4.379 Thread 0x000000000862d800 nmethod 1652 0x000000000f6fe2d0 code [0x000000000f6fe500, 0x000000000f6ffa70]
Event: 4.379 Thread 0x000000000862d800 1657       4       com.android.dx.util.IntList::binarysearch (124 bytes)
Event: 4.382 Thread 0x000000000862d800 nmethod 1657 0x000000000f6ed150 code [0x000000000f6ed2a0, 0x000000000f6ed438]
Event: 4.382 Thread 0x000000000862d800 1656       4       com.android.dx.ssa.SCCP::simulateStmt (481 bytes)
Event: 4.423 Thread 0x0000000008631800 nmethod 1654 0x000000000f7041d0 code [0x000000000f704440, 0x000000000f706558]
Event: 4.423 Thread 0x0000000008631800 1655 %     4       com.android.dx.ssa.SsaMethod::forEachBlockDepthFirst @ 62 (194 bytes)
Event: 4.490 Thread 0x0000000008635000 1658       3       java.util.concurrent.locks.ReentrantLock::unlock (10 bytes)
Event: 4.490 Thread 0x0000000008635000 nmethod 1658 0x000000000f6eca90 code [0x000000000f6ecc20, 0x000000000f6ed018]
Event: 4.491 Thread 0x0000000008635000 1659       3       java.util.TreeMap::entrySet (27 bytes)

GC Heap History (4 events):
Event: 1.486 GC heap before
{Heap before GC invocations=1 (full 0):
 PSYoungGen      total 38400K, used 33280K [0x00000000eab00000, 0x00000000ed580000, 0x0000000100000000)
  eden space 33280K, 100% used [0x00000000eab00000,0x00000000ecb80000,0x00000000ecb80000)
  from space 5120K, 0% used [0x00000000ed080000,0x00000000ed080000,0x00000000ed580000)
  to   space 5120K, 0% used [0x00000000ecb80000,0x00000000ecb80000,0x00000000ed080000)
 ParOldGen       total 87552K, used 0K [0x00000000c0000000, 0x00000000c5580000, 0x00000000eab00000)
  object space 87552K, 0% used [0x00000000c0000000,0x00000000c0000000,0x00000000c5580000)
 Metaspace       used 5965K, capacity 6896K, committed 7040K, reserved 1056768K
  class space    used 599K, capacity 616K, committed 640K, reserved 1048576K
Event: 2.029 GC heap after
Heap after GC invocations=1 (full 0):
 PSYoungGen      total 38400K, used 5108K [0x00000000eab00000, 0x00000000ef600000, 0x0000000100000000)
  eden space 33280K, 0% used [0x00000000eab00000,0x00000000eab00000,0x00000000ecb80000)
  from space 5120K, 99% used [0x00000000ecb80000,0x00000000ed07d310,0x00000000ed080000)
  to   space 5120K, 0% used [0x00000000ef100000,0x00000000ef100000,0x00000000ef600000)
 ParOldGen       total 87552K, used 1481K [0x00000000c0000000, 0x00000000c5580000, 0x00000000eab00000)
  object space 87552K, 1% used [0x00000000c0000000,0x00000000c01725c8,0x00000000c5580000)
 Metaspace       used 5965K, capacity 6896K, committed 7040K, reserved 1056768K
  class space    used 599K, capacity 616K, committed 640K, reserved 1048576K
}
Event: 3.013 GC heap before
{Heap before GC invocations=2 (full 0):
 PSYoungGen      total 38400K, used 38388K [0x00000000eab00000, 0x00000000ef600000, 0x0000000100000000)
  eden space 33280K, 100% used [0x00000000eab00000,0x00000000ecb80000,0x00000000ecb80000)
  from space 5120K, 99% used [0x00000000ecb80000,0x00000000ed07d310,0x00000000ed080000)
  to   space 5120K, 0% used [0x00000000ef100000,0x00000000ef100000,0x00000000ef600000)
 ParOldGen       total 87552K, used 1481K [0x00000000c0000000, 0x00000000c5580000, 0x00000000eab00000)
  object space 87552K, 1% used [0x00000000c0000000,0x00000000c01725c8,0x00000000c5580000)
 Metaspace       used 6163K, capacity 7088K, committed 7296K, reserved 1056768K
  class space    used 599K, capacity 616K, committed 640K, reserved 1048576K
Event: 3.695 GC heap after
Heap after GC invocations=2 (full 0):
 PSYoungGen      total 71680K, used 5091K [0x00000000eab00000, 0x00000000ef600000, 0x0000000100000000)
  eden space 66560K, 0% used [0x00000000eab00000,0x00000000eab00000,0x00000000eec00000)
  from space 5120K, 99% used [0x00000000ef100000,0x00000000ef5f8d50,0x00000000ef600000)
  to   space 5120K, 0% used [0x00000000eec00000,0x00000000eec00000,0x00000000ef100000)
 ParOldGen       total 87552K, used 6180K [0x00000000c0000000, 0x00000000c5580000, 0x00000000eab00000)
  object space 87552K, 7% used [0x00000000c0000000,0x00000000c0609170,0x00000000c5580000)
 Metaspace       used 6163K, capacity 7088K, committed 7296K, reserved 1056768K
  class space    used 599K, capacity 616K, committed 640K, reserved 1048576K
}

Deoptimization events (10 events):
Event: 2.288 Thread 0x00000000088fc800 Uncommon trap: reason=null_check action=make_not_entrant pc=0x000000000f394b60 method=com.android.dx.rop.type.Type.equals(Ljava/lang/Object;)Z @ 8
Event: 2.290 Thread 0x00000000088fc800 Uncommon trap: reason=bimorphic action=maybe_recompile pc=0x000000000f3933a8 method=java.util.HashMap.getNode(ILjava/lang/Object;)Ljava/util/HashMap$Node; @ 126
Event: 2.537 Thread 0x00000000089b1800 Uncommon trap: reason=unstable_if action=reinterpret pc=0x000000000f576c68 method=com.android.dx.ssa.SCCP.simulateStmt(Lcom/android/dx/ssa/SsaInsn;)V @ 59
Event: 2.559 Thread 0x00000000089b1800 Uncommon trap: reason=unstable_if action=reinterpret pc=0x000000000f37f4d8 method=com.android.dx.rop.code.RegisterSpec.equals(ILcom/android/dx/rop/type/TypeBearer;Lcom/android/dx/rop/code/LocalItem;)Z @ 42
Event: 3.879 Thread 0x00000000089b1800 Uncommon trap: reason=bimorphic action=maybe_recompile pc=0x000000000f634ad0 method=com.android.dx.cf.code.BytecodeArray.parseInstruction(ILcom/android/dx/cf/code/BytecodeArray$Visitor;)I @ 1501
Event: 3.879 Thread 0x00000000089b1800 Uncommon trap: reason=bimorphic action=maybe_recompile pc=0x000000000f634ad0 method=com.android.dx.cf.code.BytecodeArray.parseInstruction(ILcom/android/dx/cf/code/BytecodeArray$Visitor;)I @ 1501
Event: 3.882 Thread 0x00000000089b1800 Uncommon trap: reason=unstable_if action=reinterpret pc=0x000000000f3e6558 method=java.util.HashMap.putVal(ILjava/lang/Object;Ljava/lang/Object;ZZ)Ljava/lang/Object; @ 162
Event: 3.888 Thread 0x00000000089b1800 Uncommon trap: reason=unstable_if action=reinterpret pc=0x000000000f393388 method=java.util.HashMap.getNode(ILjava/lang/Object;)Ljava/util/HashMap$Node; @ 84
Event: 4.048 Thread 0x00000000089b2000 Uncommon trap: reason=bimorphic action=maybe_recompile pc=0x000000000f634ad0 method=com.android.dx.cf.code.BytecodeArray.parseInstruction(ILcom/android/dx/cf/code/BytecodeArray$Visitor;)I @ 1501
Event: 4.048 Thread 0x00000000089b2000 Uncommon trap: reason=bimorphic action=maybe_recompile pc=0x000000000f634ad0 method=com.android.dx.cf.code.BytecodeArray.parseInstruction(ILcom/android/dx/cf/code/BytecodeArray$Visitor;)I @ 1501

Internal exceptions (8 events):
Event: 0.078 Thread 0x00000000028fd800 Exception <a 'java/lang/NoSuchMethodError': Method sun.misc.Unsafe.defineClass(Ljava/lang/String;[BII)Ljava/lang/Class; name or signature does not match> (0x00000000eab13030) thrown at [C:\workspace\8-2-build-windows-amd64-cygwin\jdk8u65\4987\hotspot\src\soÈMüý³?
Event: 0.078 Thread 0x00000000028fd800 Exception <a 'java/lang/NoSuchMethodError': Method sun.misc.Unsafe.prefetchRead(Ljava/lang/Object;J)V name or signature does not match> (0x00000000eab13318) thrown at [C:\workspace\8-2-build-windows-amd64-cygwin\jdk8u65\4987\hotspot\src\share\vm\prims\jni."ö§Îå-ò?
Event: 1.136 Thread 0x00000000028fd800 Implicit null exception at 0x000000000f312cbc to 0x000000000f314da1
Event: 1.136 Thread 0x00000000028fd800 Implicit null exception at 0x000000000f30ad28 to 0x000000000f30ca9d
Event: 2.288 Thread 0x00000000088fc800 Implicit null exception at 0x000000000f394a62 to 0x000000000f394b52
Event: 3.885 Thread 0x00000000089b1800 Exception <a 'java/lang/ArrayIndexOutOfBoundsException': 18> (0x00000000eaec9730) thrown at [C:\workspace\8-2-build-windows-amd64-cygwin\jdk8u65\4987\hotspot\src\share\vm\interpreter\interpreterRuntime.cpp, line 366]
Event: 3.885 Thread 0x00000000089b1800 Exception <a 'java/lang/ArrayIndexOutOfBoundsException': 145> (0x00000000eaecb2b0) thrown at [C:\workspace\8-2-build-windows-amd64-cygwin\jdk8u65\4987\hotspot\src\share\vm\interpreter\interpreterRuntime.cpp, line 366]
Event: 3.886 Thread 0x00000000089b1800 Exception <a 'java/lang/ArrayIndexOutOfBoundsException'> (0x00000000eaecc598) thrown at [C:\workspace\8-2-build-windows-amd64-cygwin\jdk8u65\4987\hotspot\src\share\vm\runtime\sharedRuntime.cpp, line 605]

Events (10 events):
Event: 3.888 Thread 0x00000000089b1800 DEOPT PACKING pc=0x000000000f393388 sp=0x0000000009dfe5a0
Event: 3.888 Thread 0x00000000089b1800 DEOPT UNPACKING pc=0x000000000f05582a sp=0x0000000009dfe528 mode 2
Event: 4.048 Thread 0x00000000089b2000 Uncommon trap: trap_request=0xffffffc6 fr.pc=0x000000000f634ad0
Event: 4.048 Thread 0x00000000089b2000 DEOPT PACKING pc=0x000000000f634ad0 sp=0x0000000009efe3a0
Event: 4.048 Thread 0x00000000089b2000 DEOPT UNPACKING pc=0x000000000f05582a sp=0x0000000009efe360 mode 2
Event: 4.048 Thread 0x00000000089b2000 Uncommon trap: trap_request=0xffffffc6 fr.pc=0x000000000f634ad0
Event: 4.048 Thread 0x00000000089b2000 DEOPT PACKING pc=0x000000000f634ad0 sp=0x0000000009efe200
Event: 4.048 Thread 0x00000000089b2000 DEOPT UNPACKING pc=0x000000000f05582a sp=0x0000000009efe1c0 mode 2
Event: 4.188 Executing VM operation: EnableBiasedLocking
Event: 4.218 Executing VM operation: EnableBiasedLocking done


Dynamic libraries:
0x00007ff6f00c0000 - 0x00007ff6f00f7000 	D:\Program Files\Java\jdk1.8.0_65\bin\java.exe
0x00007ffa66390000 - 0x00007ffa66551000 	C:\WINDOWS\SYSTEM32\ntdll.dll
0x00007ffa63aa0000 - 0x00007ffa63b4d000 	C:\WINDOWS\system32\KERNEL32.DLL
0x00007ffa63860000 - 0x00007ffa63a3d000 	C:\WINDOWS\system32\KERNELBASE.dll
0x00007ffa662e0000 - 0x00007ffa66386000 	C:\WINDOWS\system32\ADVAPI32.dll
0x00007ffa64030000 - 0x00007ffa640cd000 	C:\WINDOWS\system32\msvcrt.dll
0x00007ffa640d0000 - 0x00007ffa6412b000 	C:\WINDOWS\system32\sechost.dll
0x00007ffa65ac0000 - 0x00007ffa65be6000 	C:\WINDOWS\system32\RPCRT4.dll
0x00007ffa64420000 - 0x00007ffa6456e000 	C:\WINDOWS\system32\USER32.dll
0x00007ffa63d20000 - 0x00007ffa63ea6000 	C:\WINDOWS\system32\GDI32.dll
0x00007ffa5d740000 - 0x00007ffa5d9b4000 	C:\WINDOWS\WinSxS\amd64_microsoft.windows.common-controls_6595b64144ccf1df_6.0.10240.16384_none_f41f7b285750ef43\COMCTL32.dll
0x00007ffa662a0000 - 0x00007ffa662d6000 	C:\WINDOWS\system32\IMM32.DLL
0x00007ffa63ed0000 - 0x00007ffa6402c000 	C:\WINDOWS\system32\MSCTF.dll
0x00007ffa627e0000 - 0x00007ffa62811000 	C:\Windows\system32\nvinitx.dll
0x00007ffa62380000 - 0x00007ffa6238a000 	C:\WINDOWS\SYSTEM32\VERSION.dll
0x000000000f000000 - 0x000000000f006000 	C:\Program Files\NVIDIA Corporation\CoProcManager\_etoured.dll
0x00007ffa61490000 - 0x00007ffa614c2000 	C:\Program Files\NVIDIA Corporation\CoProcManager\nvd3d9wrapx.dll
0x00007ffa63b50000 - 0x00007ffa63d15000 	C:\WINDOWS\system32\SETUPAPI.dll
0x00007ffa630c0000 - 0x00007ffa63104000 	C:\WINDOWS\system32\CFGMGR32.dll
0x00007ffa60ca0000 - 0x00007ffa60cc2000 	C:\Program Files\NVIDIA Corporation\CoProcManager\nvdxgiwrapx.dll
0x0000000068750000 - 0x0000000068822000 	D:\Program Files\Java\jdk1.8.0_65\jre\bin\msvcr100.dll
0x0000000067ec0000 - 0x0000000068749000 	D:\Program Files\Java\jdk1.8.0_65\jre\bin\server\jvm.dll
0x00007ffa65ab0000 - 0x00007ffa65ab8000 	C:\WINDOWS\system32\PSAPI.DLL
0x00007ffa57850000 - 0x00007ffa57859000 	C:\WINDOWS\SYSTEM32\WSOCK32.dll
0x00007ffa643b0000 - 0x00007ffa64419000 	C:\WINDOWS\system32\WS2_32.dll
0x00007ffa64570000 - 0x00007ffa64578000 	C:\WINDOWS\system32\NSI.dll
0x00007ffa60a00000 - 0x00007ffa60a23000 	C:\WINDOWS\SYSTEM32\WINMM.dll
0x00007ffa60880000 - 0x00007ffa608ac000 	C:\WINDOWS\SYSTEM32\WINMMBASE.dll
0x00007ffa61620000 - 0x00007ffa61647000 	C:\WINDOWS\SYSTEM32\DEVOBJ.dll
0x00000000695a0000 - 0x00000000695af000 	D:\Program Files\Java\jdk1.8.0_65\jre\bin\verify.dll
0x0000000067e90000 - 0x0000000067eb9000 	D:\Program Files\Java\jdk1.8.0_65\jre\bin\java.dll
0x0000000067e70000 - 0x0000000067e86000 	D:\Program Files\Java\jdk1.8.0_65\jre\bin\zip.dll
0x00007ffa64580000 - 0x00007ffa65aa2000 	C:\WINDOWS\system32\SHELL32.dll
0x00007ffa63110000 - 0x00007ffa63738000 	C:\WINDOWS\system32\windows.storage.dll
0x00007ffa66020000 - 0x00007ffa6629c000 	C:\WINDOWS\system32\combase.dll
0x00007ffa641a0000 - 0x00007ffa641f1000 	C:\WINDOWS\system32\shlwapi.dll
0x00007ffa62de0000 - 0x00007ffa62def000 	C:\WINDOWS\system32\kernel.appcore.dll
0x00007ffa63740000 - 0x00007ffa637f3000 	C:\WINDOWS\system32\shcore.dll
0x00007ffa62df0000 - 0x00007ffa62e3a000 	C:\WINDOWS\system32\powrprof.dll
0x00007ffa62da0000 - 0x00007ffa62db3000 	C:\WINDOWS\system32\profapi.dll

VM Arguments:
jvm_args: -Xmx1024M -Dfile.encoding=windows-1251 -Duser.country=RU -Duser.language=ru -Duser.variant 
java_command: com.android.dx.command.Main --dex --num-threads=4 --output D:\AndroidStudioProjects\WeatherApp\app\build\intermediates\pre-dexed\debug\glide-3.6.1-21d55a60c2fa8cd616969234beb092a52259524e.jar C:\Users\user\.gradle\caches\modules-2\files-2.1\com.github.bumptech.glide\glide\3.6.1\86b122e640af09b0723e1fa44083c354ba6d9089\glide-3.6.1.jar
java_class_path (initial): D:\Android\sdk\build-tools\23.0.2\lib\dx.jar
Launcher Type: SUN_STANDARD

Environment Variables:
JAVA_HOME=D:\Program Files\Java\jdk1.8.0_66
PATH=D:\watcom-1.3\binnt;D:\watcom-1.3\binw;C:\ProgramData\Oracle\Java\javapath;C:\Program Files (x86)\HP SimplePass\;C:\Program Files (x86)\Intel\iCLS Client\;C:\Program Files\Intel\iCLS Client\;C:\Windows\system32;C:\Windows;C:\Windows\System32\Wbem;C:\Windows\System32\WindowsPowerShell\v1.0\;C:\Program Files\Intel\Intel(R) Management Engine Components\DAL;C:\Program Files\Intel\Intel(R) Management Engine Components\IPT;C:\Program Files (x86)\Intel\Intel(R) Management Engine Components\DAL;C:\Program Files (x86)\Intel\Intel(R) Management Engine Components\IPT;C:\Program Files (x86)\Intel\OpenCL SDK\2.0\bin\x86;C:\Program Files (x86)\Intel\OpenCL SDK\2.0\bin\x64;C:\Program Files\Intel\WiFi\bin\;C:\Program Files\Common Files\Intel\WirelessCommon\;C:\Program Files (x86)\Microsoft SQL Server\100\Tools\Binn\;C:\Program Files\Microsoft SQL Server\100\Tools\Binn\;C:\Program Files\Microsoft SQL Server\100\DTS\Binn\;D:\Program Files (x86)\MiKTeX 2.9\miktex\bin\;D:\Program Files\MATLAB\R2008b\bin;D:\Program Files\MATLAB\R2008b\bin\win64;C:\Program Files (x86)\Common Files\Ulead Systems\MPEG;C:\WINDOWS\system32;C:\WINDOWS;C:\WINDOWS\System32\Wbem;C:\WINDOWS\System32\WindowsPowerShell\v1.0\;C:\Program Files (x86)\Skype\Phone\;C:\Program Files (x86)\Windows Live\Shared;C:\Program Files\Intel\WiFi\bin\;C:\Program Files\Common Files\Intel\WirelessCommon\;D:\Android\sdk\platform-tools;D:\Android\sdk\tools
USERNAME=user
OS=Windows_NT
PROCESSOR_IDENTIFIER=Intel64 Family 6 Model 58 Stepping 9, GenuineIntel



---------------  S Y S T E M  ---------------

OS: Windows 10.0 , 64 bit Build 10240 (10.0.10240.16384)

CPU:total 8 (4 cores per cpu, 2 threads per core) family 6 model 58 stepping 9, cmov, cx8, fxsr, mmx, sse, sse2, sse3, ssse3, sse4.1, sse4.2, popcnt, avx, aes, clmul, erms, ht, tsc, tscinvbit, tscinv

Memory: 4k page, physical 8281400k(1727388k free), swap 12475704k(4992k free)

vm_info: Java HotSpot(TM) 64-Bit Server VM (25.65-b01) for windows-amd64 JRE (1.8.0_65-b17), built on Oct  6 2015 16:39:20 by "java_re" with MS VC++ 10.0 (VS2010)

time: Wed Nov 18 22:48:44 2015
elapsed time: 4 seconds (0d 0h 0m 4s)

