#
# There is insufficient memory for the Java Runtime Environment to continue.
# Native memory allocation (malloc) failed to allocate 1048576 bytes for AllocateHeap
# Possible reasons:
#   The system is out of physical RAM or swap space
#   In 32 bit mode, the process size limit was hit
# Possible solutions:
#   Reduce memory load on the system
#   Increase physical memory or swap space
#   Check if swap backing store is full
#   Use 64 bit Java on a 64 bit OS
#   Decrease Java heap size (-Xmx/-Xms)
#   Decrease number of Java threads
#   Decrease Java thread stack sizes (-Xss)
#   Set larger code cache with -XX:ReservedCodeCacheSize=
# This output file may be truncated or incomplete.
#
#  Out of Memory Error (memory/allocation.inline.hpp:61), pid=320, tid=9548
#
# JRE version:  (8.0_65-b17) (build )
# Java VM: Java HotSpot(TM) 64-Bit Server VM (25.65-b01 mixed mode windows-amd64 compressed oops)
# Failed to write core dump. Minidumps are not enabled by default on client versions of Windows
#

---------------  T H R E A D  ---------------

Current thread (0x000000000278d800):  JavaThread "Unknown thread" [_thread_in_vm, id=9548, stack(0x0000000002790000,0x0000000002890000)]

Stack: [0x0000000002790000,0x0000000002890000]
[error occurred during error reporting (printing stack bounds), id 0xc0000005]

Native frames: (J=compiled Java code, j=interpreted, Vv=VM code, C=native code)


---------------  P R O C E S S  ---------------

Java Threads: ( => current thread )

Other Threads:

=>0x000000000278d800 (exited) JavaThread "Unknown thread" [_thread_in_vm, id=9548, stack(0x0000000002790000,0x0000000002890000)]

VM state:not at safepoint (normal execution)

VM Mutex/Monitor currently owned by a thread: None

Heap:
 PSYoungGen      total 38400K, used 665K [0x00000000eab00000, 0x00000000ed580000, 0x0000000100000000)
  eden space 33280K, 2% used [0x00000000eab00000,0x00000000eaba6670,0x00000000ecb80000)
  from space 5120K, 0% used [0x00000000ed080000,0x00000000ed080000,0x00000000ed580000)
  to   space 5120K, 0% used [0x00000000ecb80000,0x00000000ecb80000,0x00000000ed080000)
 ParOldGen       total 87552K, used 0K [0x00000000c0000000, 0x00000000c5580000, 0x00000000eab00000)
  object space 87552K, 0% used [0x00000000c0000000,0x00000000c0000000,0x00000000c5580000)
 Metaspace       used 767K, capacity 4480K, committed 4480K, reserved 1056768K
  class space    used 75K, capacity 384K, committed 384K, reserved 1048576K

Card table byte_map: [0x0000000002d50000,0x0000000002f60000] byte_map_base: 0x0000000002750000

Marking Bits: (ParMarkBitMap*) 0x0000000075a7a5b0
 Begin Bits: [0x00000000038c0000, 0x00000000048c0000)
 End Bits:   [0x00000000048c0000, 0x00000000058c0000)

Polling page: 0x0000000000eb0000

CodeCache: size=245760Kb used=328Kb max_used=328Kb free=245431Kb
 bounds [0x000000000f010000, 0x000000000f280000, 0x000000001e010000]
 total_blobs=57 nmethods=0 adapters=37
 compilation: enabled

Compilation events (0 events):
No events

GC Heap History (0 events):
No events

Deoptimization events (0 events):
No events

Internal exceptions (0 events):
No events

Events (10 events):
Event: 0.028 loading class java/lang/Short
Event: 0.028 loading class java/lang/Short done
Event: 0.028 loading class java/lang/Integer
Event: 0.028 loading class java/lang/Integer done
Event: 0.028 loading class java/lang/Long
Event: 0.028 loading class java/lang/Long done
Event: 0.029 loading class java/lang/NullPointerException
Event: 0.029 loading class java/lang/NullPointerException done
Event: 0.029 loading class java/lang/ArithmeticException
Event: 0.029 loading class java/lang/ArithmeticException done


Dynamic libraries:
0x00007ff6383e0000 - 0x00007ff638417000 	D:\Program Files\Java\jdk1.8.0_65\bin\java.exe
0x00007ff949d70000 - 0x00007ff949f31000 	C:\WINDOWS\SYSTEM32\ntdll.dll
0x00007ff949780000 - 0x00007ff94982d000 	C:\WINDOWS\system32\KERNEL32.DLL
0x00007ff947240000 - 0x00007ff94741d000 	C:\WINDOWS\system32\KERNELBASE.dll
0x00007ff949b60000 - 0x00007ff949c06000 	C:\WINDOWS\system32\ADVAPI32.dll
0x00007ff949ac0000 - 0x00007ff949b5d000 	C:\WINDOWS\system32\msvcrt.dll
0x00007ff949720000 - 0x00007ff94977b000 	C:\WINDOWS\system32\sechost.dll
0x00007ff947a40000 - 0x00007ff947b66000 	C:\WINDOWS\system32\RPCRT4.dll
0x00007ff947600000 - 0x00007ff94774e000 	C:\WINDOWS\system32\USER32.dll
0x00007ff947470000 - 0x00007ff9475f6000 	C:\WINDOWS\system32\GDI32.dll
0x00007ff93dd10000 - 0x00007ff93df84000 	C:\WINDOWS\WinSxS\amd64_microsoft.windows.common-controls_6595b64144ccf1df_6.0.10240.16384_none_f41f7b285750ef43\COMCTL32.dll
0x00007ff947430000 - 0x00007ff947466000 	C:\WINDOWS\system32\IMM32.DLL
0x00007ff949c10000 - 0x00007ff949d6c000 	C:\WINDOWS\system32\MSCTF.dll
0x00007ff946670000 - 0x00007ff9466a1000 	C:\Windows\system32\nvinitx.dll
0x00007ff946660000 - 0x00007ff94666a000 	C:\WINDOWS\SYSTEM32\VERSION.dll
0x000000000f000000 - 0x000000000f006000 	C:\Program Files\NVIDIA Corporation\CoProcManager\_etoured.dll
0x00007ff944470000 - 0x00007ff9444a2000 	C:\Program Files\NVIDIA Corporation\CoProcManager\nvd3d9wrapx.dll
0x00007ff947b70000 - 0x00007ff947d35000 	C:\WINDOWS\system32\SETUPAPI.dll
0x00007ff946820000 - 0x00007ff946864000 	C:\WINDOWS\system32\CFGMGR32.dll
0x00007ff944440000 - 0x00007ff944462000 	C:\Program Files\NVIDIA Corporation\CoProcManager\nvdxgiwrapx.dll
0x0000000075b00000 - 0x0000000075bd2000 	D:\Program Files\Java\jdk1.8.0_65\jre\bin\msvcr100.dll
0x0000000075270000 - 0x0000000075af9000 	D:\Program Files\Java\jdk1.8.0_65\jre\bin\server\jvm.dll
0x00007ff9496f0000 - 0x00007ff9496f8000 	C:\WINDOWS\system32\PSAPI.DLL
0x00007ff9395e0000 - 0x00007ff9395e9000 	C:\WINDOWS\SYSTEM32\WSOCK32.dll
0x00007ff947d40000 - 0x00007ff947da9000 	C:\WINDOWS\system32\WS2_32.dll
0x00007ff947420000 - 0x00007ff947428000 	C:\WINDOWS\system32\NSI.dll
0x00007ff9443e0000 - 0x00007ff944403000 	C:\WINDOWS\SYSTEM32\WINMM.dll
0x00007ff944330000 - 0x00007ff94435c000 	C:\WINDOWS\SYSTEM32\WINMMBASE.dll
0x00007ff9450e0000 - 0x00007ff945107000 	C:\WINDOWS\SYSTEM32\DEVOBJ.dll
0x0000000076820000 - 0x000000007682f000 	D:\Program Files\Java\jdk1.8.0_65\jre\bin\verify.dll
0x0000000075240000 - 0x0000000075269000 	D:\Program Files\Java\jdk1.8.0_65\jre\bin\java.dll
0x0000000075220000 - 0x0000000075236000 	D:\Program Files\Java\jdk1.8.0_65\jre\bin\zip.dll

VM Arguments:
jvm_args: -Xmx1024M -Dfile.encoding=windows-1251 -Duser.country=RU -Duser.language=ru -Duser.variant 
java_command: com.android.dx.command.Main --dex --num-threads=4 --output D:\AndroidStudioProjects\WeatherApp\app\build\intermediates\pre-dexed\debug\support-annotations-23.1.0-c820c2757b9c153a2fdd49f347072aa131e38fe7.jar D:\Android\sdk\extras\android\m2repository\com\android\support\support-annotations\23.1.0\support-annotations-23.1.0.jar
java_class_path (initial): D:\Android\sdk\build-tools\23.0.2\lib\dx.jar
Launcher Type: SUN_STANDARD

Environment Variables:
JAVA_HOME=D:\Program Files\Java\jdk1.8.0_60
PATH=D:\watcom-1.3\binnt;D:\watcom-1.3\binw;C:\ProgramData\Oracle\Java\javapath;C:\Program Files (x86)\HP SimplePass\;C:\Program Files (x86)\Intel\iCLS Client\;C:\Program Files\Intel\iCLS Client\;C:\Windows\system32;C:\Windows;C:\Windows\System32\Wbem;C:\Windows\System32\WindowsPowerShell\v1.0\;C:\Program Files\Intel\Intel(R) Management Engine Components\DAL;C:\Program Files\Intel\Intel(R) Management Engine Components\IPT;C:\Program Files (x86)\Intel\Intel(R) Management Engine Components\DAL;C:\Program Files (x86)\Intel\Intel(R) Management Engine Components\IPT;C:\Program Files (x86)\Intel\OpenCL SDK\2.0\bin\x86;C:\Program Files (x86)\Intel\OpenCL SDK\2.0\bin\x64;C:\Program Files\Intel\WiFi\bin\;C:\Program Files\Common Files\Intel\WirelessCommon\;C:\Program Files (x86)\Microsoft SQL Server\100\Tools\Binn\;C:\Program Files\Microsoft SQL Server\100\Tools\Binn\;C:\Program Files\Microsoft SQL Server\100\DTS\Binn\;D:\Program Files (x86)\MiKTeX 2.9\miktex\bin\;D:\Program Files\MATLAB\R2008b\bin;D:\Program Files\MATLAB\R2008b\bin\win64;C:\Program Files (x86)\Common Files\Ulead Systems\MPEG;C:\WINDOWS\system32;C:\WINDOWS;C:\WINDOWS\System32\Wbem;C:\WINDOWS\System32\WindowsPowerShell\v1.0\;C:\Program Files (x86)\Skype\Phone\;C:\Program Files (x86)\Windows Live\Shared;C:\Program Files\Intel\WiFi\bin\;C:\Program Files\Common Files\Intel\WirelessCommon\;D:\Android\sdk\platform-tools;D:\Android\sdk\tools
USERNAME=user
OS=Windows_NT
PROCESSOR_IDENTIFIER=Intel64 Family 6 Model 58 Stepping 9, GenuineIntel



---------------  S Y S T E M  ---------------

OS: Windows 10.0 , 64 bit Build 10240 (10.0.10240.16384)

CPU:total 8 (4 cores per cpu, 2 threads per core) family 6 model 58 stepping 9, cmov, cx8, fxsr, mmx, sse, sse2, sse3, ssse3, sse4.1, sse4.2, popcnt, avx, aes, clmul, erms, ht, tsc, tscinvbit, tscinv

Memory: 4k page, physical 8281400k(2934948k free), swap 12475704k(11820k free)

vm_info: Java HotSpot(TM) 64-Bit Server VM (25.65-b01) for windows-amd64 JRE (1.8.0_65-b17), built on Oct  6 2015 16:39:20 by "java_re" with MS VC++ 10.0 (VS2010)

time: Thu Nov 12 11:11:08 2015
elapsed time: 0 seconds (0d 0h 0m 0s)

