#
# There is insufficient memory for the Java Runtime Environment to continue.
# Native memory allocation (malloc) failed to allocate 1384416 bytes for Chunk::new
# Possible reasons:
#   The system is out of physical RAM or swap space
#   In 32 bit mode, the process size limit was hit
# Possible solutions:
#   Reduce memory load on the system
#   Increase physical memory or swap space
#   Check if swap backing store is full
#   Use 64 bit Java on a 64 bit OS
#   Decrease Java heap size (-Xmx/-Xms)
#   Decrease number of Java threads
#   Decrease Java thread stack sizes (-Xss)
#   Set larger code cache with -XX:ReservedCodeCacheSize=
# This output file may be truncated or incomplete.
#
#  Out of Memory Error (allocation.cpp:390), pid=12396, tid=8956
#
# JRE version: Java(TM) SE Runtime Environment (8.0_65-b17) (build 1.8.0_65-b17)
# Java VM: Java HotSpot(TM) 64-Bit Server VM (25.65-b01 mixed mode windows-amd64 compressed oops)
# Failed to write core dump. Minidumps are not enabled by default on client versions of Windows
#

---------------  T H R E A D  ---------------

Current thread (0x0000000007b7d800):  JavaThread "C2 CompilerThread1" daemon [_thread_in_native, id=8956, stack(0x0000000008250000,0x0000000008350000)]

Stack: [0x0000000008250000,0x0000000008350000]
[error occurred during error reporting (printing stack bounds), id 0xc0000005]

Native frames: (J=compiled Java code, j=interpreted, Vv=VM code, C=native code)


Current CompileTask:
C2:   4715 1651       4       com.android.dx.ssa.SsaRenamer$1::visitBlock (16 bytes)


---------------  P R O C E S S  ---------------

Java Threads: ( => current thread )
  0x00000000087e7000 JavaThread "pool-1-thread-4" [_thread_in_Java, id=13532, stack(0x0000000009350000,0x0000000009450000)]
  0x00000000087e4000 JavaThread "pool-1-thread-3" [_thread_blocked, id=13492, stack(0x0000000009250000,0x0000000009350000)]
  0x00000000087e1800 JavaThread "pool-1-thread-2" [_thread_blocked, id=5572, stack(0x0000000009150000,0x0000000009250000)]
  0x00000000087de000 JavaThread "pool-2-thread-1" [_thread_blocked, id=664, stack(0x0000000009050000,0x0000000009150000)]
  0x0000000007e27000 JavaThread "pool-1-thread-1" [_thread_blocked, id=8792, stack(0x0000000008f50000,0x0000000009050000)]
  0x0000000007be6800 JavaThread "Service Thread" daemon [_thread_blocked, id=12956, stack(0x0000000008550000,0x0000000008650000)]
  0x0000000007b8f000 JavaThread "C1 CompilerThread3" daemon [_thread_in_native, id=8752, stack(0x0000000008450000,0x0000000008550000)]
  0x0000000007b84000 JavaThread "C2 CompilerThread2" daemon [_thread_in_native, id=13544, stack(0x0000000008350000,0x0000000008450000)]
=>0x0000000007b7d800 JavaThread "C2 CompilerThread1" daemon [_thread_in_native, id=8956, stack(0x0000000008250000,0x0000000008350000)]
  0x0000000007b7a800 JavaThread "C2 CompilerThread0" daemon [_thread_in_native, id=780, stack(0x0000000008150000,0x0000000008250000)]
  0x0000000007b77800 JavaThread "Attach Listener" daemon [_thread_blocked, id=4052, stack(0x0000000008050000,0x0000000008150000)]
  0x0000000007b76000 JavaThread "Signal Dispatcher" daemon [_thread_blocked, id=10768, stack(0x0000000007f50000,0x0000000008050000)]
  0x0000000001f69800 JavaThread "Finalizer" daemon [_thread_blocked, id=6184, stack(0x0000000007960000,0x0000000007a60000)]
  0x0000000005a8d800 JavaThread "Reference Handler" daemon [_thread_blocked, id=9044, stack(0x0000000007860000,0x0000000007960000)]
  0x0000000001e6d800 JavaThread "main" [_thread_blocked, id=5032, stack(0x0000000001d00000,0x0000000001e00000)]

Other Threads:
  0x0000000005a88800 VMThread [stack: 0x0000000007760000,0x0000000007860000] [id=728]
  0x0000000007be9000 WatcherThread [stack: 0x0000000008650000,0x0000000008750000] [id=4116]

VM state:not at safepoint (normal execution)

VM Mutex/Monitor currently owned by a thread: None

Heap:
 PSYoungGen      total 71680K, used 59210K [0x00000000eab00000, 0x00000000ef600000, 0x0000000100000000)
  eden space 66560K, 81% used [0x00000000eab00000,0x00000000edfdaa08,0x00000000eec00000)
  from space 5120K, 99% used [0x00000000ef100000,0x00000000ef5f8060,0x00000000ef600000)
  to   space 5120K, 0% used [0x00000000eec00000,0x00000000eec00000,0x00000000ef100000)
 ParOldGen       total 87552K, used 4007K [0x00000000c0000000, 0x00000000c5580000, 0x00000000eab00000)
  object space 87552K, 4% used [0x00000000c0000000,0x00000000c03e9cc8,0x00000000c5580000)
 Metaspace       used 6231K, capacity 7088K, committed 7296K, reserved 1056768K
  class space    used 604K, capacity 616K, committed 640K, reserved 1048576K

Card table byte_map: [0x0000000002330000,0x0000000002540000] byte_map_base: 0x0000000001d30000

Marking Bits: (ParMarkBitMap*) 0x00000000686ca5b0
 Begin Bits: [0x0000000002ea0000, 0x0000000003ea0000)
 End Bits:   [0x0000000003ea0000, 0x0000000004ea0000)

Polling page: 0x0000000001e00000

CodeCache: size=245760Kb used=7391Kb max_used=7391Kb free=238368Kb
 bounds [0x000000000f010000, 0x000000000f750000, 0x000000001e010000]
 total_blobs=1971 nmethods=1701 adapters=182
 compilation: enabled

Compilation events (10 events):
Event: 4.678 Thread 0x0000000007b8f000 nmethod 1733 0x000000000f74bb90 code [0x000000000f74bd20, 0x000000000f74c028]
Event: 4.682 Thread 0x0000000007b8f000 1734       1       com.android.dx.cf.attrib.AttConstantValue::getConstantValue (5 bytes)
Event: 4.682 Thread 0x0000000007b8f000 nmethod 1734 0x000000000f74c1d0 code [0x000000000f74c320, 0x000000000f74c430]
Event: 4.688 Thread 0x0000000007b8f000 1736       3       com.android.dx.rop.code.Rops::opReturn (89 bytes)
Event: 4.689 Thread 0x0000000007b8f000 nmethod 1736 0x000000000f74c490 code [0x000000000f74c6c0, 0x000000000f74d2b8]
Event: 4.693 Thread 0x0000000007b8f000 1737       3       com.android.dx.cf.attrib.InnerClassList::get (9 bytes)
Event: 4.693 Thread 0x0000000007b8f000 nmethod 1737 0x000000000f74d850 code [0x000000000f74d9c0, 0x000000000f74dca8]
Event: 4.693 Thread 0x0000000007b8f000 1738       3       com.android.dx.rop.code.Rops::opMoveResultPseudo (23 bytes)
Event: 4.693 Thread 0x0000000007b8f000 nmethod 1738 0x000000000f74dd50 code [0x000000000f74dee0, 0x000000000f74e218]
Event: 4.694 Thread 0x0000000007b8f000 1739   !   3       com.android.dx.cf.code.RopperMachine::run (1550 bytes)

GC Heap History (4 events):
Event: 1.289 GC heap before
{Heap before GC invocations=1 (full 0):
 PSYoungGen      total 38400K, used 33280K [0x00000000eab00000, 0x00000000ed580000, 0x0000000100000000)
  eden space 33280K, 100% used [0x00000000eab00000,0x00000000ecb80000,0x00000000ecb80000)
  from space 5120K, 0% used [0x00000000ed080000,0x00000000ed080000,0x00000000ed580000)
  to   space 5120K, 0% used [0x00000000ecb80000,0x00000000ecb80000,0x00000000ed080000)
 ParOldGen       total 87552K, used 0K [0x00000000c0000000, 0x00000000c5580000, 0x00000000eab00000)
  object space 87552K, 0% used [0x00000000c0000000,0x00000000c0000000,0x00000000c5580000)
 Metaspace       used 5882K, capacity 6832K, committed 7040K, reserved 1056768K
  class space    used 601K, capacity 616K, committed 640K, reserved 1048576K
Event: 1.363 GC heap after
Heap after GC invocations=1 (full 0):
 PSYoungGen      total 38400K, used 5088K [0x00000000eab00000, 0x00000000ef600000, 0x0000000100000000)
  eden space 33280K, 0% used [0x00000000eab00000,0x00000000eab00000,0x00000000ecb80000)
  from space 5120K, 99% used [0x00000000ecb80000,0x00000000ed0781d0,0x00000000ed080000)
  to   space 5120K, 0% used [0x00000000ef100000,0x00000000ef100000,0x00000000ef600000)
 ParOldGen       total 87552K, used 399K [0x00000000c0000000, 0x00000000c5580000, 0x00000000eab00000)
  object space 87552K, 0% used [0x00000000c0000000,0x00000000c0063f70,0x00000000c5580000)
 Metaspace       used 5882K, capacity 6832K, committed 7040K, reserved 1056768K
  class space    used 601K, capacity 616K, committed 640K, reserved 1048576K
}
Event: 2.762 GC heap before
{Heap before GC invocations=2 (full 0):
 PSYoungGen      total 38400K, used 38368K [0x00000000eab00000, 0x00000000ef600000, 0x0000000100000000)
  eden space 33280K, 100% used [0x00000000eab00000,0x00000000ecb80000,0x00000000ecb80000)
  from space 5120K, 99% used [0x00000000ecb80000,0x00000000ed0781d0,0x00000000ed080000)
  to   space 5120K, 0% used [0x00000000ef100000,0x00000000ef100000,0x00000000ef600000)
 ParOldGen       total 87552K, used 399K [0x00000000c0000000, 0x00000000c5580000, 0x00000000eab00000)
  object space 87552K, 0% used [0x00000000c0000000,0x00000000c0063f70,0x00000000c5580000)
 Metaspace       used 6119K, capacity 7024K, committed 7296K, reserved 1056768K
  class space    used 603K, capacity 616K, committed 640K, reserved 1048576K
Event: 3.252 GC heap after
Heap after GC invocations=2 (full 0):
 PSYoungGen      total 71680K, used 5088K [0x00000000eab00000, 0x00000000ef600000, 0x0000000100000000)
  eden space 66560K, 0% used [0x00000000eab00000,0x00000000eab00000,0x00000000eec00000)
  from space 5120K, 99% used [0x00000000ef100000,0x00000000ef5f8060,0x00000000ef600000)
  to   space 5120K, 0% used [0x00000000eec00000,0x00000000eec00000,0x00000000ef100000)
 ParOldGen       total 87552K, used 4007K [0x00000000c0000000, 0x00000000c5580000, 0x00000000eab00000)
  object space 87552K, 4% used [0x00000000c0000000,0x00000000c03e9cc8,0x00000000c5580000)
 Metaspace       used 6119K, capacity 7024K, committed 7296K, reserved 1056768K
  class space    used 603K, capacity 616K, committed 640K, reserved 1048576K
}

Deoptimization events (10 events):
Event: 3.448 Thread 0x0000000007e27000 Uncommon trap: reason=bimorphic action=maybe_recompile pc=0x000000000f314bfc method=java.util.HashMap.getNode(ILjava/lang/Object;)Ljava/util/HashMap$Node; @ 126
Event: 3.448 Thread 0x0000000007e27000 Uncommon trap: reason=class_check action=maybe_recompile pc=0x000000000f4dc444 method=java.util.HashMap.putVal(ILjava/lang/Object;Ljava/lang/Object;ZZ)Ljava/lang/Object; @ 203
Event: 3.449 Thread 0x0000000007e27000 Uncommon trap: reason=bimorphic action=maybe_recompile pc=0x000000000f33b390 method=java.util.HashMap.getNode(ILjava/lang/Object;)Ljava/util/HashMap$Node; @ 126
Event: 3.449 Thread 0x0000000007e27000 Uncommon trap: reason=bimorphic action=maybe_recompile pc=0x000000000f33b390 method=java.util.HashMap.getNode(ILjava/lang/Object;)Ljava/util/HashMap$Node; @ 126
Event: 3.449 Thread 0x0000000007e27000 Uncommon trap: reason=class_check action=maybe_recompile pc=0x000000000f51b6c8 method=java.util.HashMap.putVal(ILjava/lang/Object;Ljava/lang/Object;ZZ)Ljava/lang/Object; @ 203
Event: 3.449 Thread 0x0000000007e27000 Uncommon trap: reason=bimorphic action=maybe_recompile pc=0x000000000f314bfc method=java.util.HashMap.getNode(ILjava/lang/Object;)Ljava/util/HashMap$Node; @ 126
Event: 3.599 Thread 0x00000000087e1800 Uncommon trap: reason=unstable_if action=reinterpret pc=0x000000000f6490ec method=com.android.dx.ssa.SsaRenamer$BlockRenamer.visitMoveInsn(Lcom/android/dx/ssa/NormalSsaInsn;)V @ 104
Event: 3.769 Thread 0x00000000087e1800 Uncommon trap: reason=unstable_if action=reinterpret pc=0x000000000f40effc method=com.android.dx.util.IntList.binarysearch(I)I @ 105
Event: 3.831 Thread 0x00000000087e1800 Uncommon trap: reason=bimorphic action=maybe_recompile pc=0x000000000f6ad760 method=com.android.dx.cf.code.BytecodeArray.parseInstruction(ILcom/android/dx/cf/code/BytecodeArray$Visitor;)I @ 1501
Event: 4.689 Thread 0x00000000087e1800 Uncommon trap: reason=unstable_if action=reinterpret pc=0x000000000f702370 method=com.android.dx.cf.code.RopperMachine.run(Lcom/android/dx/cf/code/Frame;II)V @ 1250

Internal exceptions (3 events):
Event: 0.083 Thread 0x0000000001e6d800 Exception <a 'java/lang/NoSuchMethodError': Method sun.misc.Unsafe.defineClass(Ljava/lang/String;[BII)Ljava/lang/Class; name or signature does not match> (0x00000000eab13030) thrown at [C:\workspace\8-2-build-windows-amd64-cygwin\jdk8u65\4987\hotspot\src\syïSç!Uµ?
Event: 0.083 Thread 0x0000000001e6d800 Exception <a 'java/lang/NoSuchMethodError': Method sun.misc.Unsafe.prefetchRead(Ljava/lang/Object;J)V name or signature does not match> (0x00000000eab13318) thrown at [C:\workspace\8-2-build-windows-amd64-cygwin\jdk8u65\4987\hotspot\src\share\vm\prims\jni.Ω}øP—ı?
Event: 1.364 Thread 0x00000000087e4000 Implicit null exception at 0x000000000f3275e2 to 0x000000000f3276e1

Events (10 events):
Event: 3.831 Thread 0x00000000087e1800 DEOPT UNPACKING pc=0x000000000f05582a sp=0x000000000924e790 mode 2
Event: 4.240 loading class com/android/dx/rop/code/RegisterSpec$1
Event: 4.240 loading class com/android/dx/rop/code/RegisterSpec$1 done
Event: 4.269 Executing VM operation: EnableBiasedLocking
Event: 4.599 Executing VM operation: EnableBiasedLocking done
Event: 4.687 Thread 0x00000000087e1800 DEOPT PACKING pc=0x000000000f438ff7 sp=0x000000000924e670
Event: 4.687 Thread 0x00000000087e1800 DEOPT UNPACKING pc=0x000000000f05787f sp=0x000000000924e480 mode 0
Event: 4.689 Thread 0x00000000087e1800 Uncommon trap: trap_request=0xffffff65 fr.pc=0x000000000f702370
Event: 4.689 Thread 0x00000000087e1800 DEOPT PACKING pc=0x000000000f702370 sp=0x000000000924e660
Event: 4.689 Thread 0x00000000087e1800 DEOPT UNPACKING pc=0x000000000f05582a sp=0x000000000924e608 mode 2


Dynamic libraries:
0x00007ff6f00c0000 - 0x00007ff6f00f7000 	D:\Program Files\Java\jdk1.8.0_65\bin\java.exe
0x00007ffa66390000 - 0x00007ffa66551000 	C:\WINDOWS\SYSTEM32\ntdll.dll
0x00007ffa63aa0000 - 0x00007ffa63b4d000 	C:\WINDOWS\system32\KERNEL32.DLL
0x00007ffa63860000 - 0x00007ffa63a3d000 	C:\WINDOWS\system32\KERNELBASE.dll
0x00007ffa662e0000 - 0x00007ffa66386000 	C:\WINDOWS\system32\ADVAPI32.dll
0x00007ffa64030000 - 0x00007ffa640cd000 	C:\WINDOWS\system32\msvcrt.dll
0x00007ffa640d0000 - 0x00007ffa6412b000 	C:\WINDOWS\system32\sechost.dll
0x00007ffa65ac0000 - 0x00007ffa65be6000 	C:\WINDOWS\system32\RPCRT4.dll
0x00007ffa64420000 - 0x00007ffa6456e000 	C:\WINDOWS\system32\USER32.dll
0x00007ffa63d20000 - 0x00007ffa63ea6000 	C:\WINDOWS\system32\GDI32.dll
0x00007ffa5d740000 - 0x00007ffa5d9b4000 	C:\WINDOWS\WinSxS\amd64_microsoft.windows.common-controls_6595b64144ccf1df_6.0.10240.16384_none_f41f7b285750ef43\COMCTL32.dll
0x00007ffa662a0000 - 0x00007ffa662d6000 	C:\WINDOWS\system32\IMM32.DLL
0x00007ffa63ed0000 - 0x00007ffa6402c000 	C:\WINDOWS\system32\MSCTF.dll
0x00007ffa627e0000 - 0x00007ffa62811000 	C:\Windows\system32\nvinitx.dll
0x00007ffa62380000 - 0x00007ffa6238a000 	C:\WINDOWS\SYSTEM32\VERSION.dll
0x000000000f000000 - 0x000000000f006000 	C:\Program Files\NVIDIA Corporation\CoProcManager\_etoured.dll
0x00007ffa61490000 - 0x00007ffa614c2000 	C:\Program Files\NVIDIA Corporation\CoProcManager\nvd3d9wrapx.dll
0x00007ffa63b50000 - 0x00007ffa63d15000 	C:\WINDOWS\system32\SETUPAPI.dll
0x00007ffa630c0000 - 0x00007ffa63104000 	C:\WINDOWS\system32\CFGMGR32.dll
0x00007ffa60ca0000 - 0x00007ffa60cc2000 	C:\Program Files\NVIDIA Corporation\CoProcManager\nvdxgiwrapx.dll
0x0000000068750000 - 0x0000000068822000 	D:\Program Files\Java\jdk1.8.0_65\jre\bin\msvcr100.dll
0x0000000067ec0000 - 0x0000000068749000 	D:\Program Files\Java\jdk1.8.0_65\jre\bin\server\jvm.dll
0x00007ffa65ab0000 - 0x00007ffa65ab8000 	C:\WINDOWS\system32\PSAPI.DLL
0x00007ffa57850000 - 0x00007ffa57859000 	C:\WINDOWS\SYSTEM32\WSOCK32.dll
0x00007ffa643b0000 - 0x00007ffa64419000 	C:\WINDOWS\system32\WS2_32.dll
0x00007ffa64570000 - 0x00007ffa64578000 	C:\WINDOWS\system32\NSI.dll
0x00007ffa60a00000 - 0x00007ffa60a23000 	C:\WINDOWS\SYSTEM32\WINMM.dll
0x00007ffa60880000 - 0x00007ffa608ac000 	C:\WINDOWS\SYSTEM32\WINMMBASE.dll
0x00007ffa61620000 - 0x00007ffa61647000 	C:\WINDOWS\SYSTEM32\DEVOBJ.dll
0x00000000695a0000 - 0x00000000695af000 	D:\Program Files\Java\jdk1.8.0_65\jre\bin\verify.dll
0x0000000067e90000 - 0x0000000067eb9000 	D:\Program Files\Java\jdk1.8.0_65\jre\bin\java.dll
0x0000000067e70000 - 0x0000000067e86000 	D:\Program Files\Java\jdk1.8.0_65\jre\bin\zip.dll
0x00007ffa64580000 - 0x00007ffa65aa2000 	C:\WINDOWS\system32\SHELL32.dll
0x00007ffa63110000 - 0x00007ffa63738000 	C:\WINDOWS\system32\windows.storage.dll
0x00007ffa66020000 - 0x00007ffa6629c000 	C:\WINDOWS\system32\combase.dll
0x00007ffa641a0000 - 0x00007ffa641f1000 	C:\WINDOWS\system32\shlwapi.dll
0x00007ffa62de0000 - 0x00007ffa62def000 	C:\WINDOWS\system32\kernel.appcore.dll
0x00007ffa63740000 - 0x00007ffa637f3000 	C:\WINDOWS\system32\shcore.dll
0x00007ffa62df0000 - 0x00007ffa62e3a000 	C:\WINDOWS\system32\powrprof.dll
0x00007ffa62da0000 - 0x00007ffa62db3000 	C:\WINDOWS\system32\profapi.dll

VM Arguments:
jvm_args: -Xmx1024M -Dfile.encoding=windows-1251 -Duser.country=RU -Duser.language=ru -Duser.variant 
java_command: com.android.dx.command.Main --dex --num-threads=4 --output D:\AndroidStudioProjects\WeatherApp\app\build\intermediates\pre-dexed\debug\classes-450fe8ad663b7d85f9e7c2f2b6a43f3b289bd7c3.jar D:\AndroidStudioProjects\WeatherApp\app\build\intermediates\exploded-aar\com.android.support\support-v4\23.1.0\jars\classes.jar
java_class_path (initial): D:\Android\sdk\build-tools\23.0.2\lib\dx.jar
Launcher Type: SUN_STANDARD

Environment Variables:
JAVA_HOME=D:\Program Files\Java\jdk1.8.0_66
PATH=D:\watcom-1.3\binnt;D:\watcom-1.3\binw;C:\ProgramData\Oracle\Java\javapath;C:\Program Files (x86)\HP SimplePass\;C:\Program Files (x86)\Intel\iCLS Client\;C:\Program Files\Intel\iCLS Client\;C:\Windows\system32;C:\Windows;C:\Windows\System32\Wbem;C:\Windows\System32\WindowsPowerShell\v1.0\;C:\Program Files\Intel\Intel(R) Management Engine Components\DAL;C:\Program Files\Intel\Intel(R) Management Engine Components\IPT;C:\Program Files (x86)\Intel\Intel(R) Management Engine Components\DAL;C:\Program Files (x86)\Intel\Intel(R) Management Engine Components\IPT;C:\Program Files (x86)\Intel\OpenCL SDK\2.0\bin\x86;C:\Program Files (x86)\Intel\OpenCL SDK\2.0\bin\x64;C:\Program Files\Intel\WiFi\bin\;C:\Program Files\Common Files\Intel\WirelessCommon\;C:\Program Files (x86)\Microsoft SQL Server\100\Tools\Binn\;C:\Program Files\Microsoft SQL Server\100\Tools\Binn\;C:\Program Files\Microsoft SQL Server\100\DTS\Binn\;D:\Program Files (x86)\MiKTeX 2.9\miktex\bin\;D:\Program Files\MATLAB\R2008b\bin;D:\Program Files\MATLAB\R2008b\bin\win64;C:\Program Files (x86)\Common Files\Ulead Systems\MPEG;C:\WINDOWS\system32;C:\WINDOWS;C:\WINDOWS\System32\Wbem;C:\WINDOWS\System32\WindowsPowerShell\v1.0\;C:\Program Files (x86)\Skype\Phone\;C:\Program Files (x86)\Windows Live\Shared;C:\Program Files\Intel\WiFi\bin\;C:\Program Files\Common Files\Intel\WirelessCommon\;D:\Android\sdk\platform-tools;D:\Android\sdk\tools
USERNAME=user
OS=Windows_NT
PROCESSOR_IDENTIFIER=Intel64 Family 6 Model 58 Stepping 9, GenuineIntel



---------------  S Y S T E M  ---------------

OS: Windows 10.0 , 64 bit Build 10240 (10.0.10240.16384)

CPU:total 8 (4 cores per cpu, 2 threads per core) family 6 model 58 stepping 9, cmov, cx8, fxsr, mmx, sse, sse2, sse3, ssse3, sse4.1, sse4.2, popcnt, avx, aes, clmul, erms, ht, tsc, tscinvbit, tscinv

Memory: 4k page, physical 8281400k(1969696k free), swap 12475704k(5856k free)

vm_info: Java HotSpot(TM) 64-Bit Server VM (25.65-b01) for windows-amd64 JRE (1.8.0_65-b17), built on Oct  6 2015 16:39:20 by "java_re" with MS VC++ 10.0 (VS2010)

time: Wed Nov 18 21:40:35 2015
elapsed time: 4 seconds (0d 0h 0m 4s)

