#
# There is insufficient memory for the Java Runtime Environment to continue.
# Native memory allocation (malloc) failed to allocate 1480976 bytes for Chunk::new
# Possible reasons:
#   The system is out of physical RAM or swap space
#   In 32 bit mode, the process size limit was hit
# Possible solutions:
#   Reduce memory load on the system
#   Increase physical memory or swap space
#   Check if swap backing store is full
#   Use 64 bit Java on a 64 bit OS
#   Decrease Java heap size (-Xmx/-Xms)
#   Decrease number of Java threads
#   Decrease Java thread stack sizes (-Xss)
#   Set larger code cache with -XX:ReservedCodeCacheSize=
# This output file may be truncated or incomplete.
#
#  Out of Memory Error (allocation.cpp:390), pid=12552, tid=9532
#
# JRE version: Java(TM) SE Runtime Environment (8.0_65-b17) (build 1.8.0_65-b17)
# Java VM: Java HotSpot(TM) 64-Bit Server VM (25.65-b01 mixed mode windows-amd64 compressed oops)
# Failed to write core dump. Minidumps are not enabled by default on client versions of Windows
#

---------------  T H R E A D  ---------------

Current thread (0x0000000007e34000):  JavaThread "C2 CompilerThread2" daemon [_thread_in_native, id=9532, stack(0x0000000008600000,0x0000000008700000)]

Stack: [0x0000000008600000,0x0000000008700000]
[error occurred during error reporting (printing stack bounds), id 0xc0000005]

Native frames: (J=compiled Java code, j=interpreted, Vv=VM code, C=native code)


Current CompileTask:
C2:   4428 1654       4       com.android.dx.rop.code.Rops::ropFor (771 bytes)


---------------  P R O C E S S  ---------------

Java Threads: ( => current thread )
  0x0000000008a12800 JavaThread "pool-1-thread-4" [_thread_in_Java, id=13340, stack(0x0000000009600000,0x0000000009700000)]
  0x0000000008a0f800 JavaThread "pool-1-thread-3" [_thread_blocked, id=14120, stack(0x0000000009500000,0x0000000009600000)]
  0x0000000008a0e000 JavaThread "pool-1-thread-2" [_thread_blocked, id=6884, stack(0x0000000009400000,0x0000000009500000)]
  0x0000000008a0b000 JavaThread "pool-2-thread-1" [_thread_blocked, id=9776, stack(0x0000000009300000,0x0000000009400000)]
  0x0000000008a08800 JavaThread "pool-1-thread-1" [_thread_blocked, id=12140, stack(0x0000000009200000,0x0000000009300000)]
  0x0000000007eda000 JavaThread "Service Thread" daemon [_thread_blocked, id=10216, stack(0x0000000008800000,0x0000000008900000)]
  0x0000000007e43800 JavaThread "C1 CompilerThread3" daemon [_thread_blocked, id=4812, stack(0x0000000008700000,0x0000000008800000)]
=>0x0000000007e34000 JavaThread "C2 CompilerThread2" daemon [_thread_in_native, id=9532, stack(0x0000000008600000,0x0000000008700000)]
  0x0000000007e32000 JavaThread "C2 CompilerThread1" daemon [_thread_blocked, id=3188, stack(0x0000000008500000,0x0000000008600000)]
  0x0000000007e2f000 JavaThread "C2 CompilerThread0" daemon [_thread_in_native, id=7680, stack(0x0000000008400000,0x0000000008500000)]
  0x0000000007e28800 JavaThread "Attach Listener" daemon [_thread_blocked, id=8316, stack(0x0000000008300000,0x0000000008400000)]
  0x0000000007e27800 JavaThread "Signal Dispatcher" daemon [_thread_blocked, id=12316, stack(0x0000000008200000,0x0000000008300000)]
  0x00000000021fb000 JavaThread "Finalizer" daemon [_thread_blocked, id=12320, stack(0x0000000007c10000,0x0000000007d10000)]
  0x00000000021f4000 JavaThread "Reference Handler" daemon [_thread_blocked, id=9296, stack(0x0000000007b10000,0x0000000007c10000)]
  0x0000000001ffd800 JavaThread "main" [_thread_blocked, id=12996, stack(0x0000000002000000,0x0000000002100000)]

Other Threads:
  0x0000000005d19800 VMThread [stack: 0x0000000007a10000,0x0000000007b10000] [id=10540]
  0x0000000007eec000 WatcherThread [stack: 0x0000000008900000,0x0000000008a00000] [id=656]

VM state:not at safepoint (normal execution)

VM Mutex/Monitor currently owned by a thread: None

Heap:
 PSYoungGen      total 71680K, used 19178K [0x00000000eab00000, 0x00000000ef600000, 0x0000000100000000)
  eden space 66560K, 21% used [0x00000000eab00000,0x00000000eb8beec0,0x00000000eec00000)
  from space 5120K, 99% used [0x00000000ef100000,0x00000000ef5fbba8,0x00000000ef600000)
  to   space 5120K, 0% used [0x00000000eec00000,0x00000000eec00000,0x00000000ef100000)
 ParOldGen       total 87552K, used 5113K [0x00000000c0000000, 0x00000000c5580000, 0x00000000eab00000)
  object space 87552K, 5% used [0x00000000c0000000,0x00000000c04fe7b8,0x00000000c5580000)
 Metaspace       used 6209K, capacity 7088K, committed 7296K, reserved 1056768K
  class space    used 603K, capacity 616K, committed 640K, reserved 1048576K

Card table byte_map: [0x00000000025c0000,0x00000000027d0000] byte_map_base: 0x0000000001fc0000

Marking Bits: (ParMarkBitMap*) 0x00000000686ca5b0
 Begin Bits: [0x0000000003130000, 0x0000000004130000)
 End Bits:   [0x0000000004130000, 0x0000000005130000)

Polling page: 0x0000000000660000

CodeCache: size=245760Kb used=6989Kb max_used=7000Kb free=238770Kb
 bounds [0x000000000f010000, 0x000000000f6f0000, 0x000000001e010000]
 total_blobs=1912 nmethods=1643 adapters=182
 compilation: enabled

Compilation events (10 events):
Event: 4.319 Thread 0x0000000007e32000 1658       4       com.android.dx.util.IntList::mutableCopy (39 bytes)
Event: 4.329 Thread 0x0000000007e32000 nmethod 1658 0x000000000f6da3d0 code [0x000000000f6da540, 0x000000000f6dab18]
Event: 4.329 Thread 0x0000000007e32000 1627       4       com.android.dx.ssa.SsaRenamer$BlockRenamer::<init> (72 bytes)
Event: 4.334 Thread 0x0000000007e32000 nmethod 1627 0x000000000f6d8b90 code [0x000000000f6d8d00, 0x000000000f6d90b8]
Event: 4.334 Thread 0x0000000007e32000 1628       4       com.android.dx.ssa.SsaRenamer$1::visitBlock (16 bytes)
Event: 4.340 Thread 0x0000000007e32000 nmethod 1628 0x000000000f6d81d0 code [0x000000000f6d8360, 0x000000000f6d87a8]
Event: 4.340 Thread 0x0000000007e32000 1608       4       java.util.TreeMap$PrivateEntryIterator::hasNext (13 bytes)
Event: 4.340 Thread 0x0000000007e32000 nmethod 1608 0x000000000f564ad0 code [0x000000000f564c00, 0x000000000f564c78]
Event: 4.340 Thread 0x0000000007e32000 1652       4       com.android.dx.rop.type.Type::isIntlike (56 bytes)
Event: 4.341 Thread 0x0000000007e32000 nmethod 1652 0x000000000f5c1510 code [0x000000000f5c1640, 0x000000000f5c16b8]

GC Heap History (4 events):
Event: 1.486 GC heap before
{Heap before GC invocations=1 (full 0):
 PSYoungGen      total 38400K, used 33280K [0x00000000eab00000, 0x00000000ed580000, 0x0000000100000000)
  eden space 33280K, 100% used [0x00000000eab00000,0x00000000ecb80000,0x00000000ecb80000)
  from space 5120K, 0% used [0x00000000ed080000,0x00000000ed080000,0x00000000ed580000)
  to   space 5120K, 0% used [0x00000000ecb80000,0x00000000ecb80000,0x00000000ed080000)
 ParOldGen       total 87552K, used 0K [0x00000000c0000000, 0x00000000c5580000, 0x00000000eab00000)
  object space 87552K, 0% used [0x00000000c0000000,0x00000000c0000000,0x00000000c5580000)
 Metaspace       used 5969K, capacity 6896K, committed 7040K, reserved 1056768K
  class space    used 602K, capacity 616K, committed 640K, reserved 1048576K
Event: 2.031 GC heap after
Heap after GC invocations=1 (full 0):
 PSYoungGen      total 38400K, used 5099K [0x00000000eab00000, 0x00000000ef600000, 0x0000000100000000)
  eden space 33280K, 0% used [0x00000000eab00000,0x00000000eab00000,0x00000000ecb80000)
  from space 5120K, 99% used [0x00000000ecb80000,0x00000000ed07aef0,0x00000000ed080000)
  to   space 5120K, 0% used [0x00000000ef100000,0x00000000ef100000,0x00000000ef600000)
 ParOldGen       total 87552K, used 1365K [0x00000000c0000000, 0x00000000c5580000, 0x00000000eab00000)
  object space 87552K, 1% used [0x00000000c0000000,0x00000000c0155458,0x00000000c5580000)
 Metaspace       used 5969K, capacity 6896K, committed 7040K, reserved 1056768K
  class space    used 602K, capacity 616K, committed 640K, reserved 1048576K
}
Event: 3.093 GC heap before
{Heap before GC invocations=2 (full 0):
 PSYoungGen      total 38400K, used 38379K [0x00000000eab00000, 0x00000000ef600000, 0x0000000100000000)
  eden space 33280K, 100% used [0x00000000eab00000,0x00000000ecb80000,0x00000000ecb80000)
  from space 5120K, 99% used [0x00000000ecb80000,0x00000000ed07aef0,0x00000000ed080000)
  to   space 5120K, 0% used [0x00000000ef100000,0x00000000ef100000,0x00000000ef600000)
 ParOldGen       total 87552K, used 1365K [0x00000000c0000000, 0x00000000c5580000, 0x00000000eab00000)
  object space 87552K, 1% used [0x00000000c0000000,0x00000000c0155458,0x00000000c5580000)
 Metaspace       used 6185K, capacity 7088K, committed 7296K, reserved 1056768K
  class space    used 602K, capacity 616K, committed 640K, reserved 1048576K
Event: 3.693 GC heap after
Heap after GC invocations=2 (full 0):
 PSYoungGen      total 71680K, used 5102K [0x00000000eab00000, 0x00000000ef600000, 0x0000000100000000)
  eden space 66560K, 0% used [0x00000000eab00000,0x00000000eab00000,0x00000000eec00000)
  from space 5120K, 99% used [0x00000000ef100000,0x00000000ef5fbba8,0x00000000ef600000)
  to   space 5120K, 0% used [0x00000000eec00000,0x00000000eec00000,0x00000000ef100000)
 ParOldGen       total 87552K, used 5113K [0x00000000c0000000, 0x00000000c5580000, 0x00000000eab00000)
  object space 87552K, 5% used [0x00000000c0000000,0x00000000c04fe7b8,0x00000000c5580000)
 Metaspace       used 6185K, capacity 7088K, committed 7296K, reserved 1056768K
  class space    used 602K, capacity 616K, committed 640K, reserved 1048576K
}

Deoptimization events (10 events):
Event: 1.229 Thread 0x0000000008a0e000 Uncommon trap: reason=unstable_if action=reinterpret pc=0x000000000f2fcaec method=com.android.dx.rop.code.RegisterSpecSet.put(Lcom/android/dx/rop/code/RegisterSpec;)V @ 77
Event: 1.229 Thread 0x0000000008a0e000 Uncommon trap: reason=unstable_if action=reinterpret pc=0x000000000f36b72c method=com.android.dx.rop.code.RegisterSpecSet.put(Lcom/android/dx/rop/code/RegisterSpec;)V @ 77
Event: 1.478 Thread 0x0000000008a0f800 Uncommon trap: reason=unstable_if action=reinterpret pc=0x000000000f2d33e0 method=com.android.dx.rop.code.RegisterSpec.equals(ILcom/android/dx/rop/type/TypeBearer;Lcom/android/dx/rop/code/LocalItem;)Z @ 42
Event: 2.218 Thread 0x0000000001ffd800 Uncommon trap: reason=unloaded action=reinterpret pc=0x000000000f4bf9d4 method=com.android.dx.cf.cst.ConstantPoolParser.parse0(ILjava/util/BitSet;)Lcom/android/dx/rop/cst/Constant; @ 198
Event: 2.218 Thread 0x0000000001ffd800 Uncommon trap: reason=unstable_if action=reinterpret pc=0x000000000f47bef8 method=com.android.dx.rop.cst.StdConstantPool.set(ILcom/android/dx/rop/cst/Constant;)V @ 12
Event: 2.231 Thread 0x0000000001ffd800 Uncommon trap: reason=unstable_if action=reinterpret pc=0x000000000f2e1b9c method=com.android.dx.rop.cst.Constant.compareTo(Lcom/android/dx/rop/cst/Constant;)I @ 12
Event: 3.031 Thread 0x0000000008a08800 Uncommon trap: reason=unstable_if action=reinterpret pc=0x000000000f5a4654 method=com.android.dx.ssa.LocalVariableExtractor.processBlock(I)V @ 251
Event: 3.064 Thread 0x0000000008a12800 Uncommon trap: reason=unstable_if action=reinterpret pc=0x000000000f4ebc74 method=com.android.dx.ssa.SCCP.simulateStmt(Lcom/android/dx/ssa/SsaInsn;)V @ 53
Event: 3.920 Thread 0x0000000008a08800 Uncommon trap: reason=unstable_if action=reinterpret pc=0x000000000f510500 method=com.android.dx.ssa.SCCP.simulateBranch(Lcom/android/dx/ssa/SsaInsn;)V @ 64
Event: 4.201 Thread 0x0000000008a08800 Uncommon trap: reason=bimorphic action=maybe_recompile pc=0x000000000f412c94 method=java.util.HashMap.putVal(ILjava/lang/Object;Ljava/lang/Object;ZZ)Ljava/lang/Object; @ 203

Internal exceptions (3 events):
Event: 0.078 Thread 0x0000000001ffd800 Exception <a 'java/lang/NoSuchMethodError': Method sun.misc.Unsafe.defineClass(Ljava/lang/String;[BII)Ljava/lang/Class; name or signature does not match> (0x00000000eab13030) thrown at [C:\workspace\8-2-build-windows-amd64-cygwin\jdk8u65\4987\hotspot\src\sÐÚßqÿ³?
Event: 0.078 Thread 0x0000000001ffd800 Exception <a 'java/lang/NoSuchMethodError': Method sun.misc.Unsafe.prefetchRead(Ljava/lang/Object;J)V name or signature does not match> (0x00000000eab13318) thrown at [C:\workspace\8-2-build-windows-amd64-cygwin\jdk8u65\4987\hotspot\src\share\vm\prims\jni.Ô)Ëzugò?
Event: 1.150 Thread 0x0000000008a0e000 Implicit null exception at 0x000000000f305d87 to 0x000000000f307de1

Events (10 events):
Event: 3.815 loading class com/android/dx/cf/attrib/AttExceptions
Event: 3.815 loading class com/android/dx/cf/attrib/AttExceptions done
Event: 3.920 Thread 0x0000000008a08800 Uncommon trap: trap_request=0xffffff65 fr.pc=0x000000000f510500
Event: 3.920 Thread 0x0000000008a08800 DEOPT PACKING pc=0x000000000f510500 sp=0x00000000092fe6f0
Event: 3.920 Thread 0x0000000008a08800 DEOPT UNPACKING pc=0x000000000f05582a sp=0x00000000092fe6b0 mode 2
Event: 4.201 Thread 0x0000000008a08800 Uncommon trap: trap_request=0xffffffc6 fr.pc=0x000000000f412c94
Event: 4.201 Thread 0x0000000008a08800 DEOPT PACKING pc=0x000000000f412c94 sp=0x00000000092fe6d0
Event: 4.201 Thread 0x0000000008a08800 DEOPT UNPACKING pc=0x000000000f05582a sp=0x00000000092fe658 mode 2
Event: 4.217 Executing VM operation: EnableBiasedLocking
Event: 4.217 Executing VM operation: EnableBiasedLocking done


Dynamic libraries:
0x00007ff6f00c0000 - 0x00007ff6f00f7000 	D:\Program Files\Java\jdk1.8.0_65\bin\java.exe
0x00007ffa66390000 - 0x00007ffa66551000 	C:\WINDOWS\SYSTEM32\ntdll.dll
0x00007ffa63aa0000 - 0x00007ffa63b4d000 	C:\WINDOWS\system32\KERNEL32.DLL
0x00007ffa63860000 - 0x00007ffa63a3d000 	C:\WINDOWS\system32\KERNELBASE.dll
0x00007ffa662e0000 - 0x00007ffa66386000 	C:\WINDOWS\system32\ADVAPI32.dll
0x00007ffa64030000 - 0x00007ffa640cd000 	C:\WINDOWS\system32\msvcrt.dll
0x00007ffa640d0000 - 0x00007ffa6412b000 	C:\WINDOWS\system32\sechost.dll
0x00007ffa65ac0000 - 0x00007ffa65be6000 	C:\WINDOWS\system32\RPCRT4.dll
0x00007ffa64420000 - 0x00007ffa6456e000 	C:\WINDOWS\system32\USER32.dll
0x00007ffa63d20000 - 0x00007ffa63ea6000 	C:\WINDOWS\system32\GDI32.dll
0x00007ffa5d740000 - 0x00007ffa5d9b4000 	C:\WINDOWS\WinSxS\amd64_microsoft.windows.common-controls_6595b64144ccf1df_6.0.10240.16384_none_f41f7b285750ef43\COMCTL32.dll
0x00007ffa662a0000 - 0x00007ffa662d6000 	C:\WINDOWS\system32\IMM32.DLL
0x00007ffa63ed0000 - 0x00007ffa6402c000 	C:\WINDOWS\system32\MSCTF.dll
0x00007ffa627e0000 - 0x00007ffa62811000 	C:\Windows\system32\nvinitx.dll
0x00007ffa62380000 - 0x00007ffa6238a000 	C:\WINDOWS\SYSTEM32\VERSION.dll
0x000000000f000000 - 0x000000000f006000 	C:\Program Files\NVIDIA Corporation\CoProcManager\_etoured.dll
0x00007ffa61490000 - 0x00007ffa614c2000 	C:\Program Files\NVIDIA Corporation\CoProcManager\nvd3d9wrapx.dll
0x00007ffa63b50000 - 0x00007ffa63d15000 	C:\WINDOWS\system32\SETUPAPI.dll
0x00007ffa630c0000 - 0x00007ffa63104000 	C:\WINDOWS\system32\CFGMGR32.dll
0x00007ffa60ca0000 - 0x00007ffa60cc2000 	C:\Program Files\NVIDIA Corporation\CoProcManager\nvdxgiwrapx.dll
0x0000000068750000 - 0x0000000068822000 	D:\Program Files\Java\jdk1.8.0_65\jre\bin\msvcr100.dll
0x0000000067ec0000 - 0x0000000068749000 	D:\Program Files\Java\jdk1.8.0_65\jre\bin\server\jvm.dll
0x00007ffa65ab0000 - 0x00007ffa65ab8000 	C:\WINDOWS\system32\PSAPI.DLL
0x00007ffa57850000 - 0x00007ffa57859000 	C:\WINDOWS\SYSTEM32\WSOCK32.dll
0x00007ffa643b0000 - 0x00007ffa64419000 	C:\WINDOWS\system32\WS2_32.dll
0x00007ffa64570000 - 0x00007ffa64578000 	C:\WINDOWS\system32\NSI.dll
0x00007ffa60a00000 - 0x00007ffa60a23000 	C:\WINDOWS\SYSTEM32\WINMM.dll
0x00007ffa60880000 - 0x00007ffa608ac000 	C:\WINDOWS\SYSTEM32\WINMMBASE.dll
0x00007ffa61620000 - 0x00007ffa61647000 	C:\WINDOWS\SYSTEM32\DEVOBJ.dll
0x00000000695a0000 - 0x00000000695af000 	D:\Program Files\Java\jdk1.8.0_65\jre\bin\verify.dll
0x0000000067e90000 - 0x0000000067eb9000 	D:\Program Files\Java\jdk1.8.0_65\jre\bin\java.dll
0x0000000067e70000 - 0x0000000067e86000 	D:\Program Files\Java\jdk1.8.0_65\jre\bin\zip.dll
0x00007ffa64580000 - 0x00007ffa65aa2000 	C:\WINDOWS\system32\SHELL32.dll
0x00007ffa63110000 - 0x00007ffa63738000 	C:\WINDOWS\system32\windows.storage.dll
0x00007ffa66020000 - 0x00007ffa6629c000 	C:\WINDOWS\system32\combase.dll
0x00007ffa641a0000 - 0x00007ffa641f1000 	C:\WINDOWS\system32\shlwapi.dll
0x00007ffa62de0000 - 0x00007ffa62def000 	C:\WINDOWS\system32\kernel.appcore.dll
0x00007ffa63740000 - 0x00007ffa637f3000 	C:\WINDOWS\system32\shcore.dll
0x00007ffa62df0000 - 0x00007ffa62e3a000 	C:\WINDOWS\system32\powrprof.dll
0x00007ffa62da0000 - 0x00007ffa62db3000 	C:\WINDOWS\system32\profapi.dll

VM Arguments:
jvm_args: -Xmx1024M -Dfile.encoding=windows-1251 -Duser.country=RU -Duser.language=ru -Duser.variant 
java_command: com.android.dx.command.Main --dex --num-threads=4 --output D:\AndroidStudioProjects\WeatherApp\app\build\intermediates\pre-dexed\debug\classes-174d9dd1b08b4d1ef8be3f511fc6b30414fab794.jar D:\AndroidStudioProjects\WeatherApp\app\build\intermediates\exploded-aar\com.android.support\appcompat-v7\23.1.0\jars\classes.jar
java_class_path (initial): D:\Android\sdk\build-tools\23.0.2\lib\dx.jar
Launcher Type: SUN_STANDARD

Environment Variables:
JAVA_HOME=D:\Program Files\Java\jdk1.8.0_66
PATH=D:\watcom-1.3\binnt;D:\watcom-1.3\binw;C:\ProgramData\Oracle\Java\javapath;C:\Program Files (x86)\HP SimplePass\;C:\Program Files (x86)\Intel\iCLS Client\;C:\Program Files\Intel\iCLS Client\;C:\Windows\system32;C:\Windows;C:\Windows\System32\Wbem;C:\Windows\System32\WindowsPowerShell\v1.0\;C:\Program Files\Intel\Intel(R) Management Engine Components\DAL;C:\Program Files\Intel\Intel(R) Management Engine Components\IPT;C:\Program Files (x86)\Intel\Intel(R) Management Engine Components\DAL;C:\Program Files (x86)\Intel\Intel(R) Management Engine Components\IPT;C:\Program Files (x86)\Intel\OpenCL SDK\2.0\bin\x86;C:\Program Files (x86)\Intel\OpenCL SDK\2.0\bin\x64;C:\Program Files\Intel\WiFi\bin\;C:\Program Files\Common Files\Intel\WirelessCommon\;C:\Program Files (x86)\Microsoft SQL Server\100\Tools\Binn\;C:\Program Files\Microsoft SQL Server\100\Tools\Binn\;C:\Program Files\Microsoft SQL Server\100\DTS\Binn\;D:\Program Files (x86)\MiKTeX 2.9\miktex\bin\;D:\Program Files\MATLAB\R2008b\bin;D:\Program Files\MATLAB\R2008b\bin\win64;C:\Program Files (x86)\Common Files\Ulead Systems\MPEG;C:\WINDOWS\system32;C:\WINDOWS;C:\WINDOWS\System32\Wbem;C:\WINDOWS\System32\WindowsPowerShell\v1.0\;C:\Program Files (x86)\Skype\Phone\;C:\Program Files (x86)\Windows Live\Shared;C:\Program Files\Intel\WiFi\bin\;C:\Program Files\Common Files\Intel\WirelessCommon\;D:\Android\sdk\platform-tools;D:\Android\sdk\tools
USERNAME=user
OS=Windows_NT
PROCESSOR_IDENTIFIER=Intel64 Family 6 Model 58 Stepping 9, GenuineIntel



---------------  S Y S T E M  ---------------

OS: Windows 10.0 , 64 bit Build 10240 (10.0.10240.16384)

CPU:total 8 (4 cores per cpu, 2 threads per core) family 6 model 58 stepping 9, cmov, cx8, fxsr, mmx, sse, sse2, sse3, ssse3, sse4.1, sse4.2, popcnt, avx, aes, clmul, erms, ht, tsc, tscinvbit, tscinv

Memory: 4k page, physical 8281400k(1728864k free), swap 12475704k(5536k free)

vm_info: Java HotSpot(TM) 64-Bit Server VM (25.65-b01) for windows-amd64 JRE (1.8.0_65-b17), built on Oct  6 2015 16:39:20 by "java_re" with MS VC++ 10.0 (VS2010)

time: Wed Nov 18 22:48:44 2015
elapsed time: 4 seconds (0d 0h 0m 4s)

