#
# There is insufficient memory for the Java Runtime Environment to continue.
# Native memory allocation (malloc) failed to allocate 638176 bytes for Chunk::new
# Possible reasons:
#   The system is out of physical RAM or swap space
#   In 32 bit mode, the process size limit was hit
# Possible solutions:
#   Reduce memory load on the system
#   Increase physical memory or swap space
#   Check if swap backing store is full
#   Use 64 bit Java on a 64 bit OS
#   Decrease Java heap size (-Xmx/-Xms)
#   Decrease number of Java threads
#   Decrease Java thread stack sizes (-Xss)
#   Set larger code cache with -XX:ReservedCodeCacheSize=
# This output file may be truncated or incomplete.
#
#  Out of Memory Error (allocation.cpp:390), pid=13332, tid=6568
#
# JRE version: Java(TM) SE Runtime Environment (8.0_65-b17) (build 1.8.0_65-b17)
# Java VM: Java HotSpot(TM) 64-Bit Server VM (25.65-b01 mixed mode windows-amd64 compressed oops)
# Failed to write core dump. Minidumps are not enabled by default on client versions of Windows
#

---------------  T H R E A D  ---------------

Current thread (0x000000000888f800):  JavaThread "C2 CompilerThread2" daemon [_thread_in_native, id=6568, stack(0x0000000009060000,0x0000000009160000)]

Stack: [0x0000000009060000,0x0000000009160000]
[error occurred during error reporting (printing stack bounds), id 0xc0000005]

Native frames: (J=compiled Java code, j=interpreted, Vv=VM code, C=native code)


Current CompileTask:
C2:   8278 1978       4       com.android.dx.ssa.PhiTypeResolver::run (179 bytes)


---------------  P R O C E S S  ---------------

Java Threads: ( => current thread )
  0x0000000009484800 JavaThread "pool-1-thread-4" [_thread_blocked, id=9776, stack(0x000000000a060000,0x000000000a160000)]
  0x0000000008c4b000 JavaThread "pool-1-thread-3" [_thread_blocked, id=13592, stack(0x0000000009f60000,0x000000000a060000)]
  0x0000000008c48800 JavaThread "pool-1-thread-2" [_thread_blocked, id=7076, stack(0x0000000009e60000,0x0000000009f60000)]
  0x0000000008b68800 JavaThread "pool-2-thread-1" [_thread_blocked, id=8668, stack(0x0000000009d60000,0x0000000009e60000)]
  0x00000000094bb800 JavaThread "pool-1-thread-1" [_thread_in_Java, id=13520, stack(0x0000000009c60000,0x0000000009d60000)]
  0x0000000008908000 JavaThread "Service Thread" daemon [_thread_blocked, id=6600, stack(0x0000000009260000,0x0000000009360000)]
  0x00000000088e1800 JavaThread "C1 CompilerThread3" daemon [_thread_blocked, id=6344, stack(0x0000000009160000,0x0000000009260000)]
=>0x000000000888f800 JavaThread "C2 CompilerThread2" daemon [_thread_in_native, id=6568, stack(0x0000000009060000,0x0000000009160000)]
  0x000000000888d800 JavaThread "C2 CompilerThread1" daemon [_thread_in_native, id=12988, stack(0x0000000008f60000,0x0000000009060000)]
  0x000000000888a800 JavaThread "C2 CompilerThread0" daemon [_thread_in_native, id=8420, stack(0x0000000008e60000,0x0000000008f60000)]
  0x0000000008887800 JavaThread "Attach Listener" daemon [_thread_blocked, id=788, stack(0x0000000008d60000,0x0000000008e60000)]
  0x0000000008886800 JavaThread "Signal Dispatcher" daemon [_thread_blocked, id=1736, stack(0x0000000008c60000,0x0000000008d60000)]
  0x0000000002c49000 JavaThread "Finalizer" daemon [_thread_blocked, id=12284, stack(0x0000000008660000,0x0000000008760000)]
  0x000000000676d000 JavaThread "Reference Handler" daemon [_thread_blocked, id=12244, stack(0x0000000008560000,0x0000000008660000)]
  0x0000000002b4d800 JavaThread "main" [_thread_blocked, id=2564, stack(0x00000000029f0000,0x0000000002af0000)]

Other Threads:
  0x0000000006768800 VMThread [stack: 0x0000000008460000,0x0000000008560000] [id=4408]
  0x0000000008911000 WatcherThread [stack: 0x0000000009360000,0x0000000009460000] [id=11412]

VM state:not at safepoint (normal execution)

VM Mutex/Monitor currently owned by a thread: None

Heap:
 PSYoungGen      total 71680K, used 34917K [0x00000000eab00000, 0x00000000f3700000, 0x0000000100000000)
  eden space 66560K, 44% used [0x00000000eab00000,0x00000000ec820bf0,0x00000000eec00000)
  from space 5120K, 99% used [0x00000000eec00000,0x00000000ef0f8ad8,0x00000000ef100000)
  to   space 5120K, 0% used [0x00000000f3200000,0x00000000f3200000,0x00000000f3700000)
 ParOldGen       total 87552K, used 16021K [0x00000000c0000000, 0x00000000c5580000, 0x00000000eab00000)
  object space 87552K, 18% used [0x00000000c0000000,0x00000000c0fa5750,0x00000000c5580000)
 Metaspace       used 6400K, capacity 7192K, committed 7424K, reserved 1056768K
  class space    used 624K, capacity 656K, committed 768K, reserved 1048576K

Card table byte_map: [0x0000000003010000,0x0000000003220000] byte_map_base: 0x0000000002a10000

Marking Bits: (ParMarkBitMap*) 0x00000000686ca5b0
 Begin Bits: [0x0000000003b80000, 0x0000000004b80000)
 End Bits:   [0x0000000004b80000, 0x0000000005b80000)

Polling page: 0x0000000002af0000

CodeCache: size=245760Kb used=9599Kb max_used=9603Kb free=236160Kb
 bounds [0x000000000f010000, 0x000000000f980000, 0x000000001e010000]
 total_blobs=2251 nmethods=1980 adapters=182
 compilation: enabled

Compilation events (10 events):
Event: 8.248 Thread 0x000000000888a800 nmethod 1975 0x000000000f832e90 code [0x000000000f832fc0, 0x000000000f833058]
Event: 8.248 Thread 0x000000000888a800 1983       4       com.android.dx.ssa.LocalVariableInfo::mergeStarts (59 bytes)
Event: 8.253 Thread 0x00000000088e1800 1988       1       com.android.dx.rop.cst.CstType::getType (4 bytes)
Event: 8.253 Thread 0x00000000088e1800 nmethod 1988 0x000000000f900a50 code [0x000000000f900ba0, 0x000000000f900cb0]
Event: 8.261 Thread 0x00000000088e1800 1993       3       java.util.BitSet::trimToSize (32 bytes)
Event: 8.261 Thread 0x00000000088e1800 nmethod 1993 0x000000000f97aa50 code [0x000000000f97abe0, 0x000000000f97b018]
Event: 8.262 Thread 0x00000000088e1800 1994       3       com.android.dx.rop.code.RegisterSpecSet::get (9 bytes)
Event: 8.262 Thread 0x00000000088e1800 nmethod 1994 0x000000000f97a2d0 code [0x000000000f97a460, 0x000000000f97a828]
Event: 8.265 Thread 0x00000000088e1800 1997       3       sun.util.calendar.ZoneInfo::getTransitionIndex (156 bytes)
Event: 8.265 Thread 0x00000000088e1800 nmethod 1997 0x000000000f9798d0 code [0x000000000f979a60, 0x000000000f979f30]

GC Heap History (6 events):
Event: 1.153 GC heap before
{Heap before GC invocations=1 (full 0):
 PSYoungGen      total 38400K, used 33280K [0x00000000eab00000, 0x00000000ed580000, 0x0000000100000000)
  eden space 33280K, 100% used [0x00000000eab00000,0x00000000ecb80000,0x00000000ecb80000)
  from space 5120K, 0% used [0x00000000ed080000,0x00000000ed080000,0x00000000ed580000)
  to   space 5120K, 0% used [0x00000000ecb80000,0x00000000ecb80000,0x00000000ed080000)
 ParOldGen       total 87552K, used 0K [0x00000000c0000000, 0x00000000c5580000, 0x00000000eab00000)
  object space 87552K, 0% used [0x00000000c0000000,0x00000000c0000000,0x00000000c5580000)
 Metaspace       used 5989K, capacity 6896K, committed 7040K, reserved 1056768K
  class space    used 602K, capacity 616K, committed 640K, reserved 1048576K
Event: 1.165 GC heap after
Heap after GC invocations=1 (full 0):
 PSYoungGen      total 38400K, used 5105K [0x00000000eab00000, 0x00000000ef600000, 0x0000000100000000)
  eden space 33280K, 0% used [0x00000000eab00000,0x00000000eab00000,0x00000000ecb80000)
  from space 5120K, 99% used [0x00000000ecb80000,0x00000000ed07c480,0x00000000ed080000)
  to   space 5120K, 0% used [0x00000000ef100000,0x00000000ef100000,0x00000000ef600000)
 ParOldGen       total 87552K, used 1553K [0x00000000c0000000, 0x00000000c5580000, 0x00000000eab00000)
  object space 87552K, 1% used [0x00000000c0000000,0x00000000c0184478,0x00000000c5580000)
 Metaspace       used 5989K, capacity 6896K, committed 7040K, reserved 1056768K
  class space    used 602K, capacity 616K, committed 640K, reserved 1048576K
}
Event: 3.909 GC heap before
{Heap before GC invocations=2 (full 0):
 PSYoungGen      total 38400K, used 38385K [0x00000000eab00000, 0x00000000ef600000, 0x0000000100000000)
  eden space 33280K, 100% used [0x00000000eab00000,0x00000000ecb80000,0x00000000ecb80000)
  from space 5120K, 99% used [0x00000000ecb80000,0x00000000ed07c480,0x00000000ed080000)
  to   space 5120K, 0% used [0x00000000ef100000,0x00000000ef100000,0x00000000ef600000)
 ParOldGen       total 87552K, used 1553K [0x00000000c0000000, 0x00000000c5580000, 0x00000000eab00000)
  object space 87552K, 1% used [0x00000000c0000000,0x00000000c0184478,0x00000000c5580000)
 Metaspace       used 6212K, capacity 7088K, committed 7296K, reserved 1056768K
  class space    used 603K, capacity 616K, committed 640K, reserved 1048576K
Event: 4.387 GC heap after
Heap after GC invocations=2 (full 0):
 PSYoungGen      total 71680K, used 5104K [0x00000000eab00000, 0x00000000ef600000, 0x0000000100000000)
  eden space 66560K, 0% used [0x00000000eab00000,0x00000000eab00000,0x00000000eec00000)
  from space 5120K, 99% used [0x00000000ef100000,0x00000000ef5fc380,0x00000000ef600000)
  to   space 5120K, 0% used [0x00000000eec00000,0x00000000eec00000,0x00000000ef100000)
 ParOldGen       total 87552K, used 5575K [0x00000000c0000000, 0x00000000c5580000, 0x00000000eab00000)
  object space 87552K, 6% used [0x00000000c0000000,0x00000000c0571e80,0x00000000c5580000)
 Metaspace       used 6212K, capacity 7088K, committed 7296K, reserved 1056768K
  class space    used 603K, capacity 616K, committed 640K, reserved 1048576K
}
Event: 7.797 GC heap before
{Heap before GC invocations=3 (full 0):
 PSYoungGen      total 71680K, used 71664K [0x00000000eab00000, 0x00000000ef600000, 0x0000000100000000)
  eden space 66560K, 100% used [0x00000000eab00000,0x00000000eec00000,0x00000000eec00000)
  from space 5120K, 99% used [0x00000000ef100000,0x00000000ef5fc380,0x00000000ef600000)
  to   space 5120K, 0% used [0x00000000eec00000,0x00000000eec00000,0x00000000ef100000)
 ParOldGen       total 87552K, used 5575K [0x00000000c0000000, 0x00000000c5580000, 0x00000000eab00000)
  object space 87552K, 6% used [0x00000000c0000000,0x00000000c0571e80,0x00000000c5580000)
 Metaspace       used 6306K, capacity 7152K, committed 7296K, reserved 1056768K
  class space    used 603K, capacity 616K, committed 640K, reserved 1048576K
Event: 7.905 GC heap after
Heap after GC invocations=3 (full 0):
 PSYoungGen      total 71680K, used 5090K [0x00000000eab00000, 0x00000000f3700000, 0x0000000100000000)
  eden space 66560K, 0% used [0x00000000eab00000,0x00000000eab00000,0x00000000eec00000)
  from space 5120K, 99% used [0x00000000eec00000,0x00000000ef0f8ad8,0x00000000ef100000)
  to   space 5120K, 0% used [0x00000000f3200000,0x00000000f3200000,0x00000000f3700000)
 ParOldGen       total 87552K, used 16021K [0x00000000c0000000, 0x00000000c5580000, 0x00000000eab00000)
  object space 87552K, 18% used [0x00000000c0000000,0x00000000c0fa5750,0x00000000c5580000)
 Metaspace       used 6306K, capacity 7152K, committed 7296K, reserved 1056768K
  class space    used 603K, capacity 616K, committed 640K, reserved 1048576K
}

Deoptimization events (10 events):
Event: 8.197 Thread 0x00000000094bb800 Uncommon trap: reason=unstable_if action=reinterpret pc=0x000000000f8c52a8 method=com.android.dx.ssa.InterferenceRegisterMapper.interferes(III)Z @ 69
Event: 8.200 Thread 0x00000000094bb800 Uncommon trap: reason=class_check action=maybe_recompile pc=0x000000000f5b6324 method=com.android.dx.rop.code.RegisterSpec.withSimpleType()Lcom/android/dx/rop/code/RegisterSpec; @ 21
Event: 8.201 Thread 0x00000000094bb800 Uncommon trap: reason=bimorphic action=maybe_recompile pc=0x000000000f675b54 method=com.android.dx.ssa.SCCP.simulatePhi(Lcom/android/dx/ssa/PhiInsn;)V @ 124
Event: 8.215 Thread 0x0000000008c4b000 Uncommon trap: reason=class_check action=maybe_recompile pc=0x000000000f5b6324 method=com.android.dx.rop.code.RegisterSpec.withSimpleType()Lcom/android/dx/rop/code/RegisterSpec; @ 21
Event: 8.216 Thread 0x0000000009484800 Uncommon trap: reason=bimorphic action=maybe_recompile pc=0x000000000f5dd4d0 method=com.android.dx.ssa.LiteralOpUpgrader.tryReplacingWithConstant(Lcom/android/dx/ssa/NormalSsaInsn;)Z @ 62
Event: 8.216 Thread 0x0000000009484800 Uncommon trap: reason=unstable_if action=reinterpret pc=0x000000000f8db600 method=com.android.dx.ssa.LiteralOpUpgrader$1.visitNonMoveInsn(Lcom/android/dx/ssa/NormalSsaInsn;)V @ 24
Event: 8.217 Thread 0x0000000009484800 Uncommon trap: reason=unstable_if action=reinterpret pc=0x000000000f2fdb54 method=java.util.HashMap.putVal(ILjava/lang/Object;Ljava/lang/Object;ZZ)Ljava/lang/Object; @ 162
Event: 8.238 Thread 0x00000000094bb800 Uncommon trap: reason=unstable_if action=reinterpret pc=0x000000000f732a34 method=com.android.dx.rop.code.BasicBlockList.preferredSuccessorOf(Lcom/android/dx/rop/code/BasicBlock;)Lcom/android/dx/rop/code/BasicBlock; @ 58
Event: 8.257 Thread 0x00000000094bb800 Uncommon trap: reason=class_check action=maybe_recompile pc=0x000000000f8ced04 method=com.android.dx.ssa.SCCP.replaceConstants()V @ 182
Event: 8.263 Thread 0x00000000094bb800 Uncommon trap: reason=class_check action=maybe_recompile pc=0x000000000f8ced04 method=com.android.dx.ssa.SCCP.replaceConstants()V @ 182

Internal exceptions (5 events):
Event: 0.041 Thread 0x0000000002b4d800 Exception <a 'java/lang/NoSuchMethodError': Method sun.misc.Unsafe.defineClass(Ljava/lang/String;[BII)Ljava/lang/Class; name or signature does not match> (0x00000000eab12e90) thrown at [C:\workspace\8-2-build-windows-amd64-cygwin\jdk8u65\4987\hotspot\src\sŒødG¥?
Event: 0.042 Thread 0x0000000002b4d800 Exception <a 'java/lang/NoSuchMethodError': Method sun.misc.Unsafe.prefetchRead(Ljava/lang/Object;J)V name or signature does not match> (0x00000000eab13178) thrown at [C:\workspace\8-2-build-windows-amd64-cygwin\jdk8u65\4987\hotspot\src\share\vm\prims\jni.²ò±ÄOp @
Event: 8.219 Thread 0x0000000009484800 Exception <a 'java/lang/ArrayIndexOutOfBoundsException': 18> (0x00000000eb88ebb0) thrown at [C:\workspace\8-2-build-windows-amd64-cygwin\jdk8u65\4987\hotspot\src\share\vm\interpreter\interpreterRuntime.cpp, line 366]
Event: 8.220 Thread 0x0000000009484800 Exception <a 'java/lang/ArrayIndexOutOfBoundsException'> (0x00000000eb890730) thrown at [C:\workspace\8-2-build-windows-amd64-cygwin\jdk8u65\4987\hotspot\src\share\vm\runtime\sharedRuntime.cpp, line 605]
Event: 8.221 Thread 0x0000000009484800 Exception <a 'java/lang/ArrayIndexOutOfBoundsException'> (0x00000000eb891a18) thrown at [C:\workspace\8-2-build-windows-amd64-cygwin\jdk8u65\4987\hotspot\src\share\vm\runtime\sharedRuntime.cpp, line 605]

Events (10 events):
Event: 8.237 Thread 0x00000000094bb800 DEOPT UNPACKING pc=0x000000000f05787f sp=0x0000000009d5e4a0 mode 0
Event: 8.238 Thread 0x00000000094bb800 Uncommon trap: trap_request=0xffffff65 fr.pc=0x000000000f732a34
Event: 8.238 Thread 0x00000000094bb800 DEOPT PACKING pc=0x000000000f732a34 sp=0x0000000009d5ea70
Event: 8.238 Thread 0x00000000094bb800 DEOPT UNPACKING pc=0x000000000f05582a sp=0x0000000009d5e9f8 mode 2
Event: 8.257 Thread 0x00000000094bb800 Uncommon trap: trap_request=0xffffffde fr.pc=0x000000000f8ced04
Event: 8.257 Thread 0x00000000094bb800 DEOPT PACKING pc=0x000000000f8ced04 sp=0x0000000009d5e9c0
Event: 8.257 Thread 0x00000000094bb800 DEOPT UNPACKING pc=0x000000000f05582a sp=0x0000000009d5e8c8 mode 2
Event: 8.263 Thread 0x00000000094bb800 Uncommon trap: trap_request=0xffffffde fr.pc=0x000000000f8ced04
Event: 8.263 Thread 0x00000000094bb800 DEOPT PACKING pc=0x000000000f8ced04 sp=0x0000000009d5e910
Event: 8.263 Thread 0x00000000094bb800 DEOPT UNPACKING pc=0x000000000f05582a sp=0x0000000009d5e818 mode 2


Dynamic libraries:
0x00007ff6f00c0000 - 0x00007ff6f00f7000 	D:\Program Files\Java\jdk1.8.0_65\bin\java.exe
0x00007ffa66390000 - 0x00007ffa66551000 	C:\WINDOWS\SYSTEM32\ntdll.dll
0x00007ffa63aa0000 - 0x00007ffa63b4d000 	C:\WINDOWS\system32\KERNEL32.DLL
0x00007ffa63860000 - 0x00007ffa63a3d000 	C:\WINDOWS\system32\KERNELBASE.dll
0x00007ffa662e0000 - 0x00007ffa66386000 	C:\WINDOWS\system32\ADVAPI32.dll
0x00007ffa64030000 - 0x00007ffa640cd000 	C:\WINDOWS\system32\msvcrt.dll
0x00007ffa640d0000 - 0x00007ffa6412b000 	C:\WINDOWS\system32\sechost.dll
0x00007ffa65ac0000 - 0x00007ffa65be6000 	C:\WINDOWS\system32\RPCRT4.dll
0x00007ffa64420000 - 0x00007ffa6456e000 	C:\WINDOWS\system32\USER32.dll
0x00007ffa63d20000 - 0x00007ffa63ea6000 	C:\WINDOWS\system32\GDI32.dll
0x00007ffa5d740000 - 0x00007ffa5d9b4000 	C:\WINDOWS\WinSxS\amd64_microsoft.windows.common-controls_6595b64144ccf1df_6.0.10240.16384_none_f41f7b285750ef43\COMCTL32.dll
0x00007ffa662a0000 - 0x00007ffa662d6000 	C:\WINDOWS\system32\IMM32.DLL
0x00007ffa63ed0000 - 0x00007ffa6402c000 	C:\WINDOWS\system32\MSCTF.dll
0x00007ffa627e0000 - 0x00007ffa62811000 	C:\Windows\system32\nvinitx.dll
0x00007ffa62380000 - 0x00007ffa6238a000 	C:\WINDOWS\SYSTEM32\VERSION.dll
0x000000000f000000 - 0x000000000f006000 	C:\Program Files\NVIDIA Corporation\CoProcManager\_etoured.dll
0x00007ffa61490000 - 0x00007ffa614c2000 	C:\Program Files\NVIDIA Corporation\CoProcManager\nvd3d9wrapx.dll
0x00007ffa63b50000 - 0x00007ffa63d15000 	C:\WINDOWS\system32\SETUPAPI.dll
0x00007ffa630c0000 - 0x00007ffa63104000 	C:\WINDOWS\system32\CFGMGR32.dll
0x00007ffa60ca0000 - 0x00007ffa60cc2000 	C:\Program Files\NVIDIA Corporation\CoProcManager\nvdxgiwrapx.dll
0x0000000068750000 - 0x0000000068822000 	D:\Program Files\Java\jdk1.8.0_65\jre\bin\msvcr100.dll
0x0000000067ec0000 - 0x0000000068749000 	D:\Program Files\Java\jdk1.8.0_65\jre\bin\server\jvm.dll
0x00007ffa65ab0000 - 0x00007ffa65ab8000 	C:\WINDOWS\system32\PSAPI.DLL
0x00007ffa57850000 - 0x00007ffa57859000 	C:\WINDOWS\SYSTEM32\WSOCK32.dll
0x00007ffa643b0000 - 0x00007ffa64419000 	C:\WINDOWS\system32\WS2_32.dll
0x00007ffa64570000 - 0x00007ffa64578000 	C:\WINDOWS\system32\NSI.dll
0x00007ffa60a00000 - 0x00007ffa60a23000 	C:\WINDOWS\SYSTEM32\WINMM.dll
0x00007ffa60880000 - 0x00007ffa608ac000 	C:\WINDOWS\SYSTEM32\WINMMBASE.dll
0x00007ffa61620000 - 0x00007ffa61647000 	C:\WINDOWS\SYSTEM32\DEVOBJ.dll
0x00000000695a0000 - 0x00000000695af000 	D:\Program Files\Java\jdk1.8.0_65\jre\bin\verify.dll
0x0000000067e90000 - 0x0000000067eb9000 	D:\Program Files\Java\jdk1.8.0_65\jre\bin\java.dll
0x0000000067e70000 - 0x0000000067e86000 	D:\Program Files\Java\jdk1.8.0_65\jre\bin\zip.dll
0x00007ffa64580000 - 0x00007ffa65aa2000 	C:\WINDOWS\system32\SHELL32.dll
0x00007ffa63110000 - 0x00007ffa63738000 	C:\WINDOWS\system32\windows.storage.dll
0x00007ffa66020000 - 0x00007ffa6629c000 	C:\WINDOWS\system32\combase.dll
0x00007ffa641a0000 - 0x00007ffa641f1000 	C:\WINDOWS\system32\shlwapi.dll
0x00007ffa62de0000 - 0x00007ffa62def000 	C:\WINDOWS\system32\kernel.appcore.dll
0x00007ffa63740000 - 0x00007ffa637f3000 	C:\WINDOWS\system32\shcore.dll
0x00007ffa62df0000 - 0x00007ffa62e3a000 	C:\WINDOWS\system32\powrprof.dll
0x00007ffa62da0000 - 0x00007ffa62db3000 	C:\WINDOWS\system32\profapi.dll

VM Arguments:
jvm_args: -Xmx1024M -Dfile.encoding=windows-1251 -Duser.country=RU -Duser.language=ru -Duser.variant 
java_command: com.android.dx.command.Main --dex --num-threads=4 --output D:\AndroidStudioProjects\WeatherApp\app\build\intermediates\pre-dexed\debug\classes-174d9dd1b08b4d1ef8be3f511fc6b30414fab794.jar D:\AndroidStudioProjects\WeatherApp\app\build\intermediates\exploded-aar\com.android.support\appcompat-v7\23.1.0\jars\classes.jar
java_class_path (initial): D:\Android\sdk\build-tools\23.0.2\lib\dx.jar
Launcher Type: SUN_STANDARD

Environment Variables:
JAVA_HOME=D:\Program Files\Java\jdk1.8.0_66
PATH=D:\watcom-1.3\binnt;D:\watcom-1.3\binw;C:\ProgramData\Oracle\Java\javapath;C:\Program Files (x86)\HP SimplePass\;C:\Program Files (x86)\Intel\iCLS Client\;C:\Program Files\Intel\iCLS Client\;C:\Windows\system32;C:\Windows;C:\Windows\System32\Wbem;C:\Windows\System32\WindowsPowerShell\v1.0\;C:\Program Files\Intel\Intel(R) Management Engine Components\DAL;C:\Program Files\Intel\Intel(R) Management Engine Components\IPT;C:\Program Files (x86)\Intel\Intel(R) Management Engine Components\DAL;C:\Program Files (x86)\Intel\Intel(R) Management Engine Components\IPT;C:\Program Files (x86)\Intel\OpenCL SDK\2.0\bin\x86;C:\Program Files (x86)\Intel\OpenCL SDK\2.0\bin\x64;C:\Program Files\Intel\WiFi\bin\;C:\Program Files\Common Files\Intel\WirelessCommon\;C:\Program Files (x86)\Microsoft SQL Server\100\Tools\Binn\;C:\Program Files\Microsoft SQL Server\100\Tools\Binn\;C:\Program Files\Microsoft SQL Server\100\DTS\Binn\;D:\Program Files (x86)\MiKTeX 2.9\miktex\bin\;D:\Program Files\MATLAB\R2008b\bin;D:\Program Files\MATLAB\R2008b\bin\win64;C:\Program Files (x86)\Common Files\Ulead Systems\MPEG;C:\WINDOWS\system32;C:\WINDOWS;C:\WINDOWS\System32\Wbem;C:\WINDOWS\System32\WindowsPowerShell\v1.0\;C:\Program Files (x86)\Skype\Phone\;C:\Program Files (x86)\Windows Live\Shared;C:\Program Files\Intel\WiFi\bin\;C:\Program Files\Common Files\Intel\WirelessCommon\;D:\Android\sdk\platform-tools;D:\Android\sdk\tools
USERNAME=user
OS=Windows_NT
PROCESSOR_IDENTIFIER=Intel64 Family 6 Model 58 Stepping 9, GenuineIntel



---------------  S Y S T E M  ---------------

OS: Windows 10.0 , 64 bit Build 10240 (10.0.10240.16384)

CPU:total 8 (4 cores per cpu, 2 threads per core) family 6 model 58 stepping 9, cmov, cx8, fxsr, mmx, sse, sse2, sse3, ssse3, sse4.1, sse4.2, popcnt, avx, aes, clmul, erms, ht, tsc, tscinvbit, tscinv

Memory: 4k page, physical 8281400k(1895004k free), swap 12475704k(5344k free)

vm_info: Java HotSpot(TM) 64-Bit Server VM (25.65-b01) for windows-amd64 JRE (1.8.0_65-b17), built on Oct  6 2015 16:39:20 by "java_re" with MS VC++ 10.0 (VS2010)

time: Wed Nov 18 21:40:16 2015
elapsed time: 8 seconds (0d 0h 0m 8s)

